<?xml version="1.0" encoding="UTF-8" standalone="no"?><testsuite errors="0" failures="1" name="Search Functionality on UI-Testing" skipped="0" tests="4" time="104.1" timestamp="2025-01-02 10:42:47"><testcase name="Searching for a single product"/><testcase name="Searching for a product with multiple keywords"/><testcase name="Searching for a product with special characters"/><testcase name="Searching for a non-existent product"><failure type="java.lang.AssertionError"/><system-err>null&#13;
steps.SearchSteps.verifyNoResults(SearchSteps.java:35)&#13;
âœ½.I should see a message indicating no search results were found(file:///D:/L4/L4S1/ITQA/IT-Quality-Assurance-Assignment/IT-Quality-Assurance-Assignment-UI-Testing/src/test/resources/features/search.feature:21)&#13;
</system-err></testcase></testsuite>