<?xml version="1.0" encoding="UTF-8" standalone="no"?><testsuite errors="0" failures="1" name="Search Functionality on UI-Testing" skipped="0" tests="5" time="62.42" timestamp="2025-01-02 01:01:12"><testcase name="Searching for a single product"/><testcase name="Searching for a product with multiple keywords"/><testcase name="Searching for a product with special characters"/><testcase name="Searching for a non-existent product"/><testcase name="Searching for only special Characters"><failure type="java.lang.AssertionError"/><system-err>null
steps.SearchSteps.verifyNoResults(SearchSteps.java:47)
âœ½.I should see a message indicating no search results were found(file:///Users/udanakodikara/Documents/UOM/Level%204/ITQA/Group%20Project/Main%20Project/IT-Quality-Assurance-Assignment/IT-Quality-Assurance-Assignment-UI-Testing/src/test/resources/features/search.feature:26)
</system-err></testcase></testsuite>