<?xml version="1.0" encoding="UTF-8"?>
<testsuite xmlns:xsi="http://www.w3.org/2001/XMLSchema-instance" xsi:noNamespaceSchemaLocation="https://maven.apache.org/surefire/maven-surefire-plugin/xsd/surefire-test-report-3.0.xsd" version="3.0" name="runner.CucumberTest" time="595.956" tests="4" errors="0" skipped="0" failures="0">
  <properties>
[...]
</properties>
  <testcase name="Searching for a single product" classname="Search Functionality on Daraz.lk" time="174.966">
    <system-out><![CDATA[03:01:40.604 [main] DEBUG io.cucumber.core.plugin.SerenityReporter -- Running feature from file:///Users/udanakodikara/Documents/UOM/Level%204/ITQA/Group%20Project/Main%20Project/IT-Quality-Assurance-Assignment/src/test/resources/features/search.feature
03:01:40.632 [main] INFO  -- 

-------------------------------------------------------------------------------------
     _______. _______ .______       _______ .__   __.  __  .___________.____    ____ 
    /       ||   ____||   _  \     |   ____||  \ |  | |  | |           |\   \  /   / 
   |   (----`|  |__   |  |_)  |    |  |__   |   \|  | |  | `---|  |----` \   \/   /  
    \   \    |   __|  |      /     |   __|  |  . `  | |  |     |  |       \_    _/   
.----)   |   |  |____ |  |\  \----.|  |____ |  |\   | |  |     |  |         |  |     
|_______/    |_______|| _| `._____||_______||__| \__| |__|     |__|         |__|    
                                                                                     
 News and tutorials at https://serenity-bdd.info                                     
 Documentation at https://serenity-bdd.github.io                                     
 Test Automation Training and Coaching: https://www.serenity-dojo.com                
 Commercial Support: https://www.serenity-dojo.com/serenity-bdd-enterprise-support   
 Join the Serenity Community on Gitter: https://gitter.im/serenity-bdd/serenity-core 
-------------------------------------------------------------------------------------

03:01:40.637 [main] DEBUG net.thucydides.core.steps.StepEventBus -- Test suite started for story net.thucydides.model.domain.Story@3f4cb500
03:01:40.638 [main] INFO  -- Test Suite Started: Search Functionality on Daraz.lk
03:01:40.697 [main] DEBUG io.cucumber.core.plugin.SerenityReporter -- Running feature from file:///Users/udanakodikara/Documents/UOM/Level%204/ITQA/Group%20Project/Main%20Project/IT-Quality-Assurance-Assignment/src/test/resources/features/search.feature
03:01:40.698 [main] DEBUG net.thucydides.core.steps.StepEventBus -- Test suite started for story net.thucydides.model.domain.Story@3f4cb500
03:01:40.698 [main] INFO  -- Test Suite Started: Search Functionality on Daraz.lk

Scenario: Searching for a single product               &amp#27;[90m# src/test/resources/features/search.feature:3&amp#27;[0m
03:01:40.740 [main] DEBUG io.cucumber.core.plugin.SerenityReporter -- Running feature from file:///Users/udanakodikara/Documents/UOM/Level%204/ITQA/Group%20Project/Main%20Project/IT-Quality-Assurance-Assignment/src/test/resources/features/search.feature
03:01:40.746 [main] INFO  -- 
  _____   ___   ___   _____     ___   _____     _     ___   _____   ___   ___  
 |_   _| | __| / __| |_   _|   / __| |_   _|   /_\   | _ \ |_   _| | __| |   \ 
   | |   | _|  \__ \   | |     \__ \   | |    / _ \  |   /   | |   | _|  | |) |
   |_|   |___| |___/   |_|     |___/   |_|   /_/ \_\ |_|_\   |_|   |___| |___/ 

Searching for a single product(search-functionality-on-daraz.lk;searching-for-a-single-product)
--------------------------------------------------------------------------------
03:01:41.123 [main] INFO net.serenitybdd.core.webdriver.driverproviders.ChromeDriverProvider -- Starting Chrome driver instance with capabilities:
03:01:41.124 [main] INFO net.serenitybdd.core.webdriver.driverproviders.ChromeDriverProvider -- Capabilities {acceptInsecureCerts: false, browserName: chrome, goog:chromeOptions: {args: [remote-allow-origins=*], extensions: []}}
  &amp#27;[32mGiven &amp#27;[0m&amp#27;[32mI open the Daraz.lk homepage&amp#27;[0m                   &amp#27;[90m# steps.SearchSteps.i_open_the_daraz_lk_homepage()&amp#27;[0m
03:03:08.052 [main] DEBUG net.serenitybdd.core.photography.Darkroom -- Opening darkroom
03:03:08.052 [Darkroom Processing Line] DEBUG net.serenitybdd.core.photography.DarkroomProcessingLine -- Darkroom processing line starting up
03:03:08.805 [main] DEBUG net.serenitybdd.core.photography.Darkroom -- Send negative for processing for /Users/udanakodikara/Documents/UOM/Level 4/ITQA/Group Project/Main Project/IT-Quality-Assurance-Assignment/target/site/serenity/ba31045bb53d19a90f297a894da97df735fe824d9b99db6424444241c08cd389.png
03:03:08.806 [Darkroom Processing Line] DEBUG net.serenitybdd.core.photography.DarkroomProcessingLine -- Processing screenshot image in /var/screenshots/screenshot-13246431638421840720
03:03:08.806 [Darkroom Processing Line] DEBUG net.serenitybdd.core.photography.DarkroomProcessingLine -- Saving screenshot to /Users/udanakodikara/Documents/UOM/Level 4/ITQA/Group Project/Main Project/IT-Quality-Assurance-Assignment/target/site/serenity/ba31045bb53d19a90f297a894da97df735fe824d9b99db6424444241c08cd389.png
  &amp#27;[32mWhen &amp#27;[0m&amp#27;[32mI search for &amp#27;[0m&amp#27;[32m&amp#27;[1m"laptop"&amp#27;[0m                           &amp#27;[90m# steps.SearchSteps.i_search_for(java.lang.String)&amp#27;[0m
03:04:34.908 [main] DEBUG net.serenitybdd.core.photography.Darkroom -- Send negative for processing for /Users/udanakodikara/Documents/UOM/Level 4/ITQA/Group Project/Main Project/IT-Quality-Assurance-Assignment/target/site/serenity/3edfb091e21cfcc823d5e6a9994e08ba28d4727aaeb85cda66657fbb188bda48.png
03:04:34.909 [Darkroom Processing Line] DEBUG net.serenitybdd.core.photography.DarkroomProcessingLine -- Processing screenshot image in /var/screenshots/screenshot-7431477294399436585
03:04:34.910 [Darkroom Processing Line] DEBUG net.serenitybdd.core.photography.DarkroomProcessingLine -- Saving screenshot to /Users/udanakodikara/Documents/UOM/Level 4/ITQA/Group Project/Main Project/IT-Quality-Assurance-Assignment/target/site/serenity/3edfb091e21cfcc823d5e6a9994e08ba28d4727aaeb85cda66657fbb188bda48.png
  &amp#27;[32mThen &amp#27;[0m&amp#27;[32mI should see search results related to &amp#27;[0m&amp#27;[32m&amp#27;[1m"laptop"&amp#27;[0m &amp#27;[90m# steps.SearchSteps.i_should_see_search_results_related_to(java.lang.String)&amp#27;[0m
03:04:35.343 [main] DEBUG net.serenitybdd.core.photography.Darkroom -- Send negative for processing for /Users/udanakodikara/Documents/UOM/Level 4/ITQA/Group Project/Main Project/IT-Quality-Assurance-Assignment/target/site/serenity/3edfb091e21cfcc823d5e6a9994e08ba28d4727aaeb85cda66657fbb188bda48.png
03:04:35.366 [main] INFO  -- 
  _____   ___   ___   _____     ___     _     ___   ___   ___   ___  
 |_   _| | __| / __| |_   _|   | _ \   /_\   / __| / __| | __| |   \ 
   | |   | _|  \__ \   | |     |  _/  / _ \  \__ \ \__ \ | _|  | |) |
   |_|   |___| |___/   |_|     |_|   /_/ \_\ |___/ |___/ |___| |___/ 

Searching for a single product
----------------------------------------------------------------------
]]></system-out>
    <system-err><![CDATA[SLF4J(I): Connected with provider of type [ch.qos.logback.classic.spi.LogbackServiceProvider]
WARNING: A Java agent has been loaded dynamically (/Users/udanakodikara/.m2/repository/net/bytebuddy/byte-buddy-agent/1.15.2/byte-buddy-agent-1.15.2.jar)
WARNING: If a serviceability tool is in use, please run with -XX:+EnableDynamicAgentLoading to hide this warning
WARNING: If a serviceability tool is not in use, please run with -Djdk.instrument.traceUsage for more information
WARNING: Dynamic loading of agents will be disallowed by default in a future release
Dec 27, 2024 3:01:43 AM org.openqa.selenium.devtools.CdpVersionFinder findNearestMatch
WARNING: Unable to find an exact match for CDP version 131, returning the closest version; found: 130; Please update to a Selenium version that supports CDP version 131
]]></system-err>
  </testcase>
  <testcase name="Searching for a product with multiple keywords" classname="Search Functionality on Daraz.lk" time="144.214">
    <system-out><![CDATA[
Scenario: Searching for a product with multiple keywords      &amp#27;[90m# src/test/resources/features/search.feature:8&amp#27;[0m
03:04:35.677 [main] DEBUG io.cucumber.core.plugin.SerenityReporter -- Running feature from file:///Users/udanakodikara/Documents/UOM/Level%204/ITQA/Group%20Project/Main%20Project/IT-Quality-Assurance-Assignment/src/test/resources/features/search.feature
03:04:35.677 [main] INFO  -- 
  _____   ___   ___   _____     ___   _____     _     ___   _____   ___   ___  
 |_   _| | __| / __| |_   _|   / __| |_   _|   /_\   | _ \ |_   _| | __| |   \ 
   | |   | _|  \__ \   | |     \__ \   | |    / _ \  |   /   | |   | _|  | |) |
   |_|   |___| |___/   |_|     |___/   |_|   /_/ \_\ |_|_\   |_|   |___| |___/ 

Searching for a product with multiple keywords(search-functionality-on-daraz.lk;searching-for-a-product-with-multiple-keywords)
--------------------------------------------------------------------------------
03:04:35.739 [main] INFO net.serenitybdd.core.webdriver.driverproviders.ChromeDriverProvider -- Starting Chrome driver instance with capabilities:
03:04:35.740 [main] INFO net.serenitybdd.core.webdriver.driverproviders.ChromeDriverProvider -- Capabilities {acceptInsecureCerts: false, browserName: chrome, goog:chromeOptions: {args: [remote-allow-origins=*], extensions: []}}
  &amp#27;[32mGiven &amp#27;[0m&amp#27;[32mI open the Daraz.lk homepage&amp#27;[0m                          &amp#27;[90m# steps.SearchSteps.i_open_the_daraz_lk_homepage()&amp#27;[0m
03:05:36.665 [main] DEBUG net.serenitybdd.core.photography.Darkroom -- Send negative for processing for /Users/udanakodikara/Documents/UOM/Level 4/ITQA/Group Project/Main Project/IT-Quality-Assurance-Assignment/target/site/serenity/39175f9cadaa9f9c5719fe70ce0f3a829f18ef50e9d1d3cbed896ca25eb96341.png
03:05:36.668 [Darkroom Processing Line] DEBUG net.serenitybdd.core.photography.DarkroomProcessingLine -- Processing screenshot image in /var/screenshots/screenshot-1339563538527245002
03:05:36.669 [Darkroom Processing Line] DEBUG net.serenitybdd.core.photography.DarkroomProcessingLine -- Saving screenshot to /Users/udanakodikara/Documents/UOM/Level 4/ITQA/Group Project/Main Project/IT-Quality-Assurance-Assignment/target/site/serenity/39175f9cadaa9f9c5719fe70ce0f3a829f18ef50e9d1d3cbed896ca25eb96341.png
  &amp#27;[32mWhen &amp#27;[0m&amp#27;[32mI search for &amp#27;[0m&amp#27;[32m&amp#27;[1m"gaming laptop"&amp#27;[0m                           &amp#27;[90m# steps.SearchSteps.i_search_for(java.lang.String)&amp#27;[0m
03:06:58.964 [main] DEBUG net.serenitybdd.core.photography.Darkroom -- Send negative for processing for /Users/udanakodikara/Documents/UOM/Level 4/ITQA/Group Project/Main Project/IT-Quality-Assurance-Assignment/target/site/serenity/50bb29a7b8a396092081d45081f43924d65d30e99303e581789e9924c26d6dff.png
03:06:58.967 [Darkroom Processing Line] DEBUG net.serenitybdd.core.photography.DarkroomProcessingLine -- Processing screenshot image in /var/screenshots/screenshot-17434206839993798541
03:06:58.967 [Darkroom Processing Line] DEBUG net.serenitybdd.core.photography.DarkroomProcessingLine -- Saving screenshot to /Users/udanakodikara/Documents/UOM/Level 4/ITQA/Group Project/Main Project/IT-Quality-Assurance-Assignment/target/site/serenity/50bb29a7b8a396092081d45081f43924d65d30e99303e581789e9924c26d6dff.png
  &amp#27;[32mThen &amp#27;[0m&amp#27;[32mI should see search results related to &amp#27;[0m&amp#27;[32m&amp#27;[1m"gaming laptop"&amp#27;[0m &amp#27;[90m# steps.SearchSteps.i_should_see_search_results_related_to(java.lang.String)&amp#27;[0m
03:06:59.541 [main] DEBUG net.serenitybdd.core.photography.Darkroom -- Send negative for processing for /Users/udanakodikara/Documents/UOM/Level 4/ITQA/Group Project/Main Project/IT-Quality-Assurance-Assignment/target/site/serenity/2e4bbe822736556e5370e4635c684abf280269f45e39437ec44ce25a18eb13dd.png
03:06:59.541 [Darkroom Processing Line] DEBUG net.serenitybdd.core.photography.DarkroomProcessingLine -- Processing screenshot image in /var/screenshots/screenshot-3205405112166175561
03:06:59.541 [Darkroom Processing Line] DEBUG net.serenitybdd.core.photography.DarkroomProcessingLine -- Saving screenshot to /Users/udanakodikara/Documents/UOM/Level 4/ITQA/Group Project/Main Project/IT-Quality-Assurance-Assignment/target/site/serenity/2e4bbe822736556e5370e4635c684abf280269f45e39437ec44ce25a18eb13dd.png
03:06:59.544 [main] INFO  -- 
  _____   ___   ___   _____     ___     _     ___   ___   ___   ___  
 |_   _| | __| / __| |_   _|   | _ \   /_\   / __| / __| | __| |   \ 
   | |   | _|  \__ \   | |     |  _/  / _ \  \__ \ \__ \ | _|  | |) |
   |_|   |___| |___/   |_|     |_|   /_/ \_\ |___/ |___/ |___| |___/ 

Searching for a product with multiple keywords
----------------------------------------------------------------------
]]></system-out>
    <system-err><![CDATA[Dec 27, 2024 3:04:37 AM org.openqa.selenium.devtools.CdpVersionFinder findNearestMatch
WARNING: Unable to find an exact match for CDP version 131, returning the closest version; found: 130; Please update to a Selenium version that supports CDP version 131
]]></system-err>
  </testcase>
  <testcase name="Searching for a product with special characters" classname="Search Functionality on Daraz.lk" time="156.385">
    <system-out><![CDATA[
Scenario: Searching for a product with special characters             &amp#27;[90m# src/test/resources/features/search.feature:13&amp#27;[0m
03:06:59.891 [main] DEBUG io.cucumber.core.plugin.SerenityReporter -- Running feature from file:///Users/udanakodikara/Documents/UOM/Level%204/ITQA/Group%20Project/Main%20Project/IT-Quality-Assurance-Assignment/src/test/resources/features/search.feature
03:06:59.892 [main] INFO  -- 
  _____   ___   ___   _____     ___   _____     _     ___   _____   ___   ___  
 |_   _| | __| / __| |_   _|   / __| |_   _|   /_\   | _ \ |_   _| | __| |   \ 
   | |   | _|  \__ \   | |     \__ \   | |    / _ \  |   /   | |   | _|  | |) |
   |_|   |___| |___/   |_|     |___/   |_|   /_/ \_\ |_|_\   |_|   |___| |___/ 

Searching for a product with special characters(search-functionality-on-daraz.lk;searching-for-a-product-with-special-characters)
--------------------------------------------------------------------------------
03:06:59.926 [main] INFO net.serenitybdd.core.webdriver.driverproviders.ChromeDriverProvider -- Starting Chrome driver instance with capabilities:
03:06:59.926 [main] INFO net.serenitybdd.core.webdriver.driverproviders.ChromeDriverProvider -- Capabilities {acceptInsecureCerts: false, browserName: chrome, goog:chromeOptions: {args: [remote-allow-origins=*], extensions: []}}
  &amp#27;[32mGiven &amp#27;[0m&amp#27;[32mI open the Daraz.lk homepage&amp#27;[0m                                  &amp#27;[90m# steps.SearchSteps.i_open_the_daraz_lk_homepage()&amp#27;[0m
03:07:36.606 [main] DEBUG net.serenitybdd.core.photography.Darkroom -- Send negative for processing for /Users/udanakodikara/Documents/UOM/Level 4/ITQA/Group Project/Main Project/IT-Quality-Assurance-Assignment/target/site/serenity/376f7ba38af422aa12f09af9edc25a4490766de7a401e9ba5da6f0da63b48923.png
03:07:36.608 [Darkroom Processing Line] DEBUG net.serenitybdd.core.photography.DarkroomProcessingLine -- Processing screenshot image in /var/screenshots/screenshot-7047216151119853539
03:07:36.609 [Darkroom Processing Line] DEBUG net.serenitybdd.core.photography.DarkroomProcessingLine -- Saving screenshot to /Users/udanakodikara/Documents/UOM/Level 4/ITQA/Group Project/Main Project/IT-Quality-Assurance-Assignment/target/site/serenity/376f7ba38af422aa12f09af9edc25a4490766de7a401e9ba5da6f0da63b48923.png
  &amp#27;[32mWhen &amp#27;[0m&amp#27;[32mI search for &amp#27;[0m&amp#27;[32m&amp#27;[1m"laptop - 2022 edition"&amp#27;[0m                           &amp#27;[90m# steps.SearchSteps.i_search_for(java.lang.String)&amp#27;[0m
03:09:35.744 [main] DEBUG net.serenitybdd.core.photography.Darkroom -- Send negative for processing for /Users/udanakodikara/Documents/UOM/Level 4/ITQA/Group Project/Main Project/IT-Quality-Assurance-Assignment/target/site/serenity/eeb409c2e8aca3dc1692e119893b820ad8a2aa12d302b61b10f9d1342e4be556.png
03:09:35.745 [Darkroom Processing Line] DEBUG net.serenitybdd.core.photography.DarkroomProcessingLine -- Processing screenshot image in /var/screenshots/screenshot-15231506226152436276
03:09:35.745 [Darkroom Processing Line] DEBUG net.serenitybdd.core.photography.DarkroomProcessingLine -- Saving screenshot to /Users/udanakodikara/Documents/UOM/Level 4/ITQA/Group Project/Main Project/IT-Quality-Assurance-Assignment/target/site/serenity/eeb409c2e8aca3dc1692e119893b820ad8a2aa12d302b61b10f9d1342e4be556.png
  &amp#27;[32mThen &amp#27;[0m&amp#27;[32mI should see search results related to &amp#27;[0m&amp#27;[32m&amp#27;[1m"laptop - 2022 edition"&amp#27;[0m &amp#27;[90m# steps.SearchSteps.i_should_see_search_results_related_to(java.lang.String)&amp#27;[0m
03:09:36.025 [main] DEBUG net.serenitybdd.core.photography.Darkroom -- Send negative for processing for /Users/udanakodikara/Documents/UOM/Level 4/ITQA/Group Project/Main Project/IT-Quality-Assurance-Assignment/target/site/serenity/eeb409c2e8aca3dc1692e119893b820ad8a2aa12d302b61b10f9d1342e4be556.png
03:09:36.026 [main] INFO  -- 
  _____   ___   ___   _____     ___     _     ___   ___   ___   ___  
 |_   _| | __| / __| |_   _|   | _ \   /_\   / __| / __| | __| |   \ 
   | |   | _|  \__ \   | |     |  _/  / _ \  \__ \ \__ \ | _|  | |) |
   |_|   |___| |___/   |_|     |_|   /_/ \_\ |___/ |___/ |___| |___/ 

Searching for a product with special characters
----------------------------------------------------------------------
]]></system-out>
    <system-err><![CDATA[Dec 27, 2024 3:07:02 AM org.openqa.selenium.devtools.CdpVersionFinder findNearestMatch
WARNING: Unable to find an exact match for CDP version 131, returning the closest version; found: 130; Please update to a Selenium version that supports CDP version 131
]]></system-err>
  </testcase>
  <testcase name="Searching for a non-existent product" classname="Search Functionality on Daraz.lk" time="120.026">
    <system-out><![CDATA[
Scenario: Searching for a non-existent product                        &amp#27;[90m# src/test/resources/features/search.feature:18&amp#27;[0m
03:09:36.274 [main] DEBUG io.cucumber.core.plugin.SerenityReporter -- Running feature from file:///Users/udanakodikara/Documents/UOM/Level%204/ITQA/Group%20Project/Main%20Project/IT-Quality-Assurance-Assignment/src/test/resources/features/search.feature
03:09:36.274 [main] INFO  -- 
  _____   ___   ___   _____     ___   _____     _     ___   _____   ___   ___  
 |_   _| | __| / __| |_   _|   / __| |_   _|   /_\   | _ \ |_   _| | __| |   \ 
   | |   | _|  \__ \   | |     \__ \   | |    / _ \  |   /   | |   | _|  | |) |
   |_|   |___| |___/   |_|     |___/   |_|   /_/ \_\ |_|_\   |_|   |___| |___/ 

Searching for a non-existent product(search-functionality-on-daraz.lk;searching-for-a-non-existent-product)
--------------------------------------------------------------------------------
03:09:36.313 [main] INFO net.serenitybdd.core.webdriver.driverproviders.ChromeDriverProvider -- Starting Chrome driver instance with capabilities:
03:09:36.314 [main] INFO net.serenitybdd.core.webdriver.driverproviders.ChromeDriverProvider -- Capabilities {acceptInsecureCerts: false, browserName: chrome, goog:chromeOptions: {args: [remote-allow-origins=*], extensions: []}}
  &amp#27;[32mGiven &amp#27;[0m&amp#27;[32mI open the Daraz.lk homepage&amp#27;[0m                                  &amp#27;[90m# steps.SearchSteps.i_open_the_daraz_lk_homepage()&amp#27;[0m
03:10:26.863 [main] DEBUG net.serenitybdd.core.photography.Darkroom -- Send negative for processing for /Users/udanakodikara/Documents/UOM/Level 4/ITQA/Group Project/Main Project/IT-Quality-Assurance-Assignment/target/site/serenity/c771033b2274f6d9373f818547566f14570cfa1c40adf347c4b1b6592ce0dfbb.png
03:10:26.864 [Darkroom Processing Line] DEBUG net.serenitybdd.core.photography.DarkroomProcessingLine -- Processing screenshot image in /var/screenshots/screenshot-9796802645774468438
03:10:26.864 [Darkroom Processing Line] DEBUG net.serenitybdd.core.photography.DarkroomProcessingLine -- Saving screenshot to /Users/udanakodikara/Documents/UOM/Level 4/ITQA/Group Project/Main Project/IT-Quality-Assurance-Assignment/target/site/serenity/c771033b2274f6d9373f818547566f14570cfa1c40adf347c4b1b6592ce0dfbb.png
  &amp#27;[32mWhen &amp#27;[0m&amp#27;[32mI search for &amp#27;[0m&amp#27;[32m&amp#27;[1m"xyz123nonexistentproduct"&amp#27;[0m                        &amp#27;[90m# steps.SearchSteps.i_search_for(java.lang.String)&amp#27;[0m
03:11:35.924 [main] DEBUG net.serenitybdd.core.photography.Darkroom -- Send negative for processing for /Users/udanakodikara/Documents/UOM/Level 4/ITQA/Group Project/Main Project/IT-Quality-Assurance-Assignment/target/site/serenity/6fad6cca113a78c647e7009e619393decf39194cc5e7a5d7db5a7f50111c7840.png
03:11:35.925 [Darkroom Processing Line] DEBUG net.serenitybdd.core.photography.DarkroomProcessingLine -- Processing screenshot image in /var/screenshots/screenshot-573594620342722542
03:11:35.925 [Darkroom Processing Line] DEBUG net.serenitybdd.core.photography.DarkroomProcessingLine -- Saving screenshot to /Users/udanakodikara/Documents/UOM/Level 4/ITQA/Group Project/Main Project/IT-Quality-Assurance-Assignment/target/site/serenity/6fad6cca113a78c647e7009e619393decf39194cc5e7a5d7db5a7f50111c7840.png
  &amp#27;[32mThen &amp#27;[0m&amp#27;[32mI should see a message indicating no search results were found&amp#27;[0m &amp#27;[90m# steps.SearchSteps.i_should_see_no_results_message()&amp#27;[0m
03:11:35.953 [main] INFO  -- 
  _____   ___   ___   _____     ___     _     ___   ___   ___   ___  
 |_   _| | __| / __| |_   _|   | _ \   /_\   / __| / __| | __| |   \ 
   | |   | _|  \__ \   | |     |  _/  / _ \  \__ \ \__ \ | _|  | |) |
   |_|   |___| |___/   |_|     |_|   /_/ \_\ |___/ |___/ |___| |___/ 

Searching for a non-existent product
----------------------------------------------------------------------
]]></system-out>
    <system-err><![CDATA[Dec 27, 2024 3:09:38 AM org.openqa.selenium.devtools.CdpVersionFinder findNearestMatch
WARNING: Unable to find an exact match for CDP version 131, returning the closest version; found: 130; Please update to a Selenium version that supports CDP version 131
]]></system-err>
  </testcase>
</testsuite>