-------------------------------------------------------------------------------
Test set: runner.CucumberTest
-------------------------------------------------------------------------------
Tests run: 10, Failures: 1, Errors: 0, Skipped: 0, Time elapsed: 183.6 s <<< FAILURE! -- in runner.CucumberTest
Search Functionality on UI-Testing.Searching for only special Characters -- Time elapsed: 15.86 s <<< FAILURE!
java.lang.AssertionError
	at steps.SearchSteps.verifyNoResults(SearchSteps.java:46)
	at âœ½.I should see a message indicating no search results were found(file:///D:/L4/L4S1/ITQA/IT-Quality-Assurance-Assignment/IT-Quality-Assurance-Assignment-UI-Testing/src/test/resources/features/search.feature:26)

