-------------------------------------------------------------------------------
Test set: runner.CucumberTest
-------------------------------------------------------------------------------
Tests run: 5, Failures: 1, Errors: 0, Skipped: 0, Time elapsed: 63.47 s <<< FAILURE! -- in runner.CucumberTest
Search Functionality on UI-Testing.Searching for only special Characters -- Time elapsed: 10.74 s <<< FAILURE!
java.lang.AssertionError
	at steps.SearchSteps.verifyNoResults(SearchSteps.java:47)
	at ✽.I should see a message indicating no search results were found(file:///Users/udanakodikara/Documents/UOM/Level%204/ITQA/Group%20Project/Main%20Project/IT-Quality-Assurance-Assignment/IT-Quality-Assurance-Assignment-UI-Testing/src/test/resources/features/search.feature:26)

