<?xml version="1.0" encoding="UTF-8"?>
<testsuite xmlns:xsi="http://www.w3.org/2001/XMLSchema-instance" xsi:noNamespaceSchemaLocation="https://maven.apache.org/surefire/maven-failsafe-plugin/xsd/failsafe-test-report-3.0.xsd" version="3.0" name="runner.CucumberTest" time="63.473" tests="5" errors="0" skipped="0" failures="1">
  <properties>
[...]
</properties>
  <testcase name="Searching for a single product" classname="Search Functionality on UI-Testing" time="11.95">
    <system-out><![CDATA[01:01:12.024 [main] DEBUG io.cucumber.core.plugin.SerenityReporter -- Running feature from file:///Users/udanakodikara/Documents/UOM/Level%204/ITQA/Group%20Project/Main%20Project/IT-Quality-Assurance-Assignment/IT-Quality-Assurance-Assignment-UI-Testing/src/test/resources/features/search.feature
01:01:12.053 [main] INFO  -- 

-------------------------------------------------------------------------------------
     _______. _______ .______       _______ .__   __.  __  .___________.____    ____ 
    /       ||   ____||   _  \     |   ____||  \ |  | |  | |           |\   \  /   / 
   |   (----`|  |__   |  |_)  |    |  |__   |   \|  | |  | `---|  |----` \   \/   /  
    \   \    |   __|  |      /     |   __|  |  . `  | |  |     |  |       \_    _/   
.----)   |   |  |____ |  |\  \----.|  |____ |  |\   | |  |     |  |         |  |     
|_______/    |_______|| _| `._____||_______||__| \__| |__|     |__|         |__|    
                                                                                     
 News and tutorials at https://serenity-bdd.info                                     
 Documentation at https://serenity-bdd.github.io                                     
 Test Automation Training and Coaching: https://www.serenity-dojo.com                
 Commercial Support: https://www.serenity-dojo.com/serenity-bdd-enterprise-support   
 Join the Serenity Community on Gitter: https://gitter.im/serenity-bdd/serenity-core 
-------------------------------------------------------------------------------------

01:01:12.057 [main] DEBUG net.thucydides.core.steps.StepEventBus -- Test suite started for story net.thucydides.model.domain.Story@3f4cb500
01:01:12.058 [main] INFO  -- Test Suite Started: Search Functionality on UI-Testing
01:01:12.121 [main] DEBUG io.cucumber.core.plugin.SerenityReporter -- Running feature from file:///Users/udanakodikara/Documents/UOM/Level%204/ITQA/Group%20Project/Main%20Project/IT-Quality-Assurance-Assignment/IT-Quality-Assurance-Assignment-UI-Testing/src/test/resources/features/search.feature
01:01:12.122 [main] DEBUG net.thucydides.core.steps.StepEventBus -- Test suite started for story net.thucydides.model.domain.Story@3f4cb500
01:01:12.122 [main] INFO  -- Test Suite Started: Search Functionality on UI-Testing

Scenario: Searching for a single product               &amp#27;[90m# src/test/resources/features/search.feature:3&amp#27;[0m
01:01:12.160 [main] DEBUG io.cucumber.core.plugin.SerenityReporter -- Running feature from file:///Users/udanakodikara/Documents/UOM/Level%204/ITQA/Group%20Project/Main%20Project/IT-Quality-Assurance-Assignment/IT-Quality-Assurance-Assignment-UI-Testing/src/test/resources/features/search.feature
01:01:12.170 [main] INFO  -- 
  _____   ___   ___   _____     ___   _____     _     ___   _____   ___   ___  
 |_   _| | __| / __| |_   _|   / __| |_   _|   /_\   | _ \ |_   _| | __| |   \ 
   | |   | _|  \__ \   | |     \__ \   | |    / _ \  |   /   | |   | _|  | |) |
   |_|   |___| |___/   |_|     |___/   |_|   /_/ \_\ |_|_\   |_|   |___| |___/ 

Searching for a single product(search-functionality-on-ui-testing;searching-for-a-single-product)
--------------------------------------------------------------------------------
01:01:12.452 [main] INFO net.serenitybdd.core.webdriver.driverproviders.ChromeDriverProvider -- Starting Chrome driver instance with capabilities:
01:01:12.453 [main] INFO net.serenitybdd.core.webdriver.driverproviders.ChromeDriverProvider -- Capabilities {acceptInsecureCerts: false, browserName: chrome, goog:chromeOptions: {args: [remote-allow-origins=*], extensions: []}}
  &amp#27;[32mGiven &amp#27;[0m&amp#27;[32mI open the HomePage&amp#27;[0m                            &amp#27;[90m# steps.SearchSteps.openHomePage()&amp#27;[0m
01:01:16.666 [main] DEBUG net.serenitybdd.core.photography.Darkroom -- Opening darkroom
01:01:16.667 [Darkroom Processing Line] DEBUG net.serenitybdd.core.photography.DarkroomProcessingLine -- Darkroom processing line starting up
01:01:20.131 [main] DEBUG net.serenitybdd.core.photography.Darkroom -- Send negative for processing for /Users/udanakodikara/Documents/UOM/Level 4/ITQA/Group Project/Main Project/IT-Quality-Assurance-Assignment/IT-Quality-Assurance-Assignment-UI-Testing/target/site/serenity/6a0f1b6aeaca46b937c161443a5a55d82780d8788c3151d3a8b02d72b0327413.png
01:01:20.131 [Darkroom Processing Line] DEBUG net.serenitybdd.core.photography.DarkroomProcessingLine -- Processing screenshot image in /var/screenshots/screenshot-17437486567431225500
01:01:20.131 [Darkroom Processing Line] DEBUG net.serenitybdd.core.photography.DarkroomProcessingLine -- Saving screenshot to /Users/udanakodikara/Documents/UOM/Level 4/ITQA/Group Project/Main Project/IT-Quality-Assurance-Assignment/IT-Quality-Assurance-Assignment-UI-Testing/target/site/serenity/6a0f1b6aeaca46b937c161443a5a55d82780d8788c3151d3a8b02d72b0327413.png
  &amp#27;[32mWhen &amp#27;[0m&amp#27;[32mI search for &amp#27;[0m&amp#27;[32m&amp#27;[1m"laptop"&amp#27;[0m                           &amp#27;[90m# steps.SearchSteps.searchFor(java.lang.String)&amp#27;[0m
01:01:22.691 [main] DEBUG net.serenitybdd.core.photography.Darkroom -- Send negative for processing for /Users/udanakodikara/Documents/UOM/Level 4/ITQA/Group Project/Main Project/IT-Quality-Assurance-Assignment/IT-Quality-Assurance-Assignment-UI-Testing/target/site/serenity/ba71a32f3b51c18f2789947e18f41dbb0111d2a3f5dbff98cf56e2ac9587d373.png
01:01:22.691 [Darkroom Processing Line] DEBUG net.serenitybdd.core.photography.DarkroomProcessingLine -- Processing screenshot image in /var/screenshots/screenshot-14610476226001422503
01:01:22.691 [Darkroom Processing Line] DEBUG net.serenitybdd.core.photography.DarkroomProcessingLine -- Saving screenshot to /Users/udanakodikara/Documents/UOM/Level 4/ITQA/Group Project/Main Project/IT-Quality-Assurance-Assignment/IT-Quality-Assurance-Assignment-UI-Testing/target/site/serenity/ba71a32f3b51c18f2789947e18f41dbb0111d2a3f5dbff98cf56e2ac9587d373.png
  &amp#27;[32mThen &amp#27;[0m&amp#27;[32mI should see search results related to &amp#27;[0m&amp#27;[32m&amp#27;[1m"laptop"&amp#27;[0m &amp#27;[90m# steps.SearchSteps.seeResults(java.lang.String)&amp#27;[0m
01:01:23.920 [main] DEBUG net.serenitybdd.core.photography.Darkroom -- Send negative for processing for /Users/udanakodikara/Documents/UOM/Level 4/ITQA/Group Project/Main Project/IT-Quality-Assurance-Assignment/IT-Quality-Assurance-Assignment-UI-Testing/target/site/serenity/7fe88aa25c983ca3a0c65cd88bf204c3e4b5ef3a44ca1f299e928c8e7f1945f8.png
01:01:23.920 [Darkroom Processing Line] DEBUG net.serenitybdd.core.photography.DarkroomProcessingLine -- Processing screenshot image in /var/screenshots/screenshot-13024248987928391967
01:01:23.920 [Darkroom Processing Line] DEBUG net.serenitybdd.core.photography.DarkroomProcessingLine -- Saving screenshot to /Users/udanakodikara/Documents/UOM/Level 4/ITQA/Group Project/Main Project/IT-Quality-Assurance-Assignment/IT-Quality-Assurance-Assignment-UI-Testing/target/site/serenity/7fe88aa25c983ca3a0c65cd88bf204c3e4b5ef3a44ca1f299e928c8e7f1945f8.png
01:01:23.923 [main] INFO  -- 
  _____   ___   ___   _____     ___     _     ___   ___   ___   ___  
 |_   _| | __| / __| |_   _|   | _ \   /_\   / __| / __| | __| |   \ 
   | |   | _|  \__ \   | |     |  _/  / _ \  \__ \ \__ \ | _|  | |) |
   |_|   |___| |___/   |_|     |_|   /_/ \_\ |___/ |___/ |___| |___/ 

Searching for a single product
----------------------------------------------------------------------
]]></system-out>
    <system-err><![CDATA[SLF4J(I): Connected with provider of type [ch.qos.logback.classic.spi.LogbackServiceProvider]
WARNING: A Java agent has been loaded dynamically (/Users/udanakodikara/.m2/repository/net/bytebuddy/byte-buddy-agent/1.15.2/byte-buddy-agent-1.15.2.jar)
WARNING: If a serviceability tool is in use, please run with -XX:+EnableDynamicAgentLoading to hide this warning
WARNING: If a serviceability tool is not in use, please run with -Djdk.instrument.traceUsage for more information
WARNING: Dynamic loading of agents will be disallowed by default in a future release
Jan 02, 2025 1:01:14 AM org.openqa.selenium.devtools.CdpVersionFinder findNearestMatch
WARNING: Unable to find an exact match for CDP version 131, returning the closest version; found: 130; Please update to a Selenium version that supports CDP version 131
]]></system-err>
  </testcase>
  <testcase name="Searching for a product with multiple keywords" classname="Search Functionality on UI-Testing" time="17.597">
    <system-out><![CDATA[
Scenario: Searching for a product with multiple keywords &amp#27;[90m# src/test/resources/features/search.feature:8&amp#27;[0m
01:01:24.080 [main] DEBUG io.cucumber.core.plugin.SerenityReporter -- Running feature from file:///Users/udanakodikara/Documents/UOM/Level%204/ITQA/Group%20Project/Main%20Project/IT-Quality-Assurance-Assignment/IT-Quality-Assurance-Assignment-UI-Testing/src/test/resources/features/search.feature
01:01:24.081 [main] INFO  -- 
  _____   ___   ___   _____     ___   _____     _     ___   _____   ___   ___  
 |_   _| | __| / __| |_   _|   / __| |_   _|   /_\   | _ \ |_   _| | __| |   \ 
   | |   | _|  \__ \   | |     \__ \   | |    / _ \  |   /   | |   | _|  | |) |
   |_|   |___| |___/   |_|     |___/   |_|   /_/ \_\ |_|_\   |_|   |___| |___/ 

Searching for a product with multiple keywords(search-functionality-on-ui-testing;searching-for-a-product-with-multiple-keywords)
--------------------------------------------------------------------------------
01:01:24.115 [main] INFO net.serenitybdd.core.webdriver.driverproviders.ChromeDriverProvider -- Starting Chrome driver instance with capabilities:
01:01:24.115 [main] INFO net.serenitybdd.core.webdriver.driverproviders.ChromeDriverProvider -- Capabilities {acceptInsecureCerts: false, browserName: chrome, goog:chromeOptions: {args: [remote-allow-origins=*], extensions: []}}
  &amp#27;[32mGiven &amp#27;[0m&amp#27;[32mI open the HomePage&amp#27;[0m                              &amp#27;[90m# steps.SearchSteps.openHomePage()&amp#27;[0m
01:01:37.597 [main] DEBUG net.serenitybdd.core.photography.Darkroom -- Send negative for processing for /Users/udanakodikara/Documents/UOM/Level 4/ITQA/Group Project/Main Project/IT-Quality-Assurance-Assignment/IT-Quality-Assurance-Assignment-UI-Testing/target/site/serenity/91f5104c8b6ecc24a6a74b01b3a1ed117e7f92a8e2100e442da0503fc6a23ddc.png
01:01:37.598 [Darkroom Processing Line] DEBUG net.serenitybdd.core.photography.DarkroomProcessingLine -- Processing screenshot image in /var/screenshots/screenshot-17694146428253912976
01:01:37.598 [Darkroom Processing Line] DEBUG net.serenitybdd.core.photography.DarkroomProcessingLine -- Saving screenshot to /Users/udanakodikara/Documents/UOM/Level 4/ITQA/Group Project/Main Project/IT-Quality-Assurance-Assignment/IT-Quality-Assurance-Assignment-UI-Testing/target/site/serenity/91f5104c8b6ecc24a6a74b01b3a1ed117e7f92a8e2100e442da0503fc6a23ddc.png
  &amp#27;[32mWhen &amp#27;[0m&amp#27;[32mI search for &amp#27;[0m&amp#27;[32m&amp#27;[1m"dell laptop"&amp#27;[0m                        &amp#27;[90m# steps.SearchSteps.searchFor(java.lang.String)&amp#27;[0m
01:01:40.241 [main] DEBUG net.serenitybdd.core.photography.Darkroom -- Send negative for processing for /Users/udanakodikara/Documents/UOM/Level 4/ITQA/Group Project/Main Project/IT-Quality-Assurance-Assignment/IT-Quality-Assurance-Assignment-UI-Testing/target/site/serenity/f661dc7f3e29176e055b1cb9ec4d9b1281bcff263f68e5438b9d2c628fce181d.png
01:01:40.241 [Darkroom Processing Line] DEBUG net.serenitybdd.core.photography.DarkroomProcessingLine -- Processing screenshot image in /var/screenshots/screenshot-362737756569904597
01:01:40.242 [Darkroom Processing Line] DEBUG net.serenitybdd.core.photography.DarkroomProcessingLine -- Saving screenshot to /Users/udanakodikara/Documents/UOM/Level 4/ITQA/Group Project/Main Project/IT-Quality-Assurance-Assignment/IT-Quality-Assurance-Assignment-UI-Testing/target/site/serenity/f661dc7f3e29176e055b1cb9ec4d9b1281bcff263f68e5438b9d2c628fce181d.png
  &amp#27;[32mThen &amp#27;[0m&amp#27;[32mI should see search results related to &amp#27;[0m&amp#27;[32m&amp#27;[1m"dell"&amp#27;[0m     &amp#27;[90m# steps.SearchSteps.seeResults(java.lang.String)&amp#27;[0m
01:01:41.526 [main] DEBUG net.serenitybdd.core.photography.Darkroom -- Send negative for processing for /Users/udanakodikara/Documents/UOM/Level 4/ITQA/Group Project/Main Project/IT-Quality-Assurance-Assignment/IT-Quality-Assurance-Assignment-UI-Testing/target/site/serenity/19740eb4a1b72db2348ec8fe06a184fe8118effc737e190c97e65655fcbd5bb8.png
01:01:41.527 [Darkroom Processing Line] DEBUG net.serenitybdd.core.photography.DarkroomProcessingLine -- Processing screenshot image in /var/screenshots/screenshot-8146827107788751557
01:01:41.527 [Darkroom Processing Line] DEBUG net.serenitybdd.core.photography.DarkroomProcessingLine -- Saving screenshot to /Users/udanakodikara/Documents/UOM/Level 4/ITQA/Group Project/Main Project/IT-Quality-Assurance-Assignment/IT-Quality-Assurance-Assignment-UI-Testing/target/site/serenity/19740eb4a1b72db2348ec8fe06a184fe8118effc737e190c97e65655fcbd5bb8.png
01:01:41.529 [main] INFO  -- 
  _____   ___   ___   _____     ___     _     ___   ___   ___   ___  
 |_   _| | __| / __| |_   _|   | _ \   /_\   / __| / __| | __| |   \ 
   | |   | _|  \__ \   | |     |  _/  / _ \  \__ \ \__ \ | _|  | |) |
   |_|   |___| |___/   |_|     |_|   /_/ \_\ |___/ |___/ |___| |___/ 

Searching for a product with multiple keywords
----------------------------------------------------------------------
]]></system-out>
    <system-err><![CDATA[Jan 02, 2025 1:01:25 AM org.openqa.selenium.devtools.CdpVersionFinder findNearestMatch
WARNING: Unable to find an exact match for CDP version 131, returning the closest version; found: 130; Please update to a Selenium version that supports CDP version 131
]]></system-err>
  </testcase>
  <testcase name="Searching for a product with special characters" classname="Search Functionality on UI-Testing" time="11.413">
    <system-out><![CDATA[
Scenario: Searching for a product with special characters          &amp#27;[90m# src/test/resources/features/search.feature:13&amp#27;[0m
01:01:41.675 [main] DEBUG io.cucumber.core.plugin.SerenityReporter -- Running feature from file:///Users/udanakodikara/Documents/UOM/Level%204/ITQA/Group%20Project/Main%20Project/IT-Quality-Assurance-Assignment/IT-Quality-Assurance-Assignment-UI-Testing/src/test/resources/features/search.feature
01:01:41.675 [main] INFO  -- 
  _____   ___   ___   _____     ___   _____     _     ___   _____   ___   ___  
 |_   _| | __| / __| |_   _|   / __| |_   _|   /_\   | _ \ |_   _| | __| |   \ 
   | |   | _|  \__ \   | |     \__ \   | |    / _ \  |   /   | |   | _|  | |) |
   |_|   |___| |___/   |_|     |___/   |_|   /_/ \_\ |_|_\   |_|   |___| |___/ 

Searching for a product with special characters(search-functionality-on-ui-testing;searching-for-a-product-with-special-characters)
--------------------------------------------------------------------------------
01:01:41.709 [main] INFO net.serenitybdd.core.webdriver.driverproviders.ChromeDriverProvider -- Starting Chrome driver instance with capabilities:
01:01:41.709 [main] INFO net.serenitybdd.core.webdriver.driverproviders.ChromeDriverProvider -- Capabilities {acceptInsecureCerts: false, browserName: chrome, goog:chromeOptions: {args: [remote-allow-origins=*], extensions: []}}
  &amp#27;[32mGiven &amp#27;[0m&amp#27;[32mI open the HomePage&amp#27;[0m                                        &amp#27;[90m# steps.SearchSteps.openHomePage()&amp#27;[0m
01:01:49.388 [main] DEBUG net.serenitybdd.core.photography.Darkroom -- Send negative for processing for /Users/udanakodikara/Documents/UOM/Level 4/ITQA/Group Project/Main Project/IT-Quality-Assurance-Assignment/IT-Quality-Assurance-Assignment-UI-Testing/target/site/serenity/d0938a042a576d60c47f796117a31a3aad2d0761a1dfd1e97ad3a724d645cf8e.png
01:01:49.389 [Darkroom Processing Line] DEBUG net.serenitybdd.core.photography.DarkroomProcessingLine -- Processing screenshot image in /var/screenshots/screenshot-6894425860112278663
01:01:49.389 [Darkroom Processing Line] DEBUG net.serenitybdd.core.photography.DarkroomProcessingLine -- Saving screenshot to /Users/udanakodikara/Documents/UOM/Level 4/ITQA/Group Project/Main Project/IT-Quality-Assurance-Assignment/IT-Quality-Assurance-Assignment-UI-Testing/target/site/serenity/d0938a042a576d60c47f796117a31a3aad2d0761a1dfd1e97ad3a724d645cf8e.png
  &amp#27;[32mWhen &amp#27;[0m&amp#27;[32mI search for &amp#27;[0m&amp#27;[32m&amp#27;[1m"msi modern 15 B13M"&amp#27;[0m                           &amp#27;[90m# steps.SearchSteps.searchFor(java.lang.String)&amp#27;[0m
01:01:51.759 [main] DEBUG net.serenitybdd.core.photography.Darkroom -- Send negative for processing for /Users/udanakodikara/Documents/UOM/Level 4/ITQA/Group Project/Main Project/IT-Quality-Assurance-Assignment/IT-Quality-Assurance-Assignment-UI-Testing/target/site/serenity/370d75360a5b7373b9bb3d145e2891542c47c370e0302e7b5dac15ede13636d1.png
01:01:51.759 [Darkroom Processing Line] DEBUG net.serenitybdd.core.photography.DarkroomProcessingLine -- Processing screenshot image in /var/screenshots/screenshot-2379598865066260469
01:01:51.759 [Darkroom Processing Line] DEBUG net.serenitybdd.core.photography.DarkroomProcessingLine -- Saving screenshot to /Users/udanakodikara/Documents/UOM/Level 4/ITQA/Group Project/Main Project/IT-Quality-Assurance-Assignment/IT-Quality-Assurance-Assignment-UI-Testing/target/site/serenity/370d75360a5b7373b9bb3d145e2891542c47c370e0302e7b5dac15ede13636d1.png
  &amp#27;[32mThen &amp#27;[0m&amp#27;[32mI should see search results related to &amp#27;[0m&amp#27;[32m&amp#27;[1m"msi modern 15 B13M"&amp#27;[0m &amp#27;[90m# steps.SearchSteps.seeResults(java.lang.String)&amp#27;[0m
01:01:52.937 [main] DEBUG net.serenitybdd.core.photography.Darkroom -- Send negative for processing for /Users/udanakodikara/Documents/UOM/Level 4/ITQA/Group Project/Main Project/IT-Quality-Assurance-Assignment/IT-Quality-Assurance-Assignment-UI-Testing/target/site/serenity/6af897d52594585819ebcf45e0eb71934d3cbe5d974a842fe3eb6ddc1053e352.png
01:01:52.937 [Darkroom Processing Line] DEBUG net.serenitybdd.core.photography.DarkroomProcessingLine -- Processing screenshot image in /var/screenshots/screenshot-5532181048321755714
01:01:52.937 [Darkroom Processing Line] DEBUG net.serenitybdd.core.photography.DarkroomProcessingLine -- Saving screenshot to /Users/udanakodikara/Documents/UOM/Level 4/ITQA/Group Project/Main Project/IT-Quality-Assurance-Assignment/IT-Quality-Assurance-Assignment-UI-Testing/target/site/serenity/6af897d52594585819ebcf45e0eb71934d3cbe5d974a842fe3eb6ddc1053e352.png
01:01:52.938 [main] INFO  -- 
  _____   ___   ___   _____     ___     _     ___   ___   ___   ___  
 |_   _| | __| / __| |_   _|   | _ \   /_\   / __| / __| | __| |   \ 
   | |   | _|  \__ \   | |     |  _/  / _ \  \__ \ \__ \ | _|  | |) |
   |_|   |___| |___/   |_|     |_|   /_/ \_\ |___/ |___/ |___| |___/ 

Searching for a product with special characters
----------------------------------------------------------------------
]]></system-out>
    <system-err><![CDATA[Jan 02, 2025 1:01:42 AM org.openqa.selenium.devtools.CdpVersionFinder findNearestMatch
WARNING: Unable to find an exact match for CDP version 131, returning the closest version; found: 130; Please update to a Selenium version that supports CDP version 131
]]></system-err>
  </testcase>
  <testcase name="Searching for a non-existent product" classname="Search Functionality on UI-Testing" time="11.487">
    <system-out><![CDATA[
Scenario: Searching for a non-existent product                        &amp#27;[90m# src/test/resources/features/search.feature:18&amp#27;[0m
01:01:53.088 [main] DEBUG io.cucumber.core.plugin.SerenityReporter -- Running feature from file:///Users/udanakodikara/Documents/UOM/Level%204/ITQA/Group%20Project/Main%20Project/IT-Quality-Assurance-Assignment/IT-Quality-Assurance-Assignment-UI-Testing/src/test/resources/features/search.feature
01:01:53.089 [main] INFO  -- 
  _____   ___   ___   _____     ___   _____     _     ___   _____   ___   ___  
 |_   _| | __| / __| |_   _|   / __| |_   _|   /_\   | _ \ |_   _| | __| |   \ 
   | |   | _|  \__ \   | |     \__ \   | |    / _ \  |   /   | |   | _|  | |) |
   |_|   |___| |___/   |_|     |___/   |_|   /_/ \_\ |_|_\   |_|   |___| |___/ 

Searching for a non-existent product(search-functionality-on-ui-testing;searching-for-a-non-existent-product)
--------------------------------------------------------------------------------
01:01:53.146 [main] INFO net.serenitybdd.core.webdriver.driverproviders.ChromeDriverProvider -- Starting Chrome driver instance with capabilities:
01:01:53.146 [main] INFO net.serenitybdd.core.webdriver.driverproviders.ChromeDriverProvider -- Capabilities {acceptInsecureCerts: false, browserName: chrome, goog:chromeOptions: {args: [remote-allow-origins=*], extensions: []}}
  &amp#27;[32mGiven &amp#27;[0m&amp#27;[32mI open the HomePage&amp#27;[0m                                           &amp#27;[90m# steps.SearchSteps.openHomePage()&amp#27;[0m
01:02:00.527 [main] DEBUG net.serenitybdd.core.photography.Darkroom -- Send negative for processing for /Users/udanakodikara/Documents/UOM/Level 4/ITQA/Group Project/Main Project/IT-Quality-Assurance-Assignment/IT-Quality-Assurance-Assignment-UI-Testing/target/site/serenity/398dfb2f2d55ed7c4c1815684c95c9453507d150fb576be4aeda02411becd614.png
01:02:00.527 [Darkroom Processing Line] DEBUG net.serenitybdd.core.photography.DarkroomProcessingLine -- Processing screenshot image in /var/screenshots/screenshot-2927836093374281678
01:02:00.527 [Darkroom Processing Line] DEBUG net.serenitybdd.core.photography.DarkroomProcessingLine -- Saving screenshot to /Users/udanakodikara/Documents/UOM/Level 4/ITQA/Group Project/Main Project/IT-Quality-Assurance-Assignment/IT-Quality-Assurance-Assignment-UI-Testing/target/site/serenity/398dfb2f2d55ed7c4c1815684c95c9453507d150fb576be4aeda02411becd614.png
  &amp#27;[32mWhen &amp#27;[0m&amp#27;[32mI search for &amp#27;[0m&amp#27;[32m&amp#27;[1m"xyz123nonexistentproduct"&amp#27;[0m                        &amp#27;[90m# steps.SearchSteps.searchFor(java.lang.String)&amp#27;[0m
01:02:03.245 [main] DEBUG net.serenitybdd.core.photography.Darkroom -- Send negative for processing for /Users/udanakodikara/Documents/UOM/Level 4/ITQA/Group Project/Main Project/IT-Quality-Assurance-Assignment/IT-Quality-Assurance-Assignment-UI-Testing/target/site/serenity/8c0e352db39c04af441f8346dc1fb508206856908035eed1d0412d49c4a57424.png
01:02:03.245 [Darkroom Processing Line] DEBUG net.serenitybdd.core.photography.DarkroomProcessingLine -- Processing screenshot image in /var/screenshots/screenshot-10538613581875003043
01:02:03.245 [Darkroom Processing Line] DEBUG net.serenitybdd.core.photography.DarkroomProcessingLine -- Saving screenshot to /Users/udanakodikara/Documents/UOM/Level 4/ITQA/Group Project/Main Project/IT-Quality-Assurance-Assignment/IT-Quality-Assurance-Assignment-UI-Testing/target/site/serenity/8c0e352db39c04af441f8346dc1fb508206856908035eed1d0412d49c4a57424.png
Message found in page source.
  &amp#27;[32mThen &amp#27;[0m&amp#27;[32mI should see a message indicating no search results were found&amp#27;[0m &amp#27;[90m# steps.SearchSteps.verifyNoResults()&amp#27;[0m
01:02:04.446 [main] DEBUG net.serenitybdd.core.photography.Darkroom -- Send negative for processing for /Users/udanakodikara/Documents/UOM/Level 4/ITQA/Group Project/Main Project/IT-Quality-Assurance-Assignment/IT-Quality-Assurance-Assignment-UI-Testing/target/site/serenity/b065dc01a51115e48a487945da30a009330d8c1ed5674b5b89c513334195707c.png
01:02:04.446 [Darkroom Processing Line] DEBUG net.serenitybdd.core.photography.DarkroomProcessingLine -- Processing screenshot image in /var/screenshots/screenshot-17771157375970521300
01:02:04.447 [Darkroom Processing Line] DEBUG net.serenitybdd.core.photography.DarkroomProcessingLine -- Saving screenshot to /Users/udanakodikara/Documents/UOM/Level 4/ITQA/Group Project/Main Project/IT-Quality-Assurance-Assignment/IT-Quality-Assurance-Assignment-UI-Testing/target/site/serenity/b065dc01a51115e48a487945da30a009330d8c1ed5674b5b89c513334195707c.png
01:02:04.448 [main] INFO  -- 
  _____   ___   ___   _____     ___     _     ___   ___   ___   ___  
 |_   _| | __| / __| |_   _|   | _ \   /_\   / __| / __| | __| |   \ 
   | |   | _|  \__ \   | |     |  _/  / _ \  \__ \ \__ \ | _|  | |) |
   |_|   |___| |___/   |_|     |_|   /_/ \_\ |___/ |___/ |___| |___/ 

Searching for a non-existent product
----------------------------------------------------------------------
]]></system-out>
    <system-err><![CDATA[Jan 02, 2025 1:01:54 AM org.openqa.selenium.devtools.CdpVersionFinder findNearestMatch
WARNING: Unable to find an exact match for CDP version 131, returning the closest version; found: 130; Please update to a Selenium version that supports CDP version 131
]]></system-err>
  </testcase>
  <testcase name="Searching for only special Characters" classname="Search Functionality on UI-Testing" time="10.743">
    <failure type="java.lang.AssertionError"><![CDATA[java.lang.AssertionError
	at steps.SearchSteps.verifyNoResults(SearchSteps.java:47)
	at ✽.I should see a message indicating no search results were found(file:///Users/udanakodikara/Documents/UOM/Level%204/ITQA/Group%20Project/Main%20Project/IT-Quality-Assurance-Assignment/IT-Quality-Assurance-Assignment-UI-Testing/src/test/resources/features/search.feature:26)
]]></failure>
    <system-out><![CDATA[
Scenario: Searching for only special Characters                       &amp#27;[90m# src/test/resources/features/search.feature:23&amp#27;[0m
01:02:04.574 [main] DEBUG io.cucumber.core.plugin.SerenityReporter -- Running feature from file:///Users/udanakodikara/Documents/UOM/Level%204/ITQA/Group%20Project/Main%20Project/IT-Quality-Assurance-Assignment/IT-Quality-Assurance-Assignment-UI-Testing/src/test/resources/features/search.feature
01:02:04.575 [main] INFO  -- 
  _____   ___   ___   _____     ___   _____     _     ___   _____   ___   ___  
 |_   _| | __| / __| |_   _|   / __| |_   _|   /_\   | _ \ |_   _| | __| |   \ 
   | |   | _|  \__ \   | |     \__ \   | |    / _ \  |   /   | |   | _|  | |) |
   |_|   |___| |___/   |_|     |___/   |_|   /_/ \_\ |_|_\   |_|   |___| |___/ 

Searching for only special Characters(search-functionality-on-ui-testing;searching-for-only-special-characters)
--------------------------------------------------------------------------------
01:02:04.607 [main] INFO net.serenitybdd.core.webdriver.driverproviders.ChromeDriverProvider -- Starting Chrome driver instance with capabilities:
01:02:04.607 [main] INFO net.serenitybdd.core.webdriver.driverproviders.ChromeDriverProvider -- Capabilities {acceptInsecureCerts: false, browserName: chrome, goog:chromeOptions: {args: [remote-allow-origins=*], extensions: []}}
  &amp#27;[32mGiven &amp#27;[0m&amp#27;[32mI open the HomePage&amp#27;[0m                                           &amp#27;[90m# steps.SearchSteps.openHomePage()&amp#27;[0m
01:02:11.205 [main] DEBUG net.serenitybdd.core.photography.Darkroom -- Send negative for processing for /Users/udanakodikara/Documents/UOM/Level 4/ITQA/Group Project/Main Project/IT-Quality-Assurance-Assignment/IT-Quality-Assurance-Assignment-UI-Testing/target/site/serenity/c501010d53167b96e634d11d481c19a5570d2a7a8ba31cb066be2d34d0318c1c.png
01:02:11.205 [Darkroom Processing Line] DEBUG net.serenitybdd.core.photography.DarkroomProcessingLine -- Processing screenshot image in /var/screenshots/screenshot-4251505292852047829
01:02:11.205 [Darkroom Processing Line] DEBUG net.serenitybdd.core.photography.DarkroomProcessingLine -- Saving screenshot to /Users/udanakodikara/Documents/UOM/Level 4/ITQA/Group Project/Main Project/IT-Quality-Assurance-Assignment/IT-Quality-Assurance-Assignment-UI-Testing/target/site/serenity/c501010d53167b96e634d11d481c19a5570d2a7a8ba31cb066be2d34d0318c1c.png
  &amp#27;[32mWhen &amp#27;[0m&amp#27;[32mI search for &amp#27;[0m&amp#27;[32m&amp#27;[1m"!@#%^&*"&amp#27;[0m                                         &amp#27;[90m# steps.SearchSteps.searchFor(java.lang.String)&amp#27;[0m
01:02:13.743 [main] DEBUG net.serenitybdd.core.photography.Darkroom -- Send negative for processing for /Users/udanakodikara/Documents/UOM/Level 4/ITQA/Group Project/Main Project/IT-Quality-Assurance-Assignment/IT-Quality-Assurance-Assignment-UI-Testing/target/site/serenity/4b73681a597ab1579b8fcce23c1ac2daffe47fef2e7c5bc64dcd207a9a6b01e0.png
01:02:13.743 [Darkroom Processing Line] DEBUG net.serenitybdd.core.photography.DarkroomProcessingLine -- Processing screenshot image in /var/screenshots/screenshot-17125579697391727209
01:02:13.743 [Darkroom Processing Line] DEBUG net.serenitybdd.core.photography.DarkroomProcessingLine -- Saving screenshot to /Users/udanakodikara/Documents/UOM/Level 4/ITQA/Group Project/Main Project/IT-Quality-Assurance-Assignment/IT-Quality-Assurance-Assignment-UI-Testing/target/site/serenity/4b73681a597ab1579b8fcce23c1ac2daffe47fef2e7c5bc64dcd207a9a6b01e0.png
  &amp#27;[31mThen &amp#27;[0m&amp#27;[31mI should see a message indicating no search results were found&amp#27;[0m &amp#27;[90m# steps.SearchSteps.verifyNoResults()&amp#27;[0m
      &amp#27;[31mjava.lang.AssertionError
	at org.junit.Assert.fail(Assert.java:87)
	at org.junit.Assert.assertTrue(Assert.java:42)
	at org.junit.Assert.assertTrue(Assert.java:53)
	at steps.SearchSteps.verifyNoResults(SearchSteps.java:47)
	at ✽.I should see a message indicating no search results were found(file:///Users/udanakodikara/Documents/UOM/Level%204/ITQA/Group%20Project/Main%20Project/IT-Quality-Assurance-Assignment/IT-Quality-Assurance-Assignment-UI-Testing/src/test/resources/features/search.feature:26)
&amp#27;[0m
01:02:14.987 [main] DEBUG net.serenitybdd.core.photography.Darkroom -- Send negative for processing for /Users/udanakodikara/Documents/UOM/Level 4/ITQA/Group Project/Main Project/IT-Quality-Assurance-Assignment/IT-Quality-Assurance-Assignment-UI-Testing/target/site/serenity/bebdd3b7f00e306356be66e2a305030af85918f7724fc4888ba5fbbcb2ecc984.png
01:02:14.987 [Darkroom Processing Line] DEBUG net.serenitybdd.core.photography.DarkroomProcessingLine -- Processing screenshot image in /var/screenshots/screenshot-6660024152501831634
01:02:14.987 [Darkroom Processing Line] DEBUG net.serenitybdd.core.photography.DarkroomProcessingLine -- Saving screenshot to /Users/udanakodikara/Documents/UOM/Level 4/ITQA/Group Project/Main Project/IT-Quality-Assurance-Assignment/IT-Quality-Assurance-Assignment-UI-Testing/target/site/serenity/bebdd3b7f00e306356be66e2a305030af85918f7724fc4888ba5fbbcb2ecc984.png
01:02:15.174 [main] ERROR  -- 
  _____   ___   ___   _____     ___     _     ___   _      ___   ___  
 |_   _| | __| / __| |_   _|   | __|   /_\   |_ _| | |    | __| |   \ 
   | |   | _|  \__ \   | |     | _|   / _ \   | |  | |__  | _|  | |) |
   |_|   |___| |___/   |_|     |_|   /_/ \_\ |___| |____| |___| |___/ 

Searching for only special Characters
-----------------------------------------------------------------------
01:02:15.176 [main] DEBUG  -- RELATED ISSUES: 
01:02:15.177 [main] ERROR  --     Test failed at step: Then I should see a message indicating no search results were found
01:02:15.177 [main] ERROR  --     
]]></system-out>
    <system-err><![CDATA[Jan 02, 2025 1:02:05 AM org.openqa.selenium.devtools.CdpVersionFinder findNearestMatch
WARNING: Unable to find an exact match for CDP version 131, returning the closest version; found: 130; Please update to a Selenium version that supports CDP version 131
Message not found in page source.
]]></system-err>
  </testcase>
</testsuite>