<?xml version="1.0" encoding="UTF-8"?>
<testsuite xmlns:xsi="http://www.w3.org/2001/XMLSchema-instance" xsi:noNamespaceSchemaLocation="https://maven.apache.org/surefire/maven-failsafe-plugin/xsd/failsafe-test-report-3.0.xsd" version="3.0" name="runner.CucumberTest" time="183.626" tests="10" errors="0" skipped="0" failures="1">
  <properties>
[...]
</properties>
  <testcase name="Filter by Minimum Price" classname="Product Filtering" time="16.963">
    <system-out><![CDATA[08:46:18.791 [main] DEBUG io.cucumber.core.plugin.SerenityReporter -- Running feature from file:///D:/L4/L4S1/ITQA/IT-Quality-Assurance-Assignment/IT-Quality-Assurance-Assignment-UI-Testing/src/test/resources/features/filter.feature
08:46:18.878 [main] INFO  -- 

-------------------------------------------------------------------------------------
     _______. _______ .______       _______ .__   __.  __  .___________.____    ____ 
    /       ||   ____||   _  \     |   ____||  \ |  | |  | |           |\   \  /   / 
   |   (----`|  |__   |  |_)  |    |  |__   |   \|  | |  | `---|  |----` \   \/   /  
    \   \    |   __|  |      /     |   __|  |  . `  | |  |     |  |       \_    _/   
.----)   |   |  |____ |  |\  \----.|  |____ |  |\   | |  |     |  |         |  |     
|_______/    |_______|| _| `._____||_______||__| \__| |__|     |__|         |__|    
                                                                                     
 News and tutorials at https://serenity-bdd.info                                     
 Documentation at https://serenity-bdd.github.io                                     
 Test Automation Training and Coaching: https://www.serenity-dojo.com                
 Commercial Support: https://www.serenity-dojo.com/serenity-bdd-enterprise-support   
 Join the Serenity Community on Gitter: https://gitter.im/serenity-bdd/serenity-core 
-------------------------------------------------------------------------------------

08:46:18.884 [main] DEBUG net.thucydides.core.steps.StepEventBus -- Test suite started for story net.thucydides.model.domain.Story@81196f00
08:46:18.886 [main] INFO  -- Test Suite Started: Product Filtering
08:46:19.034 [main] DEBUG io.cucumber.core.plugin.SerenityReporter -- Running feature from file:///D:/L4/L4S1/ITQA/IT-Quality-Assurance-Assignment/IT-Quality-Assurance-Assignment-UI-Testing/src/test/resources/features/search.feature
08:46:19.038 [main] DEBUG net.thucydides.core.steps.StepEventBus -- Test suite started for story net.thucydides.model.domain.Story@3f4cb500
08:46:19.038 [main] INFO  -- Test Suite Started: Search Functionality on UI-Testing
08:46:19.043 [main] DEBUG io.cucumber.core.plugin.SerenityReporter -- Running feature from file:///D:/L4/L4S1/ITQA/IT-Quality-Assurance-Assignment/IT-Quality-Assurance-Assignment-UI-Testing/src/test/resources/features/filter.feature
08:46:19.045 [main] DEBUG net.thucydides.core.steps.StepEventBus -- Test suite started for story net.thucydides.model.domain.Story@81196f00
08:46:19.046 [main] INFO  -- Test Suite Started: Product Filtering

Scenario: Filter by Minimum Price                                                 &amp#27;[90m# src/test/resources/features/filter.feature:3&amp#27;[0m
08:46:19.150 [main] DEBUG io.cucumber.core.plugin.SerenityReporter -- Running feature from file:///D:/L4/L4S1/ITQA/IT-Quality-Assurance-Assignment/IT-Quality-Assurance-Assignment-UI-Testing/src/test/resources/features/filter.feature
08:46:19.166 [main] INFO  -- 
  _____   ___   ___   _____     ___   _____     _     ___   _____   ___   ___  
 |_   _| | __| / __| |_   _|   / __| |_   _|   /_\   | _ \ |_   _| | __| |   \ 
   | |   | _|  \__ \   | |     \__ \   | |    / _ \  |   /   | |   | _|  | |) |
   |_|   |___| |___/   |_|     |___/   |_|   /_/ \_\ |_|_\   |_|   |___| |___/ 

Filter by Minimum Price(product-filtering;filter-by-minimum-price)
--------------------------------------------------------------------------------
08:46:19.735 [main] INFO net.serenitybdd.core.webdriver.driverproviders.ChromeDriverProvider -- Starting Chrome driver instance with capabilities:
08:46:19.739 [main] INFO net.serenitybdd.core.webdriver.driverproviders.ChromeDriverProvider -- Capabilities {acceptInsecureCerts: false, browserName: chrome, goog:chromeOptions: {args: [remote-allow-origins=*], extensions: []}}
  &amp#27;[32mGiven &amp#27;[0m&amp#27;[32mUser is on the product page&amp#27;[0m                                               &amp#27;[90m# steps.FilterSteps.userIsOnTheProductPage()&amp#27;[0m
08:46:34.975 [main] DEBUG net.serenitybdd.core.photography.Darkroom -- Opening darkroom
08:46:34.976 [Darkroom Processing Line] DEBUG net.serenitybdd.core.photography.DarkroomProcessingLine -- Darkroom processing line starting up
08:46:35.230 [main] DEBUG net.serenitybdd.core.photography.Darkroom -- Send negative for processing for D:\L4\L4S1\ITQA\IT-Quality-Assurance-Assignment\IT-Quality-Assurance-Assignment-UI-Testing\target\site\serenity\eb348f65f01c122b9144200c01dccd642665a1eecc36789864d373662ba6456e.png
08:46:35.230 [Darkroom Processing Line] DEBUG net.serenitybdd.core.photography.DarkroomProcessingLine -- Processing screenshot image in /var/screenshots/screenshot-4950184160606787288
08:46:35.231 [Darkroom Processing Line] DEBUG net.serenitybdd.core.photography.DarkroomProcessingLine -- Saving screenshot to D:\L4\L4S1\ITQA\IT-Quality-Assurance-Assignment\IT-Quality-Assurance-Assignment-UI-Testing\target\site\serenity\eb348f65f01c122b9144200c01dccd642665a1eecc36789864d373662ba6456e.png
  &amp#27;[32mWhen &amp#27;[0m&amp#27;[32mUser filters with minimum price &amp#27;[0m&amp#27;[32m&amp#27;[1m"2000"&amp#27;[0m                                     &amp#27;[90m# steps.FilterSteps.userFiltersWithMinPrice(java.lang.String)&amp#27;[0m
08:46:35.642 [main] DEBUG net.serenitybdd.core.photography.Darkroom -- Send negative for processing for D:\L4\L4S1\ITQA\IT-Quality-Assurance-Assignment\IT-Quality-Assurance-Assignment-UI-Testing\target\site\serenity\6809b3c2186d22ff973db2d2176ec2ae38ba0c15c344ca071cbc72a6f2d78450.png
08:46:35.642 [Darkroom Processing Line] DEBUG net.serenitybdd.core.photography.DarkroomProcessingLine -- Processing screenshot image in /var/screenshots/screenshot-6057178665023631783
08:46:35.642 [Darkroom Processing Line] DEBUG net.serenitybdd.core.photography.DarkroomProcessingLine -- Saving screenshot to D:\L4\L4S1\ITQA\IT-Quality-Assurance-Assignment\IT-Quality-Assurance-Assignment-UI-Testing\target\site\serenity\6809b3c2186d22ff973db2d2176ec2ae38ba0c15c344ca071cbc72a6f2d78450.png
  &amp#27;[32mThen &amp#27;[0m&amp#27;[32mProducts should be filtered to have prices greater than or equal to &amp#27;[0m&amp#27;[32m&amp#27;[1m"2000"&amp#27;[0m &amp#27;[90m# steps.FilterSteps.productsShouldBeFilteredToHavePricesGreaterThanOrEqualTo(java.lang.String)&amp#27;[0m
08:46:35.665 [main] INFO  -- 
  _____   ___   ___   _____     ___     _     ___   ___   ___   ___  
 |_   _| | __| / __| |_   _|   | _ \   /_\   / __| / __| | __| |   \ 
   | |   | _|  \__ \   | |     |  _/  / _ \  \__ \ \__ \ | _|  | |) |
   |_|   |___| |___/   |_|     |_|   /_/ \_\ |___/ |___/ |___| |___/ 

Filter by Minimum Price
----------------------------------------------------------------------
]]></system-out>
    <system-err><![CDATA[SLF4J(I): Connected with provider of type [ch.qos.logback.classic.spi.LogbackServiceProvider]
WARNING: A Java agent has been loaded dynamically (C:\Users\hp\.m2\repository\net\bytebuddy\byte-buddy-agent\1.15.2\byte-buddy-agent-1.15.2.jar)
WARNING: If a serviceability tool is in use, please run with -XX:+EnableDynamicAgentLoading to hide this warning
WARNING: If a serviceability tool is not in use, please run with -Djdk.instrument.traceUsage for more information
WARNING: Dynamic loading of agents will be disallowed by default in a future release
Jan 03, 2025 8:46:24 AM org.openqa.selenium.manager.SeleniumManager lambda$runCommand$1
WARNING: Error sending stats to Plausible: error sending request for url (https://plausible.io/api/event)
Jan 03, 2025 8:46:26 AM org.openqa.selenium.devtools.CdpVersionFinder findNearestMatch
WARNING: Unable to find an exact match for CDP version 131, returning the closest version; found: 130; Please update to a Selenium version that supports CDP version 131
]]></system-err>
  </testcase>
  <testcase name="Filter by Category" classname="Product Filtering" time="13.135">
    <system-out><![CDATA[
Scenario: Filter by Category                               &amp#27;[90m# src/test/resources/features/filter.feature:8&amp#27;[0m
08:46:36.026 [main] DEBUG io.cucumber.core.plugin.SerenityReporter -- Running feature from file:///D:/L4/L4S1/ITQA/IT-Quality-Assurance-Assignment/IT-Quality-Assurance-Assignment-UI-Testing/src/test/resources/features/filter.feature
08:46:36.027 [main] INFO  -- 
  _____   ___   ___   _____     ___   _____     _     ___   _____   ___   ___  
 |_   _| | __| / __| |_   _|   / __| |_   _|   /_\   | _ \ |_   _| | __| |   \ 
   | |   | _|  \__ \   | |     \__ \   | |    / _ \  |   /   | |   | _|  | |) |
   |_|   |___| |___/   |_|     |___/   |_|   /_/ \_\ |_|_\   |_|   |___| |___/ 

Filter by Category(product-filtering;filter-by-category)
--------------------------------------------------------------------------------
08:46:36.103 [main] INFO net.serenitybdd.core.webdriver.driverproviders.ChromeDriverProvider -- Starting Chrome driver instance with capabilities:
08:46:36.103 [main] INFO net.serenitybdd.core.webdriver.driverproviders.ChromeDriverProvider -- Capabilities {acceptInsecureCerts: false, browserName: chrome, goog:chromeOptions: {args: [remote-allow-origins=*], extensions: []}}
  &amp#27;[32mGiven &amp#27;[0m&amp#27;[32mUser is on the product page&amp#27;[0m                        &amp#27;[90m# steps.FilterSteps.userIsOnTheProductPage()&amp#27;[0m
08:46:45.177 [main] DEBUG net.serenitybdd.core.photography.Darkroom -- Send negative for processing for D:\L4\L4S1\ITQA\IT-Quality-Assurance-Assignment\IT-Quality-Assurance-Assignment-UI-Testing\target\site\serenity\eb348f65f01c122b9144200c01dccd642665a1eecc36789864d373662ba6456e.png
  &amp#27;[32mWhen &amp#27;[0m&amp#27;[32mUser filters by category &amp#27;[0m&amp#27;[32m&amp#27;[1m"Computers"&amp#27;[0m                &amp#27;[90m# steps.FilterSteps.userFiltersByCategory(java.lang.String)&amp#27;[0m
08:46:48.466 [main] DEBUG net.serenitybdd.core.photography.Darkroom -- Send negative for processing for D:\L4\L4S1\ITQA\IT-Quality-Assurance-Assignment\IT-Quality-Assurance-Assignment-UI-Testing\target\site\serenity\075c0833facd241659142426a71c5469f503a89218b4ff39f1a642e3ffae4875.png
08:46:48.467 [Darkroom Processing Line] DEBUG net.serenitybdd.core.photography.DarkroomProcessingLine -- Processing screenshot image in /var/screenshots/screenshot-14134997107489156975
08:46:48.467 [Darkroom Processing Line] DEBUG net.serenitybdd.core.photography.DarkroomProcessingLine -- Saving screenshot to D:\L4\L4S1\ITQA\IT-Quality-Assurance-Assignment\IT-Quality-Assurance-Assignment-UI-Testing\target\site\serenity\075c0833facd241659142426a71c5469f503a89218b4ff39f1a642e3ffae4875.png
  &amp#27;[32mThen &amp#27;[0m&amp#27;[32mProducts should be filtered by category &amp#27;[0m&amp#27;[32m&amp#27;[1m"Computers"&amp#27;[0m &amp#27;[90m# steps.FilterSteps.productsShouldBeFilteredByCategory(java.lang.String)&amp#27;[0m
08:46:48.483 [main] INFO  -- 
  _____   ___   ___   _____     ___     _     ___   ___   ___   ___  
 |_   _| | __| / __| |_   _|   | _ \   /_\   / __| / __| | __| |   \ 
   | |   | _|  \__ \   | |     |  _/  / _ \  \__ \ \__ \ | _|  | |) |
   |_|   |___| |___/   |_|     |_|   /_/ \_\ |___/ |___/ |___| |___/ 

Filter by Category
----------------------------------------------------------------------
]]></system-out>
    <system-err><![CDATA[Jan 03, 2025 8:46:37 AM org.openqa.selenium.devtools.CdpVersionFinder findNearestMatch
WARNING: Unable to find an exact match for CDP version 131, returning the closest version; found: 130; Please update to a Selenium version that supports CDP version 131
]]></system-err>
  </testcase>
  <testcase name="Filter by Availability" classname="Product Filtering" time="16.677">
    <system-out><![CDATA[
Scenario: Filter by Availability                 &amp#27;[90m# src/test/resources/features/filter.feature:13&amp#27;[0m
08:46:49.155 [main] DEBUG io.cucumber.core.plugin.SerenityReporter -- Running feature from file:///D:/L4/L4S1/ITQA/IT-Quality-Assurance-Assignment/IT-Quality-Assurance-Assignment-UI-Testing/src/test/resources/features/filter.feature
08:46:49.155 [main] INFO  -- 
  _____   ___   ___   _____     ___   _____     _     ___   _____   ___   ___  
 |_   _| | __| / __| |_   _|   / __| |_   _|   /_\   | _ \ |_   _| | __| |   \ 
   | |   | _|  \__ \   | |     \__ \   | |    / _ \  |   /   | |   | _|  | |) |
   |_|   |___| |___/   |_|     |___/   |_|   /_/ \_\ |_|_\   |_|   |___| |___/ 

Filter by Availability(product-filtering;filter-by-availability)
--------------------------------------------------------------------------------
08:46:49.217 [main] INFO net.serenitybdd.core.webdriver.driverproviders.ChromeDriverProvider -- Starting Chrome driver instance with capabilities:
08:46:49.217 [main] INFO net.serenitybdd.core.webdriver.driverproviders.ChromeDriverProvider -- Capabilities {acceptInsecureCerts: false, browserName: chrome, goog:chromeOptions: {args: [remote-allow-origins=*], extensions: []}}
  &amp#27;[32mGiven &amp#27;[0m&amp#27;[32mUser is on the product page&amp#27;[0m              &amp#27;[90m# steps.FilterSteps.userIsOnTheProductPage()&amp#27;[0m
08:47:01.480 [main] DEBUG net.serenitybdd.core.photography.Darkroom -- Send negative for processing for D:\L4\L4S1\ITQA\IT-Quality-Assurance-Assignment\IT-Quality-Assurance-Assignment-UI-Testing\target\site\serenity\da5e812cf17afacb1ff903c90eaec7a1c67be8304535ef60c310d928b3a28f79.png
08:47:01.481 [Darkroom Processing Line] DEBUG net.serenitybdd.core.photography.DarkroomProcessingLine -- Processing screenshot image in /var/screenshots/screenshot-7065255816895009962
08:47:01.481 [Darkroom Processing Line] DEBUG net.serenitybdd.core.photography.DarkroomProcessingLine -- Saving screenshot to D:\L4\L4S1\ITQA\IT-Quality-Assurance-Assignment\IT-Quality-Assurance-Assignment-UI-Testing\target\site\serenity\da5e812cf17afacb1ff903c90eaec7a1c67be8304535ef60c310d928b3a28f79.png
  &amp#27;[32mWhen &amp#27;[0m&amp#27;[32mUser filters by &amp#27;[0m&amp#27;[32m&amp#27;[1m"Exclude Stock Out"&amp#27;[0m       &amp#27;[90m# steps.FilterSteps.userFiltersByAvailability(java.lang.String)&amp#27;[0m
08:47:05.277 [main] DEBUG net.serenitybdd.core.photography.Darkroom -- Send negative for processing for D:\L4\L4S1\ITQA\IT-Quality-Assurance-Assignment\IT-Quality-Assurance-Assignment-UI-Testing\target\site\serenity\eb348f65f01c122b9144200c01dccd642665a1eecc36789864d373662ba6456e.png
  &amp#27;[32mThen &amp#27;[0m&amp#27;[32mOut of stock product should not be listed&amp#27;[0m &amp#27;[90m# steps.FilterSteps.outOfStockProductShouldNotBeListed()&amp#27;[0m
08:47:05.284 [main] INFO  -- 
  _____   ___   ___   _____     ___     _     ___   ___   ___   ___  
 |_   _| | __| / __| |_   _|   | _ \   /_\   / __| / __| | __| |   \ 
   | |   | _|  \__ \   | |     |  _/  / _ \  \__ \ \__ \ | _|  | |) |
   |_|   |___| |___/   |_|     |_|   /_/ \_\ |___/ |___/ |___| |___/ 

Filter by Availability
----------------------------------------------------------------------
]]></system-out>
    <system-err><![CDATA[Jan 03, 2025 8:46:50 AM org.openqa.selenium.devtools.CdpVersionFinder findNearestMatch
WARNING: Unable to find an exact match for CDP version 131, returning the closest version; found: 130; Please update to a Selenium version that supports CDP version 131
]]></system-err>
  </testcase>
  <testcase name="Filter by Offers" classname="Product Filtering" time="32.169">
    <system-out><![CDATA[
Scenario: Filter by Offers                                              &amp#27;[90m# src/test/resources/features/filter.feature:18&amp#27;[0m
08:47:05.833 [main] DEBUG io.cucumber.core.plugin.SerenityReporter -- Running feature from file:///D:/L4/L4S1/ITQA/IT-Quality-Assurance-Assignment/IT-Quality-Assurance-Assignment-UI-Testing/src/test/resources/features/filter.feature
08:47:05.833 [main] INFO  -- 
  _____   ___   ___   _____     ___   _____     _     ___   _____   ___   ___  
 |_   _| | __| / __| |_   _|   / __| |_   _|   /_\   | _ \ |_   _| | __| |   \ 
   | |   | _|  \__ \   | |     \__ \   | |    / _ \  |   /   | |   | _|  | |) |
   |_|   |___| |___/   |_|     |___/   |_|   /_/ \_\ |_|_\   |_|   |___| |___/ 

Filter by Offers(product-filtering;filter-by-offers)
--------------------------------------------------------------------------------
08:47:05.901 [main] INFO net.serenitybdd.core.webdriver.driverproviders.ChromeDriverProvider -- Starting Chrome driver instance with capabilities:
08:47:05.901 [main] INFO net.serenitybdd.core.webdriver.driverproviders.ChromeDriverProvider -- Capabilities {acceptInsecureCerts: false, browserName: chrome, goog:chromeOptions: {args: [remote-allow-origins=*], extensions: []}}
  &amp#27;[32mGiven &amp#27;[0m&amp#27;[32mUser is on the product page&amp#27;[0m                                     &amp#27;[90m# steps.FilterSteps.userIsOnTheProductPage()&amp#27;[0m
08:47:15.562 [main] DEBUG net.serenitybdd.core.photography.Darkroom -- Send negative for processing for D:\L4\L4S1\ITQA\IT-Quality-Assurance-Assignment\IT-Quality-Assurance-Assignment-UI-Testing\target\site\serenity\eb348f65f01c122b9144200c01dccd642665a1eecc36789864d373662ba6456e.png
  &amp#27;[32mWhen &amp#27;[0m&amp#27;[32mUser filters by offer &amp#27;[0m&amp#27;[32m&amp#27;[1m"20% or More"&amp#27;[0m                              &amp#27;[90m# steps.FilterSteps.userFiltersByOffer(java.lang.String)&amp#27;[0m
08:47:37.694 [main] DEBUG net.serenitybdd.core.photography.Darkroom -- Send negative for processing for D:\L4\L4S1\ITQA\IT-Quality-Assurance-Assignment\IT-Quality-Assurance-Assignment-UI-Testing\target\site\serenity\7ddb2bd6393331fd97d264fd3727d0557a64e78bae139c37ad410252fe9d6822.png
08:47:37.694 [Darkroom Processing Line] DEBUG net.serenitybdd.core.photography.DarkroomProcessingLine -- Processing screenshot image in /var/screenshots/screenshot-8149230427054232194
08:47:37.694 [Darkroom Processing Line] DEBUG net.serenitybdd.core.photography.DarkroomProcessingLine -- Saving screenshot to D:\L4\L4S1\ITQA\IT-Quality-Assurance-Assignment\IT-Quality-Assurance-Assignment-UI-Testing\target\site\serenity\7ddb2bd6393331fd97d264fd3727d0557a64e78bae139c37ad410252fe9d6822.png
  &amp#27;[32mThen &amp#27;[0m&amp#27;[32mProducts that are not in the offer category should not be listed&amp#27;[0m &amp#27;[90m# steps.FilterSteps.productsThatAreNotInTheOfferCategoryShouldNotBeListed()&amp#27;[0m
08:47:37.700 [main] INFO  -- 
  _____   ___   ___   _____     ___     _     ___   ___   ___   ___  
 |_   _| | __| / __| |_   _|   | _ \   /_\   / __| / __| | __| |   \ 
   | |   | _|  \__ \   | |     |  _/  / _ \  \__ \ \__ \ | _|  | |) |
   |_|   |___| |___/   |_|     |_|   /_/ \_\ |___/ |___/ |___| |___/ 

Filter by Offers
----------------------------------------------------------------------
]]></system-out>
    <system-err><![CDATA[Jan 03, 2025 8:47:06 AM org.openqa.selenium.devtools.CdpVersionFinder findNearestMatch
WARNING: Unable to find an exact match for CDP version 131, returning the closest version; found: 130; Please update to a Selenium version that supports CDP version 131
]]></system-err>
  </testcase>
  <testcase name="Combine Multiple Filters" classname="Product Filtering" time="36.116">
    <system-out><![CDATA[
Scenario: Combine Multiple Filters                                                      &amp#27;[90m# src/test/resources/features/filter.feature:23&amp#27;[0m
08:47:38.000 [main] DEBUG io.cucumber.core.plugin.SerenityReporter -- Running feature from file:///D:/L4/L4S1/ITQA/IT-Quality-Assurance-Assignment/IT-Quality-Assurance-Assignment-UI-Testing/src/test/resources/features/filter.feature
08:47:38.001 [main] INFO  -- 
  _____   ___   ___   _____     ___   _____     _     ___   _____   ___   ___  
 |_   _| | __| / __| |_   _|   / __| |_   _|   /_\   | _ \ |_   _| | __| |   \ 
   | |   | _|  \__ \   | |     \__ \   | |    / _ \  |   /   | |   | _|  | |) |
   |_|   |___| |___/   |_|     |___/   |_|   /_/ \_\ |_|_\   |_|   |___| |___/ 

Combine Multiple Filters(product-filtering;combine-multiple-filters)
--------------------------------------------------------------------------------
08:47:38.050 [main] INFO net.serenitybdd.core.webdriver.driverproviders.ChromeDriverProvider -- Starting Chrome driver instance with capabilities:
08:47:38.051 [main] INFO net.serenitybdd.core.webdriver.driverproviders.ChromeDriverProvider -- Capabilities {acceptInsecureCerts: false, browserName: chrome, goog:chromeOptions: {args: [remote-allow-origins=*], extensions: []}}
  &amp#27;[32mGiven &amp#27;[0m&amp#27;[32mUser is on the product page&amp#27;[0m                                                     &amp#27;[90m# steps.FilterSteps.userIsOnTheProductPage()&amp#27;[0m
08:47:48.488 [main] DEBUG net.serenitybdd.core.photography.Darkroom -- Send negative for processing for D:\L4\L4S1\ITQA\IT-Quality-Assurance-Assignment\IT-Quality-Assurance-Assignment-UI-Testing\target\site\serenity\eb348f65f01c122b9144200c01dccd642665a1eecc36789864d373662ba6456e.png
  &amp#27;[32mWhen &amp#27;[0m&amp#27;[32mUser applies category &amp#27;[0m&amp#27;[32m&amp#27;[1m"Computers"&amp#27;[0m&amp#27;[32m, minimum price &amp#27;[0m&amp#27;[32m&amp#27;[1m"2000"&amp#27;[0m&amp#27;[32m, and offer &amp#27;[0m&amp#27;[32m&amp#27;[1m"20% or More"&amp#27;[0m &amp#27;[90m# steps.FilterSteps.userAppliesMultipleFilters(java.lang.String,java.lang.String,java.lang.String)&amp#27;[0m
08:48:13.792 [main] DEBUG net.serenitybdd.core.photography.Darkroom -- Send negative for processing for D:\L4\L4S1\ITQA\IT-Quality-Assurance-Assignment\IT-Quality-Assurance-Assignment-UI-Testing\target\site\serenity\4886edd565c9eacae4a66df95df9eb9fb350e60d6ae6904fd4c1c500da5191cb.png
08:48:13.792 [Darkroom Processing Line] DEBUG net.serenitybdd.core.photography.DarkroomProcessingLine -- Processing screenshot image in /var/screenshots/screenshot-17649278129064948665
08:48:13.793 [Darkroom Processing Line] DEBUG net.serenitybdd.core.photography.DarkroomProcessingLine -- Saving screenshot to D:\L4\L4S1\ITQA\IT-Quality-Assurance-Assignment\IT-Quality-Assurance-Assignment-UI-Testing\target\site\serenity\4886edd565c9eacae4a66df95df9eb9fb350e60d6ae6904fd4c1c500da5191cb.png
  &amp#27;[32mThen &amp#27;[0m&amp#27;[32mProducts should be filtered by all specified criteria&amp#27;[0m                            &amp#27;[90m# steps.FilterSteps.productsShouldBeFilteredByAllCriteria()&amp#27;[0m
08:48:13.797 [main] INFO  -- 
  _____   ___   ___   _____     ___     _     ___   ___   ___   ___  
 |_   _| | __| / __| |_   _|   | _ \   /_\   / __| / __| | __| |   \ 
   | |   | _|  \__ \   | |     |  _/  / _ \  \__ \ \__ \ | _|  | |) |
   |_|   |___| |___/   |_|     |_|   /_/ \_\ |___/ |___/ |___| |___/ 

Combine Multiple Filters
----------------------------------------------------------------------
]]></system-out>
    <system-err><![CDATA[Jan 03, 2025 8:47:39 AM org.openqa.selenium.devtools.CdpVersionFinder findNearestMatch
WARNING: Unable to find an exact match for CDP version 131, returning the closest version; found: 130; Please update to a Selenium version that supports CDP version 131
]]></system-err>
  </testcase>
  <testcase name="Searching for a single product" classname="Search Functionality on UI-Testing" time="12.46">
    <system-out><![CDATA[08:48:14.114 [main] DEBUG io.cucumber.core.plugin.SerenityReporter -- Running feature from file:///D:/L4/L4S1/ITQA/IT-Quality-Assurance-Assignment/IT-Quality-Assurance-Assignment-UI-Testing/src/test/resources/features/search.feature
08:48:14.116 [main] DEBUG net.thucydides.core.steps.StepEventBus -- Test suite started for story net.thucydides.model.domain.Story@3f4cb500
08:48:14.116 [main] INFO  -- Test Suite Started: Search Functionality on UI-Testing

Scenario: Searching for a single product               &amp#27;[90m# src/test/resources/features/search.feature:3&amp#27;[0m
08:48:14.124 [main] DEBUG io.cucumber.core.plugin.SerenityReporter -- Running feature from file:///D:/L4/L4S1/ITQA/IT-Quality-Assurance-Assignment/IT-Quality-Assurance-Assignment-UI-Testing/src/test/resources/features/search.feature
08:48:14.124 [main] INFO  -- 
  _____   ___   ___   _____     ___   _____     _     ___   _____   ___   ___  
 |_   _| | __| / __| |_   _|   / __| |_   _|   /_\   | _ \ |_   _| | __| |   \ 
   | |   | _|  \__ \   | |     \__ \   | |    / _ \  |   /   | |   | _|  | |) |
   |_|   |___| |___/   |_|     |___/   |_|   /_/ \_\ |_|_\   |_|   |___| |___/ 

Searching for a single product(search-functionality-on-ui-testing;searching-for-a-single-product)
--------------------------------------------------------------------------------
08:48:14.522 [main] INFO net.serenitybdd.core.webdriver.driverproviders.ChromeDriverProvider -- Starting Chrome driver instance with capabilities:
08:48:14.522 [main] INFO net.serenitybdd.core.webdriver.driverproviders.ChromeDriverProvider -- Capabilities {acceptInsecureCerts: false, browserName: chrome, goog:chromeOptions: {args: [remote-allow-origins=*], extensions: []}}
  &amp#27;[32mGiven &amp#27;[0m&amp#27;[32mI open the HomePage&amp#27;[0m                            &amp#27;[90m# steps.SearchSteps.openHomePage()&amp#27;[0m
08:48:21.734 [main] DEBUG net.serenitybdd.core.photography.Darkroom -- Opening darkroom
08:48:21.734 [Darkroom Processing Line] DEBUG net.serenitybdd.core.photography.DarkroomProcessingLine -- Darkroom processing line starting up
08:48:21.933 [main] DEBUG net.serenitybdd.core.photography.Darkroom -- Send negative for processing for D:\L4\L4S1\ITQA\IT-Quality-Assurance-Assignment\IT-Quality-Assurance-Assignment-UI-Testing\target\site\serenity\5548d9336f27232cb166cbd433544ed181eb7e6095acf4a1c4bb783e99333199.png
08:48:21.933 [Darkroom Processing Line] DEBUG net.serenitybdd.core.photography.DarkroomProcessingLine -- Processing screenshot image in /var/screenshots/screenshot-3738786194717627727
08:48:21.933 [Darkroom Processing Line] DEBUG net.serenitybdd.core.photography.DarkroomProcessingLine -- Saving screenshot to D:\L4\L4S1\ITQA\IT-Quality-Assurance-Assignment\IT-Quality-Assurance-Assignment-UI-Testing\target\site\serenity\5548d9336f27232cb166cbd433544ed181eb7e6095acf4a1c4bb783e99333199.png
  &amp#27;[32mWhen &amp#27;[0m&amp#27;[32mI search for &amp#27;[0m&amp#27;[32m&amp#27;[1m"laptop"&amp#27;[0m                           &amp#27;[90m# steps.SearchSteps.searchFor(java.lang.String)&amp#27;[0m
08:48:25.072 [main] DEBUG net.serenitybdd.core.photography.Darkroom -- Send negative for processing for D:\L4\L4S1\ITQA\IT-Quality-Assurance-Assignment\IT-Quality-Assurance-Assignment-UI-Testing\target\site\serenity\9928cb092c378ddf2fb5d9414ba332d2b29822deb6931fc579a46f67b8c131e5.png
08:48:25.072 [Darkroom Processing Line] DEBUG net.serenitybdd.core.photography.DarkroomProcessingLine -- Processing screenshot image in /var/screenshots/screenshot-13722882134590895284
08:48:25.072 [Darkroom Processing Line] DEBUG net.serenitybdd.core.photography.DarkroomProcessingLine -- Saving screenshot to D:\L4\L4S1\ITQA\IT-Quality-Assurance-Assignment\IT-Quality-Assurance-Assignment-UI-Testing\target\site\serenity\9928cb092c378ddf2fb5d9414ba332d2b29822deb6931fc579a46f67b8c131e5.png
  &amp#27;[32mThen &amp#27;[0m&amp#27;[32mI should see search results related to &amp#27;[0m&amp#27;[32m&amp#27;[1m"laptop"&amp#27;[0m &amp#27;[90m# steps.SearchSteps.seeResults(java.lang.String)&amp#27;[0m
08:48:26.282 [main] DEBUG net.serenitybdd.core.photography.Darkroom -- Send negative for processing for D:\L4\L4S1\ITQA\IT-Quality-Assurance-Assignment\IT-Quality-Assurance-Assignment-UI-Testing\target\site\serenity\9928cb092c378ddf2fb5d9414ba332d2b29822deb6931fc579a46f67b8c131e5.png
08:48:26.283 [main] INFO  -- 
  _____   ___   ___   _____     ___     _     ___   ___   ___   ___  
 |_   _| | __| / __| |_   _|   | _ \   /_\   / __| / __| | __| |   \ 
   | |   | _|  \__ \   | |     |  _/  / _ \  \__ \ \__ \ | _|  | |) |
   |_|   |___| |___/   |_|     |_|   /_/ \_\ |___/ |___/ |___| |___/ 

Searching for a single product
----------------------------------------------------------------------
]]></system-out>
    <system-err><![CDATA[Jan 03, 2025 8:48:15 AM org.openqa.selenium.devtools.CdpVersionFinder findNearestMatch
WARNING: Unable to find an exact match for CDP version 131, returning the closest version; found: 130; Please update to a Selenium version that supports CDP version 131
]]></system-err>
  </testcase>
  <testcase name="Searching for a product with multiple keywords" classname="Search Functionality on UI-Testing" time="15.14">
    <system-out><![CDATA[
Scenario: Searching for a product with multiple keywords &amp#27;[90m# src/test/resources/features/search.feature:8&amp#27;[0m
08:48:26.582 [main] DEBUG io.cucumber.core.plugin.SerenityReporter -- Running feature from file:///D:/L4/L4S1/ITQA/IT-Quality-Assurance-Assignment/IT-Quality-Assurance-Assignment-UI-Testing/src/test/resources/features/search.feature
08:48:26.582 [main] INFO  -- 
  _____   ___   ___   _____     ___   _____     _     ___   _____   ___   ___  
 |_   _| | __| / __| |_   _|   / __| |_   _|   /_\   | _ \ |_   _| | __| |   \ 
   | |   | _|  \__ \   | |     \__ \   | |    / _ \  |   /   | |   | _|  | |) |
   |_|   |___| |___/   |_|     |___/   |_|   /_/ \_\ |_|_\   |_|   |___| |___/ 

Searching for a product with multiple keywords(search-functionality-on-ui-testing;searching-for-a-product-with-multiple-keywords)
--------------------------------------------------------------------------------
08:48:26.640 [main] INFO net.serenitybdd.core.webdriver.driverproviders.ChromeDriverProvider -- Starting Chrome driver instance with capabilities:
08:48:26.640 [main] INFO net.serenitybdd.core.webdriver.driverproviders.ChromeDriverProvider -- Capabilities {acceptInsecureCerts: false, browserName: chrome, goog:chromeOptions: {args: [remote-allow-origins=*], extensions: []}}
  &amp#27;[32mGiven &amp#27;[0m&amp#27;[32mI open the HomePage&amp#27;[0m                              &amp#27;[90m# steps.SearchSteps.openHomePage()&amp#27;[0m
08:48:35.154 [main] DEBUG net.serenitybdd.core.photography.Darkroom -- Send negative for processing for D:\L4\L4S1\ITQA\IT-Quality-Assurance-Assignment\IT-Quality-Assurance-Assignment-UI-Testing\target\site\serenity\5548d9336f27232cb166cbd433544ed181eb7e6095acf4a1c4bb783e99333199.png
  &amp#27;[32mWhen &amp#27;[0m&amp#27;[32mI search for &amp#27;[0m&amp#27;[32m&amp#27;[1m"dell laptop"&amp#27;[0m                        &amp#27;[90m# steps.SearchSteps.searchFor(java.lang.String)&amp#27;[0m
08:48:40.221 [main] DEBUG net.serenitybdd.core.photography.Darkroom -- Send negative for processing for D:\L4\L4S1\ITQA\IT-Quality-Assurance-Assignment\IT-Quality-Assurance-Assignment-UI-Testing\target\site\serenity\ce57d8a9b075d1fa7cc0015f6636e5e98532d360ccd113fa84dac33bf9759ae6.png
08:48:40.221 [Darkroom Processing Line] DEBUG net.serenitybdd.core.photography.DarkroomProcessingLine -- Processing screenshot image in /var/screenshots/screenshot-13771263641096952578
08:48:40.221 [Darkroom Processing Line] DEBUG net.serenitybdd.core.photography.DarkroomProcessingLine -- Saving screenshot to D:\L4\L4S1\ITQA\IT-Quality-Assurance-Assignment\IT-Quality-Assurance-Assignment-UI-Testing\target\site\serenity\ce57d8a9b075d1fa7cc0015f6636e5e98532d360ccd113fa84dac33bf9759ae6.png
  &amp#27;[32mThen &amp#27;[0m&amp#27;[32mI should see search results related to &amp#27;[0m&amp#27;[32m&amp#27;[1m"dell"&amp#27;[0m     &amp#27;[90m# steps.SearchSteps.seeResults(java.lang.String)&amp#27;[0m
08:48:41.426 [main] DEBUG net.serenitybdd.core.photography.Darkroom -- Send negative for processing for D:\L4\L4S1\ITQA\IT-Quality-Assurance-Assignment\IT-Quality-Assurance-Assignment-UI-Testing\target\site\serenity\ce57d8a9b075d1fa7cc0015f6636e5e98532d360ccd113fa84dac33bf9759ae6.png
08:48:41.429 [main] INFO  -- 
  _____   ___   ___   _____     ___     _     ___   ___   ___   ___  
 |_   _| | __| / __| |_   _|   | _ \   /_\   / __| / __| | __| |   \ 
   | |   | _|  \__ \   | |     |  _/  / _ \  \__ \ \__ \ | _|  | |) |
   |_|   |___| |___/   |_|     |_|   /_/ \_\ |___/ |___/ |___| |___/ 

Searching for a product with multiple keywords
----------------------------------------------------------------------
]]></system-out>
    <system-err><![CDATA[Jan 03, 2025 8:48:27 AM org.openqa.selenium.devtools.CdpVersionFinder findNearestMatch
WARNING: Unable to find an exact match for CDP version 131, returning the closest version; found: 130; Please update to a Selenium version that supports CDP version 131
]]></system-err>
  </testcase>
  <testcase name="Searching for a product with special characters" classname="Search Functionality on UI-Testing" time="12.779">
    <system-out><![CDATA[
Scenario: Searching for a product with special characters          &amp#27;[90m# src/test/resources/features/search.feature:13&amp#27;[0m
08:48:41.727 [main] DEBUG io.cucumber.core.plugin.SerenityReporter -- Running feature from file:///D:/L4/L4S1/ITQA/IT-Quality-Assurance-Assignment/IT-Quality-Assurance-Assignment-UI-Testing/src/test/resources/features/search.feature
08:48:41.728 [main] INFO  -- 
  _____   ___   ___   _____     ___   _____     _     ___   _____   ___   ___  
 |_   _| | __| / __| |_   _|   / __| |_   _|   /_\   | _ \ |_   _| | __| |   \ 
   | |   | _|  \__ \   | |     \__ \   | |    / _ \  |   /   | |   | _|  | |) |
   |_|   |___| |___/   |_|     |___/   |_|   /_/ \_\ |_|_\   |_|   |___| |___/ 

Searching for a product with special characters(search-functionality-on-ui-testing;searching-for-a-product-with-special-characters)
--------------------------------------------------------------------------------
08:48:41.791 [main] INFO net.serenitybdd.core.webdriver.driverproviders.ChromeDriverProvider -- Starting Chrome driver instance with capabilities:
08:48:41.792 [main] INFO net.serenitybdd.core.webdriver.driverproviders.ChromeDriverProvider -- Capabilities {acceptInsecureCerts: false, browserName: chrome, goog:chromeOptions: {args: [remote-allow-origins=*], extensions: []}}
  &amp#27;[32mGiven &amp#27;[0m&amp#27;[32mI open the HomePage&amp#27;[0m                                        &amp#27;[90m# steps.SearchSteps.openHomePage()&amp#27;[0m
08:48:49.982 [main] DEBUG net.serenitybdd.core.photography.Darkroom -- Send negative for processing for D:\L4\L4S1\ITQA\IT-Quality-Assurance-Assignment\IT-Quality-Assurance-Assignment-UI-Testing\target\site\serenity\5548d9336f27232cb166cbd433544ed181eb7e6095acf4a1c4bb783e99333199.png
  &amp#27;[32mWhen &amp#27;[0m&amp#27;[32mI search for &amp#27;[0m&amp#27;[32m&amp#27;[1m"msi modern 15 B13M"&amp#27;[0m                           &amp#27;[90m# steps.SearchSteps.searchFor(java.lang.String)&amp#27;[0m
08:48:52.951 [main] DEBUG net.serenitybdd.core.photography.Darkroom -- Send negative for processing for D:\L4\L4S1\ITQA\IT-Quality-Assurance-Assignment\IT-Quality-Assurance-Assignment-UI-Testing\target\site\serenity\cad74e99b59b07e59961933681d15347bc7040b9f131feb05ba45ef092ebe96a.png
08:48:52.952 [Darkroom Processing Line] DEBUG net.serenitybdd.core.photography.DarkroomProcessingLine -- Processing screenshot image in /var/screenshots/screenshot-11680113056163929061
08:48:52.952 [Darkroom Processing Line] DEBUG net.serenitybdd.core.photography.DarkroomProcessingLine -- Saving screenshot to D:\L4\L4S1\ITQA\IT-Quality-Assurance-Assignment\IT-Quality-Assurance-Assignment-UI-Testing\target\site\serenity\cad74e99b59b07e59961933681d15347bc7040b9f131feb05ba45ef092ebe96a.png
  &amp#27;[32mThen &amp#27;[0m&amp#27;[32mI should see search results related to &amp#27;[0m&amp#27;[32m&amp#27;[1m"msi modern 15 B13M"&amp#27;[0m &amp#27;[90m# steps.SearchSteps.seeResults(java.lang.String)&amp#27;[0m
08:48:54.133 [main] DEBUG net.serenitybdd.core.photography.Darkroom -- Send negative for processing for D:\L4\L4S1\ITQA\IT-Quality-Assurance-Assignment\IT-Quality-Assurance-Assignment-UI-Testing\target\site\serenity\cad74e99b59b07e59961933681d15347bc7040b9f131feb05ba45ef092ebe96a.png
08:48:54.134 [main] INFO  -- 
  _____   ___   ___   _____     ___     _     ___   ___   ___   ___  
 |_   _| | __| / __| |_   _|   | _ \   /_\   / __| / __| | __| |   \ 
   | |   | _|  \__ \   | |     |  _/  / _ \  \__ \ \__ \ | _|  | |) |
   |_|   |___| |___/   |_|     |_|   /_/ \_\ |___/ |___/ |___| |___/ 

Searching for a product with special characters
----------------------------------------------------------------------
]]></system-out>
    <system-err><![CDATA[Jan 03, 2025 8:48:43 AM org.openqa.selenium.devtools.CdpVersionFinder findNearestMatch
WARNING: Unable to find an exact match for CDP version 131, returning the closest version; found: 130; Please update to a Selenium version that supports CDP version 131
]]></system-err>
  </testcase>
  <testcase name="Searching for a non-existent product" classname="Search Functionality on UI-Testing" time="11.526">
    <system-out><![CDATA[
Scenario: Searching for a non-existent product                        &amp#27;[90m# src/test/resources/features/search.feature:18&amp#27;[0m
08:48:54.504 [main] DEBUG io.cucumber.core.plugin.SerenityReporter -- Running feature from file:///D:/L4/L4S1/ITQA/IT-Quality-Assurance-Assignment/IT-Quality-Assurance-Assignment-UI-Testing/src/test/resources/features/search.feature
08:48:54.505 [main] INFO  -- 
  _____   ___   ___   _____     ___   _____     _     ___   _____   ___   ___  
 |_   _| | __| / __| |_   _|   / __| |_   _|   /_\   | _ \ |_   _| | __| |   \ 
   | |   | _|  \__ \   | |     \__ \   | |    / _ \  |   /   | |   | _|  | |) |
   |_|   |___| |___/   |_|     |___/   |_|   /_/ \_\ |_|_\   |_|   |___| |___/ 

Searching for a non-existent product(search-functionality-on-ui-testing;searching-for-a-non-existent-product)
--------------------------------------------------------------------------------
08:48:54.582 [main] INFO net.serenitybdd.core.webdriver.driverproviders.ChromeDriverProvider -- Starting Chrome driver instance with capabilities:
08:48:54.583 [main] INFO net.serenitybdd.core.webdriver.driverproviders.ChromeDriverProvider -- Capabilities {acceptInsecureCerts: false, browserName: chrome, goog:chromeOptions: {args: [remote-allow-origins=*], extensions: []}}
  &amp#27;[32mGiven &amp#27;[0m&amp#27;[32mI open the HomePage&amp#27;[0m                                           &amp#27;[90m# steps.SearchSteps.openHomePage()&amp#27;[0m
08:49:01.897 [main] DEBUG net.serenitybdd.core.photography.Darkroom -- Send negative for processing for D:\L4\L4S1\ITQA\IT-Quality-Assurance-Assignment\IT-Quality-Assurance-Assignment-UI-Testing\target\site\serenity\5548d9336f27232cb166cbd433544ed181eb7e6095acf4a1c4bb783e99333199.png
  &amp#27;[32mWhen &amp#27;[0m&amp#27;[32mI search for &amp#27;[0m&amp#27;[32m&amp#27;[1m"xyz123nonexistentproduct"&amp#27;[0m                        &amp#27;[90m# steps.SearchSteps.searchFor(java.lang.String)&amp#27;[0m
08:49:04.503 [main] DEBUG net.serenitybdd.core.photography.Darkroom -- Send negative for processing for D:\L4\L4S1\ITQA\IT-Quality-Assurance-Assignment\IT-Quality-Assurance-Assignment-UI-Testing\target\site\serenity\ac7fce124792d1a9f343efc7e33ee6f4c0aa60b41d2e4a8e96b583071418154f.png
08:49:04.503 [Darkroom Processing Line] DEBUG net.serenitybdd.core.photography.DarkroomProcessingLine -- Processing screenshot image in /var/screenshots/screenshot-9476618795828148336
08:49:04.503 [Darkroom Processing Line] DEBUG net.serenitybdd.core.photography.DarkroomProcessingLine -- Saving screenshot to D:\L4\L4S1\ITQA\IT-Quality-Assurance-Assignment\IT-Quality-Assurance-Assignment-UI-Testing\target\site\serenity\ac7fce124792d1a9f343efc7e33ee6f4c0aa60b41d2e4a8e96b583071418154f.png
Message found in page source.
  &amp#27;[32mThen &amp#27;[0m&amp#27;[32mI should see a message indicating no search results were found&amp#27;[0m &amp#27;[90m# steps.SearchSteps.verifyNoResults()&amp#27;[0m
08:49:05.653 [main] DEBUG net.serenitybdd.core.photography.Darkroom -- Send negative for processing for D:\L4\L4S1\ITQA\IT-Quality-Assurance-Assignment\IT-Quality-Assurance-Assignment-UI-Testing\target\site\serenity\ac7fce124792d1a9f343efc7e33ee6f4c0aa60b41d2e4a8e96b583071418154f.png
08:49:05.654 [main] INFO  -- 
  _____   ___   ___   _____     ___     _     ___   ___   ___   ___  
 |_   _| | __| / __| |_   _|   | _ \   /_\   / __| / __| | __| |   \ 
   | |   | _|  \__ \   | |     |  _/  / _ \  \__ \ \__ \ | _|  | |) |
   |_|   |___| |___/   |_|     |_|   /_/ \_\ |___/ |___/ |___| |___/ 

Searching for a non-existent product
----------------------------------------------------------------------
]]></system-out>
    <system-err><![CDATA[Jan 03, 2025 8:48:55 AM org.openqa.selenium.devtools.CdpVersionFinder findNearestMatch
WARNING: Unable to find an exact match for CDP version 131, returning the closest version; found: 130; Please update to a Selenium version that supports CDP version 131
]]></system-err>
  </testcase>
  <testcase name="Searching for only special Characters" classname="Search Functionality on UI-Testing" time="15.86">
    <failure type="java.lang.AssertionError"><![CDATA[java.lang.AssertionError
	at steps.SearchSteps.verifyNoResults(SearchSteps.java:46)
	at ✽.I should see a message indicating no search results were found(file:///D:/L4/L4S1/ITQA/IT-Quality-Assurance-Assignment/IT-Quality-Assurance-Assignment-UI-Testing/src/test/resources/features/search.feature:26)
]]></failure>
    <system-out><![CDATA[
Scenario: Searching for only special Characters                       &amp#27;[90m# src/test/resources/features/search.feature:23&amp#27;[0m
08:49:06.033 [main] DEBUG io.cucumber.core.plugin.SerenityReporter -- Running feature from file:///D:/L4/L4S1/ITQA/IT-Quality-Assurance-Assignment/IT-Quality-Assurance-Assignment-UI-Testing/src/test/resources/features/search.feature
08:49:06.035 [main] INFO  -- 
  _____   ___   ___   _____     ___   _____     _     ___   _____   ___   ___  
 |_   _| | __| / __| |_   _|   / __| |_   _|   /_\   | _ \ |_   _| | __| |   \ 
   | |   | _|  \__ \   | |     \__ \   | |    / _ \  |   /   | |   | _|  | |) |
   |_|   |___| |___/   |_|     |___/   |_|   /_/ \_\ |_|_\   |_|   |___| |___/ 

Searching for only special Characters(search-functionality-on-ui-testing;searching-for-only-special-characters)
--------------------------------------------------------------------------------
08:49:06.112 [main] INFO net.serenitybdd.core.webdriver.driverproviders.ChromeDriverProvider -- Starting Chrome driver instance with capabilities:
08:49:06.112 [main] INFO net.serenitybdd.core.webdriver.driverproviders.ChromeDriverProvider -- Capabilities {acceptInsecureCerts: false, browserName: chrome, goog:chromeOptions: {args: [remote-allow-origins=*], extensions: []}}
  &amp#27;[32mGiven &amp#27;[0m&amp#27;[32mI open the HomePage&amp#27;[0m                                           &amp#27;[90m# steps.SearchSteps.openHomePage()&amp#27;[0m
08:49:16.650 [main] DEBUG net.serenitybdd.core.photography.Darkroom -- Send negative for processing for D:\L4\L4S1\ITQA\IT-Quality-Assurance-Assignment\IT-Quality-Assurance-Assignment-UI-Testing\target\site\serenity\5548d9336f27232cb166cbd433544ed181eb7e6095acf4a1c4bb783e99333199.png
  &amp#27;[32mWhen &amp#27;[0m&amp#27;[32mI search for &amp#27;[0m&amp#27;[32m&amp#27;[1m"!@#%^&*"&amp#27;[0m                                         &amp#27;[90m# steps.SearchSteps.searchFor(java.lang.String)&amp#27;[0m
08:49:20.029 [main] DEBUG net.serenitybdd.core.photography.Darkroom -- Send negative for processing for D:\L4\L4S1\ITQA\IT-Quality-Assurance-Assignment\IT-Quality-Assurance-Assignment-UI-Testing\target\site\serenity\cdf1c61c99bdd82bb8cd6e064b26b5cb0170acec774294a808ac36fa11b998af.png
08:49:20.029 [Darkroom Processing Line] DEBUG net.serenitybdd.core.photography.DarkroomProcessingLine -- Processing screenshot image in /var/screenshots/screenshot-3640851850972278922
08:49:20.029 [Darkroom Processing Line] DEBUG net.serenitybdd.core.photography.DarkroomProcessingLine -- Saving screenshot to D:\L4\L4S1\ITQA\IT-Quality-Assurance-Assignment\IT-Quality-Assurance-Assignment-UI-Testing\target\site\serenity\cdf1c61c99bdd82bb8cd6e064b26b5cb0170acec774294a808ac36fa11b998af.png
  &amp#27;[31mThen &amp#27;[0m&amp#27;[31mI should see a message indicating no search results were found&amp#27;[0m &amp#27;[90m# steps.SearchSteps.verifyNoResults()&amp#27;[0m
      &amp#27;[31mjava.lang.AssertionError
	at org.junit.Assert.fail(Assert.java:87)
	at org.junit.Assert.assertTrue(Assert.java:42)
	at org.junit.Assert.assertTrue(Assert.java:53)
	at steps.SearchSteps.verifyNoResults(SearchSteps.java:46)
	at ✽.I should see a message indicating no search results were found(file:///D:/L4/L4S1/ITQA/IT-Quality-Assurance-Assignment/IT-Quality-Assurance-Assignment-UI-Testing/src/test/resources/features/search.feature:26)
&amp#27;[0m
08:49:21.235 [main] DEBUG net.serenitybdd.core.photography.Darkroom -- Send negative for processing for D:\L4\L4S1\ITQA\IT-Quality-Assurance-Assignment\IT-Quality-Assurance-Assignment-UI-Testing\target\site\serenity\cdf1c61c99bdd82bb8cd6e064b26b5cb0170acec774294a808ac36fa11b998af.png
08:49:21.538 [main] ERROR  -- 
  _____   ___   ___   _____     ___     _     ___   _      ___   ___  
 |_   _| | __| / __| |_   _|   | __|   /_\   |_ _| | |    | __| |   \ 
   | |   | _|  \__ \   | |     | _|   / _ \   | |  | |__  | _|  | |) |
   |_|   |___| |___/   |_|     |_|   /_/ \_\ |___| |____| |___| |___/ 

Searching for only special Characters
-----------------------------------------------------------------------
08:49:21.542 [main] DEBUG  -- RELATED ISSUES: 
08:49:21.543 [main] ERROR  --     Test failed at step: Then I should see a message indicating no search results were found
08:49:21.543 [main] ERROR  --     
]]></system-out>
    <system-err><![CDATA[Jan 03, 2025 8:49:07 AM org.openqa.selenium.devtools.CdpVersionFinder findNearestMatch
WARNING: Unable to find an exact match for CDP version 131, returning the closest version; found: 130; Please update to a Selenium version that supports CDP version 131
Message not found in page source.
]]></system-err>
  </testcase>
</testsuite>