[{"line":1,"elements":[{"start_timestamp":"2025-01-03T12:36:33.655Z","line":3,"name":"Accessing the Red Loyalty Points page","description":"","id":"red-loyalty-points-functionality;accessing-the-red-loyalty-points-page","type":"scenario","keyword":"Scenario","steps":[{"result":{"duration":11384504000,"status":"passed"},"line":4,"name":"I am on the homepage","match":{"location":"steps.RedLoyaltySteps.openHomePage()"},"keyword":"Given "},{"result":{"duration":4349521000,"status":"passed"},"line":5,"name":"I click the Red Loyalty Tab","match":{"location":"steps.RedLoyaltySteps.clickRedLoyaltyTab()"},"keyword":"When "},{"result":{"duration":12277000,"status":"passed"},"line":6,"name":"I should be redirected to the Red Loyalty page","match":{"location":"steps.RedLoyaltySteps.verifyRedLoyaltyPage()"},"keyword":"Then "}]},{"start_timestamp":"2025-01-03T12:36:50.568Z","line":8,"name":"Checking Red Points with a valid NIC","description":"","id":"red-loyalty-points-functionality;checking-red-points-with-a-valid-nic","type":"scenario","keyword":"Scenario","steps":[{"result":{"duration":2989558000,"status":"passed"},"line":9,"name":"I am on the Red Loyalty page","match":{"location":"steps.RedLoyaltySteps.openRedLoyaltyPage()"},"keyword":"Given "},{"result":{"duration":127003000,"status":"passed"},"line":10,"name":"I click the \"Check Red Points and Loyalty Status\" button","match":{"location":"steps.RedLoyaltySteps.clickCheckRedPointsButton()"},"keyword":"When "},{"result":{"error_message":"org.openqa.selenium.NoSuchElementException: Expected condition failed: waiting for By.cssSelector: #MyNIC to be displayed (tried for 5 second(s) with 100 milliseconds interval)\nBuild info: version: '4.26.0', revision: '8ccf0219d7'\nSystem info: os.name: 'Mac OS X', os.arch: 'aarch64', os.version: '15.1.1', java.version: '23.0.1'\nDriver info: driver.version: unknown\n\tat net.serenitybdd.core.pages.WebElementFacadeImpl.throwNoSuchElementExceptionWithCauseIfPresent(WebElementFacadeImpl.java:1021)\n\tat net.serenitybdd.core.pages.WebElementFacadeImpl.checkPresenceOfWebElement(WebElementFacadeImpl.java:994)\n\tat net.serenitybdd.core.pages.WebElementFacadeImpl.waitUntilVisible(WebElementFacadeImpl.java:1001)\n\tat pages.RedLoyaltyPage.enterNIC(RedLoyaltyPage.java:30)\n\tat pages.RedLoyaltyPage$ByteBuddy$SJHPErqr.enterNIC$accessor$21skbNzN(Unknown Source)\n\tat java.base/jdk.internal.reflect.DirectMethodHandleAccessor.invoke(DirectMethodHandleAccessor.java:103)\n\tat java.base/java.lang.reflect.Method.invoke(Method.java:580)\n\tat net.thucydides.core.steps.BaseMethodRunner.invokeMethod(BaseMethodRunner.java:18)\n\tat net.thucydides.core.steps.NormalMethodRunner.invokeMethodAndNotifyFailures(NormalMethodRunner.java:18)\n\tat net.thucydides.core.steps.StepInterceptor.runNormalMethod(StepInterceptor.java:425)\n\tat net.thucydides.core.steps.StepInterceptor.testStepResult(StepInterceptor.java:200)\n\tat net.thucydides.core.steps.StepInterceptor.intercept(StepInterceptor.java:93)\n\tat net.thucydides.core.steps.ProxyConfiguration$InterceptorDispatcher.intercept(ProxyConfiguration.java:51)\n\tat pages.RedLoyaltyPage$ByteBuddy$SJHPErqr.enterNIC(Unknown Source)\n\tat steps.RedLoyaltySteps.enterValidNIC(RedLoyaltySteps.java:63)\n\tat ✽.I enter a valid NIC \"199012345678\"(file:///Users/krishihanravi/Desktop/ITQA/GroupNo44_Serenity_BDD_using_cucumber/IT-Quality-Assurance-Assignment-UI-Testing/src/test/resources/features/loyaltyPoints.feature:11)\nCaused by: org.openqa.selenium.TimeoutException: Expected condition failed: waiting for By.cssSelector: #MyNIC to be displayed (tried for 5 second(s) with 100 milliseconds interval)\nBuild info: version: '4.26.0', revision: '8ccf0219d7'\nSystem info: os.name: 'Mac OS X', os.arch: 'aarch64', os.version: '15.1.1', java.version: '23.0.1'\nDriver info: driver.version: unknown\n\tat org.openqa.selenium.support.ui.FluentWait.timeoutException(FluentWait.java:265)\n\tat org.openqa.selenium.support.ui.FluentWait.until(FluentWait.java:228)\n\tat net.serenitybdd.core.pages.WebElementFacadeImpl.checkPresenceOfWebElement(WebElementFacadeImpl.java:988)\n\tat net.serenitybdd.core.pages.WebElementFacadeImpl.waitUntilVisible(WebElementFacadeImpl.java:1001)\n\tat pages.RedLoyaltyPage.enterNIC(RedLoyaltyPage.java:30)\n\tat pages.RedLoyaltyPage$ByteBuddy$SJHPErqr.enterNIC$accessor$21skbNzN(Unknown Source)\n\tat java.base/jdk.internal.reflect.DirectMethodHandleAccessor.invoke(DirectMethodHandleAccessor.java:103)\n\tat java.base/java.lang.reflect.Method.invoke(Method.java:580)\n\tat net.thucydides.core.steps.BaseMethodRunner.invokeMethod(BaseMethodRunner.java:18)\n\tat net.thucydides.core.steps.NormalMethodRunner.invokeMethodAndNotifyFailures(NormalMethodRunner.java:18)\n\tat net.thucydides.core.steps.StepInterceptor.runNormalMethod(StepInterceptor.java:425)\n\tat net.thucydides.core.steps.StepInterceptor.testStepResult(StepInterceptor.java:200)\n\tat net.thucydides.core.steps.StepInterceptor.intercept(StepInterceptor.java:93)\n\tat net.thucydides.core.steps.ProxyConfiguration$InterceptorDispatcher.intercept(ProxyConfiguration.java:51)\n\tat pages.RedLoyaltyPage$ByteBuddy$SJHPErqr.enterNIC(Unknown Source)\n\tat steps.RedLoyaltySteps.enterValidNIC(RedLoyaltySteps.java:63)\n\tat java.base/jdk.internal.reflect.DirectMethodHandleAccessor.invoke(DirectMethodHandleAccessor.java:103)\n\tat java.base/java.lang.reflect.Method.invoke(Method.java:580)\n\tat io.cucumber.java.Invoker.doInvoke(Invoker.java:66)\n\tat io.cucumber.java.Invoker.invoke(Invoker.java:24)\n\tat io.cucumber.java.AbstractGlueDefinition.invokeMethod(AbstractGlueDefinition.java:47)\n\tat io.cucumber.java.JavaStepDefinition.execute(JavaStepDefinition.java:29)\n\tat io.cucumber.core.runner.CoreStepDefinition.execute(CoreStepDefinition.java:66)\n\tat io.cucumber.core.runner.PickleStepDefinitionMatch.runStep(PickleStepDefinitionMatch.java:62)\n\tat io.cucumber.core.runner.ExecutionMode$1.execute(ExecutionMode.java:10)\n\tat io.cucumber.core.runner.TestStep.executeStep(TestStep.java:81)\n\tat io.cucumber.core.runner.TestStep.run(TestStep.java:53)\n\tat io.cucumber.core.runner.PickleStepTestStep.run(PickleStepTestStep.java:51)\n\tat io.cucumber.core.runner.TestCase.run(TestCase.java:84)\n\tat io.cucumber.core.runner.Runner.runPickle(Runner.java:75)\n\tat io.cucumber.junit.PickleRunners$NoStepDescriptions.lambda$run$0(PickleRunners.java:151)\n\tat io.cucumber.core.runtime.CucumberExecutionContext.lambda$runTestCase$5(CucumberExecutionContext.java:136)\n\tat io.cucumber.core.runtime.RethrowingThrowableCollector.executeAndThrow(RethrowingThrowableCollector.java:23)\n\tat io.cucumber.core.runtime.CucumberExecutionContext.runTestCase(CucumberExecutionContext.java:136)\n\tat io.cucumber.junit.PickleRunners$NoStepDescriptions.run(PickleRunners.java:148)\n\tat io.cucumber.junit.FeatureRunner.runChild(FeatureRunner.java:144)\n\tat io.cucumber.junit.FeatureRunner.runChild(FeatureRunner.java:28)\n\tat org.junit.runners.ParentRunner$4.run(ParentRunner.java:331)\n\tat org.junit.runners.ParentRunner$1.schedule(ParentRunner.java:79)\n\tat org.junit.runners.ParentRunner.runChildren(ParentRunner.java:329)\n\tat org.junit.runners.ParentRunner.access$100(ParentRunner.java:66)\n\tat org.junit.runners.ParentRunner$2.evaluate(ParentRunner.java:293)\n\tat org.junit.runners.ParentRunner$3.evaluate(ParentRunner.java:306)\n\tat org.junit.runners.ParentRunner.run(ParentRunner.java:413)\n\tat io.cucumber.junit.FeatureRunner.run(FeatureRunner.java:137)\n\tat io.cucumber.junit.CucumberSerenityBaseRunner.runChild(CucumberSerenityBaseRunner.java:330)\n\tat io.cucumber.junit.CucumberSerenityBaseRunner.runChild(CucumberSerenityBaseRunner.java:51)\n\tat org.junit.runners.ParentRunner$4.run(ParentRunner.java:331)\n\tat org.junit.runners.ParentRunner$1.schedule(ParentRunner.java:79)\n\tat org.junit.runners.ParentRunner.runChildren(ParentRunner.java:329)\n\tat org.junit.runners.ParentRunner.access$100(ParentRunner.java:66)\n\tat org.junit.runners.ParentRunner$2.evaluate(ParentRunner.java:293)\n\tat io.cucumber.junit.CucumberSerenityBaseRunner$RunCucumber.evaluate(CucumberSerenityBaseRunner.java:361)\n\tat org.junit.runners.ParentRunner$3.evaluate(ParentRunner.java:306)\n\tat org.junit.runners.ParentRunner.run(ParentRunner.java:413)\n\tat org.junit.runner.JUnitCore.run(JUnitCore.java:137)\n\tat org.junit.runner.JUnitCore.run(JUnitCore.java:115)\n\tat org.junit.vintage.engine.execution.RunnerExecutor.execute(RunnerExecutor.java:42)\n\tat org.junit.vintage.engine.VintageTestEngine.executeAllChildren(VintageTestEngine.java:80)\n\tat org.junit.vintage.engine.VintageTestEngine.execute(VintageTestEngine.java:72)\n\tat org.junit.platform.launcher.core.EngineExecutionOrchestrator.execute(EngineExecutionOrchestrator.java:198)\n\tat org.junit.platform.launcher.core.EngineExecutionOrchestrator.execute(EngineExecutionOrchestrator.java:169)\n\tat org.junit.platform.launcher.core.EngineExecutionOrchestrator.execute(EngineExecutionOrchestrator.java:93)\n\tat org.junit.platform.launcher.core.EngineExecutionOrchestrator.lambda$execute$0(EngineExecutionOrchestrator.java:58)\n\tat org.junit.platform.launcher.core.EngineExecutionOrchestrator.withInterceptedStreams(EngineExecutionOrchestrator.java:141)\n\tat org.junit.platform.launcher.core.EngineExecutionOrchestrator.execute(EngineExecutionOrchestrator.java:57)\n\tat org.junit.platform.launcher.core.DefaultLauncher.execute(DefaultLauncher.java:103)\n\tat org.junit.platform.launcher.core.DefaultLauncher.execute(DefaultLauncher.java:85)\n\tat org.junit.platform.launcher.core.DelegatingLauncher.execute(DelegatingLauncher.java:47)\n\tat org.apache.maven.surefire.junitplatform.LazyLauncher.execute(LazyLauncher.java:56)\n\tat org.apache.maven.surefire.junitplatform.JUnitPlatformProvider.execute(JUnitPlatformProvider.java:184)\n\tat org.apache.maven.surefire.junitplatform.JUnitPlatformProvider.invokeAllTests(JUnitPlatformProvider.java:148)\n\tat org.apache.maven.surefire.junitplatform.JUnitPlatformProvider.invoke(JUnitPlatformProvider.java:122)\n\tat org.apache.maven.surefire.booter.ForkedBooter.runSuitesInProcess(ForkedBooter.java:385)\n\tat org.apache.maven.surefire.booter.ForkedBooter.execute(ForkedBooter.java:162)\n\tat org.apache.maven.surefire.booter.ForkedBooter.run(ForkedBooter.java:507)\n\tat org.apache.maven.surefire.booter.ForkedBooter.main(ForkedBooter.java:495)\n","duration":6942244000,"status":"failed"},"line":11,"name":"I enter a valid NIC \"199012345678\"","match":{"arguments":[{"val":"\"199012345678\"","offset":20}],"location":"steps.RedLoyaltySteps.enterValidNIC(java.lang.String)"},"keyword":"And "},{"result":{"duration":938000,"status":"skipped"},"line":12,"name":"I click the Submit button","match":{"location":"steps.RedLoyaltySteps.clickSubmitButton()"},"keyword":"And "},{"result":{"duration":555000,"status":"skipped"},"line":13,"name":"I should see the available red points","match":{"location":"steps.RedLoyaltySteps.verifyRedPoints()"},"keyword":"Then "}]},{"start_timestamp":"2025-01-03T12:37:27.340Z","line":15,"name":"Checking Red Points with an invalid NIC","description":"","id":"red-loyalty-points-functionality;checking-red-points-with-an-invalid-nic","type":"scenario","keyword":"Scenario","steps":[{"result":{"duration":23628056000,"status":"passed"},"line":16,"name":"I am on the Red Loyalty page","match":{"location":"steps.RedLoyaltySteps.openRedLoyaltyPage()"},"keyword":"Given "},{"result":{"duration":112481000,"status":"passed"},"line":17,"name":"I click the \"Check Red Points and Loyalty Status\" button","match":{"location":"steps.RedLoyaltySteps.clickCheckRedPointsButton()"},"keyword":"When "},{"result":{"error_message":"org.openqa.selenium.NoSuchElementException: Expected condition failed: waiting for By.cssSelector: #MyNIC to be displayed (tried for 5 second(s) with 100 milliseconds interval)\nBuild info: version: '4.26.0', revision: '8ccf0219d7'\nSystem info: os.name: 'Mac OS X', os.arch: 'aarch64', os.version: '15.1.1', java.version: '23.0.1'\nDriver info: driver.version: unknown\n\tat net.serenitybdd.core.pages.WebElementFacadeImpl.throwNoSuchElementExceptionWithCauseIfPresent(WebElementFacadeImpl.java:1021)\n\tat net.serenitybdd.core.pages.WebElementFacadeImpl.checkPresenceOfWebElement(WebElementFacadeImpl.java:994)\n\tat net.serenitybdd.core.pages.WebElementFacadeImpl.waitUntilVisible(WebElementFacadeImpl.java:1001)\n\tat pages.RedLoyaltyPage.enterNIC(RedLoyaltyPage.java:30)\n\tat pages.RedLoyaltyPage$ByteBuddy$SJHPErqr.enterNIC$accessor$21skbNzN(Unknown Source)\n\tat java.base/jdk.internal.reflect.DirectMethodHandleAccessor.invoke(DirectMethodHandleAccessor.java:103)\n\tat java.base/java.lang.reflect.Method.invoke(Method.java:580)\n\tat net.thucydides.core.steps.BaseMethodRunner.invokeMethod(BaseMethodRunner.java:18)\n\tat net.thucydides.core.steps.NormalMethodRunner.invokeMethodAndNotifyFailures(NormalMethodRunner.java:18)\n\tat net.thucydides.core.steps.StepInterceptor.runNormalMethod(StepInterceptor.java:425)\n\tat net.thucydides.core.steps.StepInterceptor.testStepResult(StepInterceptor.java:200)\n\tat net.thucydides.core.steps.StepInterceptor.intercept(StepInterceptor.java:93)\n\tat net.thucydides.core.steps.ProxyConfiguration$InterceptorDispatcher.intercept(ProxyConfiguration.java:51)\n\tat pages.RedLoyaltyPage$ByteBuddy$SJHPErqr.enterNIC(Unknown Source)\n\tat steps.RedLoyaltySteps.enterInvalidNIC(RedLoyaltySteps.java:68)\n\tat ✽.I enter an invalid NIC \"12345678\"(file:///Users/krishihanravi/Desktop/ITQA/GroupNo44_Serenity_BDD_using_cucumber/IT-Quality-Assurance-Assignment-UI-Testing/src/test/resources/features/loyaltyPoints.feature:18)\nCaused by: org.openqa.selenium.TimeoutException: Expected condition failed: waiting for By.cssSelector: #MyNIC to be displayed (tried for 5 second(s) with 100 milliseconds interval)\nBuild info: version: '4.26.0', revision: '8ccf0219d7'\nSystem info: os.name: 'Mac OS X', os.arch: 'aarch64', os.version: '15.1.1', java.version: '23.0.1'\nDriver info: driver.version: unknown\n\tat org.openqa.selenium.support.ui.FluentWait.timeoutException(FluentWait.java:265)\n\tat org.openqa.selenium.support.ui.FluentWait.until(FluentWait.java:228)\n\tat net.serenitybdd.core.pages.WebElementFacadeImpl.checkPresenceOfWebElement(WebElementFacadeImpl.java:988)\n\tat net.serenitybdd.core.pages.WebElementFacadeImpl.waitUntilVisible(WebElementFacadeImpl.java:1001)\n\tat pages.RedLoyaltyPage.enterNIC(RedLoyaltyPage.java:30)\n\tat pages.RedLoyaltyPage$ByteBuddy$SJHPErqr.enterNIC$accessor$21skbNzN(Unknown Source)\n\tat java.base/jdk.internal.reflect.DirectMethodHandleAccessor.invoke(DirectMethodHandleAccessor.java:103)\n\tat java.base/java.lang.reflect.Method.invoke(Method.java:580)\n\tat net.thucydides.core.steps.BaseMethodRunner.invokeMethod(BaseMethodRunner.java:18)\n\tat net.thucydides.core.steps.NormalMethodRunner.invokeMethodAndNotifyFailures(NormalMethodRunner.java:18)\n\tat net.thucydides.core.steps.StepInterceptor.runNormalMethod(StepInterceptor.java:425)\n\tat net.thucydides.core.steps.StepInterceptor.testStepResult(StepInterceptor.java:200)\n\tat net.thucydides.core.steps.StepInterceptor.intercept(StepInterceptor.java:93)\n\tat net.thucydides.core.steps.ProxyConfiguration$InterceptorDispatcher.intercept(ProxyConfiguration.java:51)\n\tat pages.RedLoyaltyPage$ByteBuddy$SJHPErqr.enterNIC(Unknown Source)\n\tat steps.RedLoyaltySteps.enterInvalidNIC(RedLoyaltySteps.java:68)\n\tat java.base/jdk.internal.reflect.DirectMethodHandleAccessor.invoke(DirectMethodHandleAccessor.java:103)\n\tat java.base/java.lang.reflect.Method.invoke(Method.java:580)\n\tat io.cucumber.java.Invoker.doInvoke(Invoker.java:66)\n\tat io.cucumber.java.Invoker.invoke(Invoker.java:24)\n\tat io.cucumber.java.AbstractGlueDefinition.invokeMethod(AbstractGlueDefinition.java:47)\n\tat io.cucumber.java.JavaStepDefinition.execute(JavaStepDefinition.java:29)\n\tat io.cucumber.core.runner.CoreStepDefinition.execute(CoreStepDefinition.java:66)\n\tat io.cucumber.core.runner.PickleStepDefinitionMatch.runStep(PickleStepDefinitionMatch.java:62)\n\tat io.cucumber.core.runner.ExecutionMode$1.execute(ExecutionMode.java:10)\n\tat io.cucumber.core.runner.TestStep.executeStep(TestStep.java:81)\n\tat io.cucumber.core.runner.TestStep.run(TestStep.java:53)\n\tat io.cucumber.core.runner.PickleStepTestStep.run(PickleStepTestStep.java:51)\n\tat io.cucumber.core.runner.TestCase.run(TestCase.java:84)\n\tat io.cucumber.core.runner.Runner.runPickle(Runner.java:75)\n\tat io.cucumber.junit.PickleRunners$NoStepDescriptions.lambda$run$0(PickleRunners.java:151)\n\tat io.cucumber.core.runtime.CucumberExecutionContext.lambda$runTestCase$5(CucumberExecutionContext.java:136)\n\tat io.cucumber.core.runtime.RethrowingThrowableCollector.executeAndThrow(RethrowingThrowableCollector.java:23)\n\tat io.cucumber.core.runtime.CucumberExecutionContext.runTestCase(CucumberExecutionContext.java:136)\n\tat io.cucumber.junit.PickleRunners$NoStepDescriptions.run(PickleRunners.java:148)\n\tat io.cucumber.junit.FeatureRunner.runChild(FeatureRunner.java:144)\n\tat io.cucumber.junit.FeatureRunner.runChild(FeatureRunner.java:28)\n\tat org.junit.runners.ParentRunner$4.run(ParentRunner.java:331)\n\tat org.junit.runners.ParentRunner$1.schedule(ParentRunner.java:79)\n\tat org.junit.runners.ParentRunner.runChildren(ParentRunner.java:329)\n\tat org.junit.runners.ParentRunner.access$100(ParentRunner.java:66)\n\tat org.junit.runners.ParentRunner$2.evaluate(ParentRunner.java:293)\n\tat org.junit.runners.ParentRunner$3.evaluate(ParentRunner.java:306)\n\tat org.junit.runners.ParentRunner.run(ParentRunner.java:413)\n\tat io.cucumber.junit.FeatureRunner.run(FeatureRunner.java:137)\n\tat io.cucumber.junit.CucumberSerenityBaseRunner.runChild(CucumberSerenityBaseRunner.java:330)\n\tat io.cucumber.junit.CucumberSerenityBaseRunner.runChild(CucumberSerenityBaseRunner.java:51)\n\tat org.junit.runners.ParentRunner$4.run(ParentRunner.java:331)\n\tat org.junit.runners.ParentRunner$1.schedule(ParentRunner.java:79)\n\tat org.junit.runners.ParentRunner.runChildren(ParentRunner.java:329)\n\tat org.junit.runners.ParentRunner.access$100(ParentRunner.java:66)\n\tat org.junit.runners.ParentRunner$2.evaluate(ParentRunner.java:293)\n\tat io.cucumber.junit.CucumberSerenityBaseRunner$RunCucumber.evaluate(CucumberSerenityBaseRunner.java:361)\n\tat org.junit.runners.ParentRunner$3.evaluate(ParentRunner.java:306)\n\tat org.junit.runners.ParentRunner.run(ParentRunner.java:413)\n\tat org.junit.runner.JUnitCore.run(JUnitCore.java:137)\n\tat org.junit.runner.JUnitCore.run(JUnitCore.java:115)\n\tat org.junit.vintage.engine.execution.RunnerExecutor.execute(RunnerExecutor.java:42)\n\tat org.junit.vintage.engine.VintageTestEngine.executeAllChildren(VintageTestEngine.java:80)\n\tat org.junit.vintage.engine.VintageTestEngine.execute(VintageTestEngine.java:72)\n\tat org.junit.platform.launcher.core.EngineExecutionOrchestrator.execute(EngineExecutionOrchestrator.java:198)\n\tat org.junit.platform.launcher.core.EngineExecutionOrchestrator.execute(EngineExecutionOrchestrator.java:169)\n\tat org.junit.platform.launcher.core.EngineExecutionOrchestrator.execute(EngineExecutionOrchestrator.java:93)\n\tat org.junit.platform.launcher.core.EngineExecutionOrchestrator.lambda$execute$0(EngineExecutionOrchestrator.java:58)\n\tat org.junit.platform.launcher.core.EngineExecutionOrchestrator.withInterceptedStreams(EngineExecutionOrchestrator.java:141)\n\tat org.junit.platform.launcher.core.EngineExecutionOrchestrator.execute(EngineExecutionOrchestrator.java:57)\n\tat org.junit.platform.launcher.core.DefaultLauncher.execute(DefaultLauncher.java:103)\n\tat org.junit.platform.launcher.core.DefaultLauncher.execute(DefaultLauncher.java:85)\n\tat org.junit.platform.launcher.core.DelegatingLauncher.execute(DelegatingLauncher.java:47)\n\tat org.apache.maven.surefire.junitplatform.LazyLauncher.execute(LazyLauncher.java:56)\n\tat org.apache.maven.surefire.junitplatform.JUnitPlatformProvider.execute(JUnitPlatformProvider.java:184)\n\tat org.apache.maven.surefire.junitplatform.JUnitPlatformProvider.invokeAllTests(JUnitPlatformProvider.java:148)\n\tat org.apache.maven.surefire.junitplatform.JUnitPlatformProvider.invoke(JUnitPlatformProvider.java:122)\n\tat org.apache.maven.surefire.booter.ForkedBooter.runSuitesInProcess(ForkedBooter.java:385)\n\tat org.apache.maven.surefire.booter.ForkedBooter.execute(ForkedBooter.java:162)\n\tat org.apache.maven.surefire.booter.ForkedBooter.run(ForkedBooter.java:507)\n\tat org.apache.maven.surefire.booter.ForkedBooter.main(ForkedBooter.java:495)\n","duration":6872905000,"status":"failed"},"line":18,"name":"I enter an invalid NIC \"12345678\"","match":{"arguments":[{"val":"\"12345678\"","offset":23}],"location":"steps.RedLoyaltySteps.enterInvalidNIC(java.lang.String)"},"keyword":"And "},{"result":{"duration":800000,"status":"skipped"},"line":19,"name":"I click the Submit button","match":{"location":"steps.RedLoyaltySteps.clickSubmitButton()"},"keyword":"And "},{"result":{"duration":493000,"status":"skipped"},"line":20,"name":"I should see the message as \"Invalid NIC\"","match":{"arguments":[{"val":"\"Invalid NIC\"","offset":28}],"location":"steps.RedLoyaltySteps.verifyErrorMessage(java.lang.String)"},"keyword":"Then "}]},{"start_timestamp":"2025-01-03T12:37:59.029Z","line":22,"name":"Checking Red Points with no validation","description":"","id":"red-loyalty-points-functionality;checking-red-points-with-no-validation","type":"scenario","keyword":"Scenario","steps":[{"result":{"duration":2398303000,"status":"passed"},"line":23,"name":"I am on the Red Loyalty page","match":{"location":"steps.RedLoyaltySteps.openRedLoyaltyPage()"},"keyword":"Given "},{"result":{"duration":103176000,"status":"passed"},"line":24,"name":"I click the \"Check Red Points and Loyalty Status\" button","match":{"location":"steps.RedLoyaltySteps.clickCheckRedPointsButton()"},"keyword":"When "},{"result":{"error_message":"org.openqa.selenium.NoSuchElementException: Expected condition failed: waiting for By.cssSelector: #MyNIC to be displayed (tried for 5 second(s) with 100 milliseconds interval)\nBuild info: version: '4.26.0', revision: '8ccf0219d7'\nSystem info: os.name: 'Mac OS X', os.arch: 'aarch64', os.version: '15.1.1', java.version: '23.0.1'\nDriver info: driver.version: unknown\n\tat net.serenitybdd.core.pages.WebElementFacadeImpl.throwNoSuchElementExceptionWithCauseIfPresent(WebElementFacadeImpl.java:1021)\n\tat net.serenitybdd.core.pages.WebElementFacadeImpl.checkPresenceOfWebElement(WebElementFacadeImpl.java:994)\n\tat net.serenitybdd.core.pages.WebElementFacadeImpl.waitUntilVisible(WebElementFacadeImpl.java:1001)\n\tat pages.RedLoyaltyPage.enterNIC(RedLoyaltyPage.java:30)\n\tat pages.RedLoyaltyPage$ByteBuddy$SJHPErqr.enterNIC$accessor$21skbNzN(Unknown Source)\n\tat java.base/jdk.internal.reflect.DirectMethodHandleAccessor.invoke(DirectMethodHandleAccessor.java:103)\n\tat java.base/java.lang.reflect.Method.invoke(Method.java:580)\n\tat net.thucydides.core.steps.BaseMethodRunner.invokeMethod(BaseMethodRunner.java:18)\n\tat net.thucydides.core.steps.NormalMethodRunner.invokeMethodAndNotifyFailures(NormalMethodRunner.java:18)\n\tat net.thucydides.core.steps.StepInterceptor.runNormalMethod(StepInterceptor.java:425)\n\tat net.thucydides.core.steps.StepInterceptor.testStepResult(StepInterceptor.java:200)\n\tat net.thucydides.core.steps.StepInterceptor.intercept(StepInterceptor.java:93)\n\tat net.thucydides.core.steps.ProxyConfiguration$InterceptorDispatcher.intercept(ProxyConfiguration.java:51)\n\tat pages.RedLoyaltyPage$ByteBuddy$SJHPErqr.enterNIC(Unknown Source)\n\tat steps.RedLoyaltySteps.enterRandomNIC(RedLoyaltySteps.java:73)\n\tat ✽.I enter a random NIC \"invalidNIC123\"(file:///Users/krishihanravi/Desktop/ITQA/GroupNo44_Serenity_BDD_using_cucumber/IT-Quality-Assurance-Assignment-UI-Testing/src/test/resources/features/loyaltyPoints.feature:25)\nCaused by: org.openqa.selenium.TimeoutException: Expected condition failed: waiting for By.cssSelector: #MyNIC to be displayed (tried for 5 second(s) with 100 milliseconds interval)\nBuild info: version: '4.26.0', revision: '8ccf0219d7'\nSystem info: os.name: 'Mac OS X', os.arch: 'aarch64', os.version: '15.1.1', java.version: '23.0.1'\nDriver info: driver.version: unknown\n\tat org.openqa.selenium.support.ui.FluentWait.timeoutException(FluentWait.java:265)\n\tat org.openqa.selenium.support.ui.FluentWait.until(FluentWait.java:228)\n\tat net.serenitybdd.core.pages.WebElementFacadeImpl.checkPresenceOfWebElement(WebElementFacadeImpl.java:988)\n\tat net.serenitybdd.core.pages.WebElementFacadeImpl.waitUntilVisible(WebElementFacadeImpl.java:1001)\n\tat pages.RedLoyaltyPage.enterNIC(RedLoyaltyPage.java:30)\n\tat pages.RedLoyaltyPage$ByteBuddy$SJHPErqr.enterNIC$accessor$21skbNzN(Unknown Source)\n\tat java.base/jdk.internal.reflect.DirectMethodHandleAccessor.invoke(DirectMethodHandleAccessor.java:103)\n\tat java.base/java.lang.reflect.Method.invoke(Method.java:580)\n\tat net.thucydides.core.steps.BaseMethodRunner.invokeMethod(BaseMethodRunner.java:18)\n\tat net.thucydides.core.steps.NormalMethodRunner.invokeMethodAndNotifyFailures(NormalMethodRunner.java:18)\n\tat net.thucydides.core.steps.StepInterceptor.runNormalMethod(StepInterceptor.java:425)\n\tat net.thucydides.core.steps.StepInterceptor.testStepResult(StepInterceptor.java:200)\n\tat net.thucydides.core.steps.StepInterceptor.intercept(StepInterceptor.java:93)\n\tat net.thucydides.core.steps.ProxyConfiguration$InterceptorDispatcher.intercept(ProxyConfiguration.java:51)\n\tat pages.RedLoyaltyPage$ByteBuddy$SJHPErqr.enterNIC(Unknown Source)\n\tat steps.RedLoyaltySteps.enterRandomNIC(RedLoyaltySteps.java:73)\n\tat java.base/jdk.internal.reflect.DirectMethodHandleAccessor.invoke(DirectMethodHandleAccessor.java:103)\n\tat java.base/java.lang.reflect.Method.invoke(Method.java:580)\n\tat io.cucumber.java.Invoker.doInvoke(Invoker.java:66)\n\tat io.cucumber.java.Invoker.invoke(Invoker.java:24)\n\tat io.cucumber.java.AbstractGlueDefinition.invokeMethod(AbstractGlueDefinition.java:47)\n\tat io.cucumber.java.JavaStepDefinition.execute(JavaStepDefinition.java:29)\n\tat io.cucumber.core.runner.CoreStepDefinition.execute(CoreStepDefinition.java:66)\n\tat io.cucumber.core.runner.PickleStepDefinitionMatch.runStep(PickleStepDefinitionMatch.java:62)\n\tat io.cucumber.core.runner.ExecutionMode$1.execute(ExecutionMode.java:10)\n\tat io.cucumber.core.runner.TestStep.executeStep(TestStep.java:81)\n\tat io.cucumber.core.runner.TestStep.run(TestStep.java:53)\n\tat io.cucumber.core.runner.PickleStepTestStep.run(PickleStepTestStep.java:51)\n\tat io.cucumber.core.runner.TestCase.run(TestCase.java:84)\n\tat io.cucumber.core.runner.Runner.runPickle(Runner.java:75)\n\tat io.cucumber.junit.PickleRunners$NoStepDescriptions.lambda$run$0(PickleRunners.java:151)\n\tat io.cucumber.core.runtime.CucumberExecutionContext.lambda$runTestCase$5(CucumberExecutionContext.java:136)\n\tat io.cucumber.core.runtime.RethrowingThrowableCollector.executeAndThrow(RethrowingThrowableCollector.java:23)\n\tat io.cucumber.core.runtime.CucumberExecutionContext.runTestCase(CucumberExecutionContext.java:136)\n\tat io.cucumber.junit.PickleRunners$NoStepDescriptions.run(PickleRunners.java:148)\n\tat io.cucumber.junit.FeatureRunner.runChild(FeatureRunner.java:144)\n\tat io.cucumber.junit.FeatureRunner.runChild(FeatureRunner.java:28)\n\tat org.junit.runners.ParentRunner$4.run(ParentRunner.java:331)\n\tat org.junit.runners.ParentRunner$1.schedule(ParentRunner.java:79)\n\tat org.junit.runners.ParentRunner.runChildren(ParentRunner.java:329)\n\tat org.junit.runners.ParentRunner.access$100(ParentRunner.java:66)\n\tat org.junit.runners.ParentRunner$2.evaluate(ParentRunner.java:293)\n\tat org.junit.runners.ParentRunner$3.evaluate(ParentRunner.java:306)\n\tat org.junit.runners.ParentRunner.run(ParentRunner.java:413)\n\tat io.cucumber.junit.FeatureRunner.run(FeatureRunner.java:137)\n\tat io.cucumber.junit.CucumberSerenityBaseRunner.runChild(CucumberSerenityBaseRunner.java:330)\n\tat io.cucumber.junit.CucumberSerenityBaseRunner.runChild(CucumberSerenityBaseRunner.java:51)\n\tat org.junit.runners.ParentRunner$4.run(ParentRunner.java:331)\n\tat org.junit.runners.ParentRunner$1.schedule(ParentRunner.java:79)\n\tat org.junit.runners.ParentRunner.runChildren(ParentRunner.java:329)\n\tat org.junit.runners.ParentRunner.access$100(ParentRunner.java:66)\n\tat org.junit.runners.ParentRunner$2.evaluate(ParentRunner.java:293)\n\tat io.cucumber.junit.CucumberSerenityBaseRunner$RunCucumber.evaluate(CucumberSerenityBaseRunner.java:361)\n\tat org.junit.runners.ParentRunner$3.evaluate(ParentRunner.java:306)\n\tat org.junit.runners.ParentRunner.run(ParentRunner.java:413)\n\tat org.junit.runner.JUnitCore.run(JUnitCore.java:137)\n\tat org.junit.runner.JUnitCore.run(JUnitCore.java:115)\n\tat org.junit.vintage.engine.execution.RunnerExecutor.execute(RunnerExecutor.java:42)\n\tat org.junit.vintage.engine.VintageTestEngine.executeAllChildren(VintageTestEngine.java:80)\n\tat org.junit.vintage.engine.VintageTestEngine.execute(VintageTestEngine.java:72)\n\tat org.junit.platform.launcher.core.EngineExecutionOrchestrator.execute(EngineExecutionOrchestrator.java:198)\n\tat org.junit.platform.launcher.core.EngineExecutionOrchestrator.execute(EngineExecutionOrchestrator.java:169)\n\tat org.junit.platform.launcher.core.EngineExecutionOrchestrator.execute(EngineExecutionOrchestrator.java:93)\n\tat org.junit.platform.launcher.core.EngineExecutionOrchestrator.lambda$execute$0(EngineExecutionOrchestrator.java:58)\n\tat org.junit.platform.launcher.core.EngineExecutionOrchestrator.withInterceptedStreams(EngineExecutionOrchestrator.java:141)\n\tat org.junit.platform.launcher.core.EngineExecutionOrchestrator.execute(EngineExecutionOrchestrator.java:57)\n\tat org.junit.platform.launcher.core.DefaultLauncher.execute(DefaultLauncher.java:103)\n\tat org.junit.platform.launcher.core.DefaultLauncher.execute(DefaultLauncher.java:85)\n\tat org.junit.platform.launcher.core.DelegatingLauncher.execute(DelegatingLauncher.java:47)\n\tat org.apache.maven.surefire.junitplatform.LazyLauncher.execute(LazyLauncher.java:56)\n\tat org.apache.maven.surefire.junitplatform.JUnitPlatformProvider.execute(JUnitPlatformProvider.java:184)\n\tat org.apache.maven.surefire.junitplatform.JUnitPlatformProvider.invokeAllTests(JUnitPlatformProvider.java:148)\n\tat org.apache.maven.surefire.junitplatform.JUnitPlatformProvider.invoke(JUnitPlatformProvider.java:122)\n\tat org.apache.maven.surefire.booter.ForkedBooter.runSuitesInProcess(ForkedBooter.java:385)\n\tat org.apache.maven.surefire.booter.ForkedBooter.execute(ForkedBooter.java:162)\n\tat org.apache.maven.surefire.booter.ForkedBooter.run(ForkedBooter.java:507)\n\tat org.apache.maven.surefire.booter.ForkedBooter.main(ForkedBooter.java:495)\n","duration":6744060000,"status":"failed"},"line":25,"name":"I enter a random NIC \"invalidNIC123\"","match":{"arguments":[{"val":"\"invalidNIC123\"","offset":21}],"location":"steps.RedLoyaltySteps.enterRandomNIC(java.lang.String)"},"keyword":"And "},{"result":{"duration":874000,"status":"skipped"},"line":26,"name":"I click the Submit button","match":{"location":"steps.RedLoyaltySteps.clickSubmitButton()"},"keyword":"And "},{"result":{"duration":546000,"status":"skipped"},"line":27,"name":"the system should not return points but show an error message","match":{"location":"steps.RedLoyaltySteps.verifyInvalidPointsResponse()"},"keyword":"Then "}]},{"start_timestamp":"2025-01-03T12:38:32.041Z","line":29,"name":"Checking whether the points shows with blank NIC field","description":"","id":"red-loyalty-points-functionality;checking-whether-the-points-shows-with-blank-nic-field","type":"scenario","keyword":"Scenario","steps":[{"result":{"duration":28015165000,"status":"passed"},"line":30,"name":"I am on the Red Loyalty page","match":{"location":"steps.RedLoyaltySteps.openRedLoyaltyPage()"},"keyword":"Given "},{"result":{"duration":112678000,"status":"passed"},"line":31,"name":"I click the \"Check Red Points and Loyalty Status\" button","match":{"location":"steps.RedLoyaltySteps.clickCheckRedPointsButton()"},"keyword":"When "},{"result":{"error_message":"net.thucydides.core.webdriver.exceptions.ElementShouldBeEnabledException: Expected enabled element was not enabled\n\tat net.serenitybdd.core.pages.WebElementFacadeImpl.waitUntilClickable(WebElementFacadeImpl.java:1151)\n\tat pages.RedLoyaltyPage.clickSubmitButton(RedLoyaltyPage.java:35)\n\tat pages.RedLoyaltyPage$ByteBuddy$SJHPErqr.clickSubmitButton$accessor$21skbNzN(Unknown Source)\n\tat java.base/jdk.internal.reflect.DirectMethodHandleAccessor.invoke(DirectMethodHandleAccessor.java:103)\n\tat java.base/java.lang.reflect.Method.invoke(Method.java:580)\n\tat net.thucydides.core.steps.BaseMethodRunner.invokeMethod(BaseMethodRunner.java:18)\n\tat net.thucydides.core.steps.NormalMethodRunner.invokeMethodAndNotifyFailures(NormalMethodRunner.java:18)\n\tat net.thucydides.core.steps.StepInterceptor.runNormalMethod(StepInterceptor.java:425)\n\tat net.thucydides.core.steps.StepInterceptor.testStepResult(StepInterceptor.java:200)\n\tat net.thucydides.core.steps.StepInterceptor.intercept(StepInterceptor.java:93)\n\tat net.thucydides.core.steps.ProxyConfiguration$InterceptorDispatcher.intercept(ProxyConfiguration.java:51)\n\tat pages.RedLoyaltyPage$ByteBuddy$SJHPErqr.clickSubmitButton(Unknown Source)\n\tat steps.RedLoyaltySteps.submitWithoutNIC(RedLoyaltySteps.java:52)\n\tat ✽.I submit the form without entering a NIC(file:///Users/krishihanravi/Desktop/ITQA/GroupNo44_Serenity_BDD_using_cucumber/IT-Quality-Assurance-Assignment-UI-Testing/src/test/resources/features/loyaltyPoints.feature:32)\nCaused by: org.openqa.selenium.TimeoutException: Expected condition failed: waiting for By.cssSelector: #submit to be clickable (tried for 5 second(s) with 100 milliseconds interval)\n\tat org.openqa.selenium.support.ui.FluentWait.timeoutException(FluentWait.java:265)\n\tat org.openqa.selenium.support.ui.FluentWait.until(FluentWait.java:228)\n\tat net.serenitybdd.core.pages.WebElementFacadeImpl.waitUntilClickable(WebElementFacadeImpl.java:1148)\n\tat pages.RedLoyaltyPage.clickSubmitButton(RedLoyaltyPage.java:35)\n\tat pages.RedLoyaltyPage$ByteBuddy$SJHPErqr.clickSubmitButton$accessor$21skbNzN(Unknown Source)\n\tat java.base/jdk.internal.reflect.DirectMethodHandleAccessor.invoke(DirectMethodHandleAccessor.java:103)\n\tat java.base/java.lang.reflect.Method.invoke(Method.java:580)\n\tat net.thucydides.core.steps.BaseMethodRunner.invokeMethod(BaseMethodRunner.java:18)\n\tat net.thucydides.core.steps.NormalMethodRunner.invokeMethodAndNotifyFailures(NormalMethodRunner.java:18)\n\tat net.thucydides.core.steps.StepInterceptor.runNormalMethod(StepInterceptor.java:425)\n\tat net.thucydides.core.steps.StepInterceptor.testStepResult(StepInterceptor.java:200)\n\tat net.thucydides.core.steps.StepInterceptor.intercept(StepInterceptor.java:93)\n\tat net.thucydides.core.steps.ProxyConfiguration$InterceptorDispatcher.intercept(ProxyConfiguration.java:51)\n\tat pages.RedLoyaltyPage$ByteBuddy$SJHPErqr.clickSubmitButton(Unknown Source)\n\tat steps.RedLoyaltySteps.submitWithoutNIC(RedLoyaltySteps.java:52)\n\tat java.base/jdk.internal.reflect.DirectMethodHandleAccessor.invoke(DirectMethodHandleAccessor.java:103)\n\tat java.base/java.lang.reflect.Method.invoke(Method.java:580)\n\tat io.cucumber.java.Invoker.doInvoke(Invoker.java:66)\n\tat io.cucumber.java.Invoker.invoke(Invoker.java:24)\n\tat io.cucumber.java.AbstractGlueDefinition.invokeMethod(AbstractGlueDefinition.java:47)\n\tat io.cucumber.java.JavaStepDefinition.execute(JavaStepDefinition.java:29)\n\tat io.cucumber.core.runner.CoreStepDefinition.execute(CoreStepDefinition.java:66)\n\tat io.cucumber.core.runner.PickleStepDefinitionMatch.runStep(PickleStepDefinitionMatch.java:62)\n\tat io.cucumber.core.runner.ExecutionMode$1.execute(ExecutionMode.java:10)\n\tat io.cucumber.core.runner.TestStep.executeStep(TestStep.java:81)\n\tat io.cucumber.core.runner.TestStep.run(TestStep.java:53)\n\tat io.cucumber.core.runner.PickleStepTestStep.run(PickleStepTestStep.java:51)\n\tat io.cucumber.core.runner.TestCase.run(TestCase.java:84)\n\tat io.cucumber.core.runner.Runner.runPickle(Runner.java:75)\n\tat io.cucumber.junit.PickleRunners$NoStepDescriptions.lambda$run$0(PickleRunners.java:151)\n\tat io.cucumber.core.runtime.CucumberExecutionContext.lambda$runTestCase$5(CucumberExecutionContext.java:136)\n\tat io.cucumber.core.runtime.RethrowingThrowableCollector.executeAndThrow(RethrowingThrowableCollector.java:23)\n\tat io.cucumber.core.runtime.CucumberExecutionContext.runTestCase(CucumberExecutionContext.java:136)\n\tat io.cucumber.junit.PickleRunners$NoStepDescriptions.run(PickleRunners.java:148)\n\tat io.cucumber.junit.FeatureRunner.runChild(FeatureRunner.java:144)\n\tat io.cucumber.junit.FeatureRunner.runChild(FeatureRunner.java:28)\n\tat org.junit.runners.ParentRunner$4.run(ParentRunner.java:331)\n\tat org.junit.runners.ParentRunner$1.schedule(ParentRunner.java:79)\n\tat org.junit.runners.ParentRunner.runChildren(ParentRunner.java:329)\n\tat org.junit.runners.ParentRunner.access$100(ParentRunner.java:66)\n\tat org.junit.runners.ParentRunner$2.evaluate(ParentRunner.java:293)\n\tat org.junit.runners.ParentRunner$3.evaluate(ParentRunner.java:306)\n\tat org.junit.runners.ParentRunner.run(ParentRunner.java:413)\n\tat io.cucumber.junit.FeatureRunner.run(FeatureRunner.java:137)\n\tat io.cucumber.junit.CucumberSerenityBaseRunner.runChild(CucumberSerenityBaseRunner.java:330)\n\tat io.cucumber.junit.CucumberSerenityBaseRunner.runChild(CucumberSerenityBaseRunner.java:51)\n\tat org.junit.runners.ParentRunner$4.run(ParentRunner.java:331)\n\tat org.junit.runners.ParentRunner$1.schedule(ParentRunner.java:79)\n\tat org.junit.runners.ParentRunner.runChildren(ParentRunner.java:329)\n\tat org.junit.runners.ParentRunner.access$100(ParentRunner.java:66)\n\tat org.junit.runners.ParentRunner$2.evaluate(ParentRunner.java:293)\n\tat io.cucumber.junit.CucumberSerenityBaseRunner$RunCucumber.evaluate(CucumberSerenityBaseRunner.java:361)\n\tat org.junit.runners.ParentRunner$3.evaluate(ParentRunner.java:306)\n\tat org.junit.runners.ParentRunner.run(ParentRunner.java:413)\n\tat org.junit.runner.JUnitCore.run(JUnitCore.java:137)\n\tat org.junit.runner.JUnitCore.run(JUnitCore.java:115)\n\tat org.junit.vintage.engine.execution.RunnerExecutor.execute(RunnerExecutor.java:42)\n\tat org.junit.vintage.engine.VintageTestEngine.executeAllChildren(VintageTestEngine.java:80)\n\tat org.junit.vintage.engine.VintageTestEngine.execute(VintageTestEngine.java:72)\n\tat org.junit.platform.launcher.core.EngineExecutionOrchestrator.execute(EngineExecutionOrchestrator.java:198)\n\tat org.junit.platform.launcher.core.EngineExecutionOrchestrator.execute(EngineExecutionOrchestrator.java:169)\n\tat org.junit.platform.launcher.core.EngineExecutionOrchestrator.execute(EngineExecutionOrchestrator.java:93)\n\tat org.junit.platform.launcher.core.EngineExecutionOrchestrator.lambda$execute$0(EngineExecutionOrchestrator.java:58)\n\tat org.junit.platform.launcher.core.EngineExecutionOrchestrator.withInterceptedStreams(EngineExecutionOrchestrator.java:141)\n\tat org.junit.platform.launcher.core.EngineExecutionOrchestrator.execute(EngineExecutionOrchestrator.java:57)\n\tat org.junit.platform.launcher.core.DefaultLauncher.execute(DefaultLauncher.java:103)\n\tat org.junit.platform.launcher.core.DefaultLauncher.execute(DefaultLauncher.java:85)\n\tat org.junit.platform.launcher.core.DelegatingLauncher.execute(DelegatingLauncher.java:47)\n\tat org.apache.maven.surefire.junitplatform.LazyLauncher.execute(LazyLauncher.java:56)\n\tat org.apache.maven.surefire.junitplatform.JUnitPlatformProvider.execute(JUnitPlatformProvider.java:184)\n\tat org.apache.maven.surefire.junitplatform.JUnitPlatformProvider.invokeAllTests(JUnitPlatformProvider.java:148)\n\tat org.apache.maven.surefire.junitplatform.JUnitPlatformProvider.invoke(JUnitPlatformProvider.java:122)\n\tat org.apache.maven.surefire.booter.ForkedBooter.runSuitesInProcess(ForkedBooter.java:385)\n\tat org.apache.maven.surefire.booter.ForkedBooter.execute(ForkedBooter.java:162)\n\tat org.apache.maven.surefire.booter.ForkedBooter.run(ForkedBooter.java:507)\n\tat org.apache.maven.surefire.booter.ForkedBooter.main(ForkedBooter.java:495)\nCaused by: org.openqa.selenium.NoSuchElementException: no such element: Unable to locate element: {\"method\":\"css selector\",\"selector\":\"#submit\"}\n  (Session info: chrome=131.0.6778.205)\nFor documentation on this error, please visit: https://www.selenium.dev/documentation/webdriver/troubleshooting/errors#no-such-element-exception\nBuild info: version: '4.26.0', revision: '8ccf0219d7'\nSystem info: os.name: 'Mac OS X', os.arch: 'aarch64', os.version: '15.1.1', java.version: '23.0.1'\nDriver info: org.openqa.selenium.chrome.ChromeDriver\nCommand: [054afe2ededb82cbd6796cc8ce9eaf3c, findElement {using=css selector, value=#submit}]\nCapabilities {acceptInsecureCerts: false, browserName: chrome, browserVersion: 131.0.6778.205, chrome: {chromedriverVersion: 131.0.6778.204 (52183f9e99a..., userDataDir: /var/folders/w2/6qcqhs9912s...}, fedcm:accounts: true, goog:chromeOptions: {debuggerAddress: localhost:52542}, networkConnectionEnabled: false, pageLoadStrategy: normal, platformName: mac, proxy: Proxy(), se:cdp: ws://localhost:52542/devtoo..., se:cdpVersion: 131.0.6778.205, setWindowRect: true, strictFileInteractability: false, timeouts: {implicit: 0, pageLoad: 300000, script: 30000}, unhandledPromptBehavior: dismiss and notify, webauthn:extension:credBlob: true, webauthn:extension:largeBlob: true, webauthn:extension:minPinLength: true, webauthn:extension:prf: true, webauthn:virtualAuthenticators: true}\nSession ID: 054afe2ededb82cbd6796cc8ce9eaf3c\n\tat java.base/jdk.internal.reflect.DirectConstructorHandleAccessor.newInstance(DirectConstructorHandleAccessor.java:62)\n\tat java.base/java.lang.reflect.Constructor.newInstanceWithCaller(Constructor.java:501)\n\tat java.base/java.lang.reflect.Constructor.newInstance(Constructor.java:485)\n\tat org.openqa.selenium.remote.ErrorCodec.decode(ErrorCodec.java:167)\n\tat org.openqa.selenium.remote.codec.w3c.W3CHttpResponseCodec.decode(W3CHttpResponseCodec.java:138)\n\tat org.openqa.selenium.remote.codec.w3c.W3CHttpResponseCodec.decode(W3CHttpResponseCodec.java:50)\n\tat org.openqa.selenium.remote.HttpCommandExecutor.execute(HttpCommandExecutor.java:190)\n\tat org.openqa.selenium.remote.service.DriverCommandExecutor.invokeExecute(DriverCommandExecutor.java:216)\n\tat org.openqa.selenium.remote.service.DriverCommandExecutor.execute(DriverCommandExecutor.java:174)\n\tat org.openqa.selenium.remote.RemoteWebDriver.execute(RemoteWebDriver.java:545)\n\tat org.openqa.selenium.remote.ElementLocation$ElementFinder$2.findElement(ElementLocation.java:165)\n\tat org.openqa.selenium.remote.ElementLocation.findElement(ElementLocation.java:59)\n\tat org.openqa.selenium.remote.RemoteWebDriver.findElement(RemoteWebDriver.java:368)\n\tat org.openqa.selenium.remote.RemoteWebDriver.findElement(RemoteWebDriver.java:362)\n\tat net.thucydides.core.webdriver.WebDriverFacade.findElement(WebDriverFacade.java:271)\n\tat net.serenitybdd.core.pages.WebElementResolverByLocator.resolveForDriver(WebElementResolverByLocator.java:25)\n\tat net.serenitybdd.core.pages.WebElementFacadeImpl.getResolvedElement(WebElementFacadeImpl.java:188)\n\tat net.serenitybdd.core.pages.WebElementFacadeImpl.getElement(WebElementFacadeImpl.java:183)\n\tat net.serenitybdd.core.pages.WebElementExpectations$5.apply(WebElementExpectations.java:106)\n\tat net.serenitybdd.core.pages.WebElementExpectations$5.apply(WebElementExpectations.java:98)\n\tat org.openqa.selenium.support.ui.FluentWait.until(FluentWait.java:203)\n\t... 74 more\n","duration":6768761000,"status":"failed"},"line":32,"name":"I submit the form without entering a NIC","match":{"location":"steps.RedLoyaltySteps.submitWithoutNIC()"},"keyword":"And "},{"result":{"duration":1197000,"status":"skipped"},"line":33,"name":"I should see a validation message asking to enter a NIC","match":{"location":"steps.RedLoyaltySteps.verifyValidationMessage()"},"keyword":"Then "}]}],"name":"Red Loyalty Points Functionality","description":"","id":"red-loyalty-points-functionality","keyword":"Feature","uri":"file:src/test/resources/features/loyaltyPoints.feature","tags":[]}]