<?xml version="1.0" encoding="UTF-8"?>
<testsuite xmlns:xsi="http://www.w3.org/2001/XMLSchema-instance" xsi:noNamespaceSchemaLocation="https://maven.apache.org/surefire/maven-surefire-plugin/xsd/surefire-test-report-3.0.xsd" version="3.0" name="runner.CucumberTest" time="262.424" tests="11" errors="7" skipped="0" failures="1">
  <properties>
[...]
</properties>
  <testcase name="Filter by Price Range" classname="Product Filtering" time="14.791">
    <error message="stale element reference: stale element not found&#10;  (Session info: chrome=131.0.6778.205)&#10;For documentation on this error, please visit: https://www.selenium.dev/documentation/webdriver/troubleshooting/errors#stale-element-reference-exception&#10;Build info: version: &apos;4.26.0&apos;, revision: &apos;8ccf0219d7&apos;&#10;System info: os.name: &apos;Windows 10&apos;, os.arch: &apos;amd64&apos;, os.version: &apos;10.0&apos;, java.version: &apos;21.0.5&apos;&#10;Driver info: org.openqa.selenium.chrome.ChromeDriver&#10;Command: [056c1b034c7f6db4fb8a09a403cb7553, sendKeysToElement {id=f.B88769E34C4AA4D151236DE42638AC94.d.2F9793F93B43C28749F9BF98CEFDA114.e.48, value=[Ljava.lang.CharSequence;@2c815fdc}]&#10;Capabilities {acceptInsecureCerts: false, browserName: chrome, browserVersion: 131.0.6778.205, chrome: {chromedriverVersion: 131.0.6778.204 (52183f9e99a..., userDataDir: C:\Users\hp\AppData\Local\T...}, fedcm:accounts: true, goog:chromeOptions: {debuggerAddress: localhost:59869}, networkConnectionEnabled: false, pageLoadStrategy: normal, platformName: windows, proxy: Proxy(), se:cdp: ws://localhost:59869/devtoo..., se:cdpVersion: 131.0.6778.205, setWindowRect: true, strictFileInteractability: false, timeouts: {implicit: 0, pageLoad: 300000, script: 30000}, unhandledPromptBehavior: dismiss and notify, webauthn:extension:credBlob: true, webauthn:extension:largeBlob: true, webauthn:extension:minPinLength: true, webauthn:extension:prf: true, webauthn:virtualAuthenticators: true}&#10;Element: [[ChromeDriver: chrome on windows (056c1b034c7f6db4fb8a09a403cb7553)] -&gt; xpath: //input[@id=&apos;amount-max&apos;]]&#10;Session ID: 056c1b034c7f6db4fb8a09a403cb7553" type="org.openqa.selenium.StaleElementReferenceException"><![CDATA[org.openqa.selenium.StaleElementReferenceException: 
stale element reference: stale element not found
  (Session info: chrome=131.0.6778.205)
For documentation on this error, please visit: https://www.selenium.dev/documentation/webdriver/troubleshooting/errors#stale-element-reference-exception
Build info: version: '4.26.0', revision: '8ccf0219d7'
System info: os.name: 'Windows 10', os.arch: 'amd64', os.version: '10.0', java.version: '21.0.5'
Driver info: org.openqa.selenium.chrome.ChromeDriver
Command: [056c1b034c7f6db4fb8a09a403cb7553, sendKeysToElement {id=f.B88769E34C4AA4D151236DE42638AC94.d.2F9793F93B43C28749F9BF98CEFDA114.e.48, value=[Ljava.lang.CharSequence;@2c815fdc}]
Capabilities {acceptInsecureCerts: false, browserName: chrome, browserVersion: 131.0.6778.205, chrome: {chromedriverVersion: 131.0.6778.204 (52183f9e99a..., userDataDir: C:\Users\hp\AppData\Local\T...}, fedcm:accounts: true, goog:chromeOptions: {debuggerAddress: localhost:59869}, networkConnectionEnabled: false, pageLoadStrategy: normal, platformName: windows, proxy: Proxy(), se:cdp: ws://localhost:59869/devtoo..., se:cdpVersion: 131.0.6778.205, setWindowRect: true, strictFileInteractability: false, timeouts: {implicit: 0, pageLoad: 300000, script: 30000}, unhandledPromptBehavior: dismiss and notify, webauthn:extension:credBlob: true, webauthn:extension:largeBlob: true, webauthn:extension:minPinLength: true, webauthn:extension:prf: true, webauthn:virtualAuthenticators: true}
Element: [[ChromeDriver: chrome on windows (056c1b034c7f6db4fb8a09a403cb7553)] -> xpath: //input[@id='amount-max']]
Session ID: 056c1b034c7f6db4fb8a09a403cb7553
	at java.base/java.lang.reflect.Constructor.newInstanceWithCaller(Constructor.java:502)
	at java.base/java.lang.reflect.Constructor.newInstance(Constructor.java:486)
	at org.openqa.selenium.remote.ErrorCodec.decode(ErrorCodec.java:167)
	at org.openqa.selenium.remote.codec.w3c.W3CHttpResponseCodec.decode(W3CHttpResponseCodec.java:138)
	at org.openqa.selenium.remote.codec.w3c.W3CHttpResponseCodec.decode(W3CHttpResponseCodec.java:50)
	at org.openqa.selenium.remote.HttpCommandExecutor.execute(HttpCommandExecutor.java:190)
	at org.openqa.selenium.remote.service.DriverCommandExecutor.invokeExecute(DriverCommandExecutor.java:216)
	at org.openqa.selenium.remote.service.DriverCommandExecutor.execute(DriverCommandExecutor.java:174)
	at org.openqa.selenium.remote.RemoteWebDriver.execute(RemoteWebDriver.java:545)
	at org.openqa.selenium.remote.RemoteWebElement.execute(RemoteWebElement.java:223)
	at org.openqa.selenium.remote.RemoteWebElement.sendKeys(RemoteWebElement.java:110)
	at net.serenitybdd.core.pages.WebElementFacadeImpl.lambda$type$2(WebElementFacadeImpl.java:746)
	at net.serenitybdd.core.pages.WithRetries.perform(WithRetries.java:22)
	at net.serenitybdd.core.pages.WebElementFacadeImpl.type(WebElementFacadeImpl.java:744)
	at pages.FilterPage.enterMaxPrice(FilterPage.java:44)
	at pages.FilterPage$ByteBuddy$reTOd0KI.enterMaxPrice$accessor$cqNuMrcC(Unknown Source)
	at java.base/java.lang.reflect.Method.invoke(Method.java:580)
	at net.thucydides.core.steps.BaseMethodRunner.invokeMethod(BaseMethodRunner.java:18)
	at net.thucydides.core.steps.NormalMethodRunner.invokeMethodAndNotifyFailures(NormalMethodRunner.java:18)
	at net.thucydides.core.steps.StepInterceptor.runNormalMethod(StepInterceptor.java:425)
	at net.thucydides.core.steps.StepInterceptor.testStepResult(StepInterceptor.java:200)
	at net.thucydides.core.steps.StepInterceptor.intercept(StepInterceptor.java:93)
	at net.thucydides.core.steps.ProxyConfiguration$InterceptorDispatcher.intercept(ProxyConfiguration.java:51)
	at pages.FilterPage$ByteBuddy$reTOd0KI.enterMaxPrice(Unknown Source)
	at steps.FilterSteps.userFiltersWithPriceRange(FilterSteps.java:27)
	at ✽.User filters with price range "2000" to "10000"(file:///D:/L4/L4S1/ITQA/IT-Quality-Assurance-Assignment/IT-Quality-Assurance-Assignment-UI-Testing/src/test/resources/features/filter.feature:5)
]]></error>
    <system-out><![CDATA[10:40:10.829 [main] DEBUG io.cucumber.core.plugin.SerenityReporter -- Running feature from file:///D:/L4/L4S1/ITQA/IT-Quality-Assurance-Assignment/IT-Quality-Assurance-Assignment-UI-Testing/src/test/resources/features/filter.feature
10:40:10.895 [main] INFO  -- 

-------------------------------------------------------------------------------------
     _______. _______ .______       _______ .__   __.  __  .___________.____    ____ 
    /       ||   ____||   _  \     |   ____||  \ |  | |  | |           |\   \  /   / 
   |   (----`|  |__   |  |_)  |    |  |__   |   \|  | |  | `---|  |----` \   \/   /  
    \   \    |   __|  |      /     |   __|  |  . `  | |  |     |  |       \_    _/   
.----)   |   |  |____ |  |\  \----.|  |____ |  |\   | |  |     |  |         |  |     
|_______/    |_______|| _| `._____||_______||__| \__| |__|     |__|         |__|    
                                                                                     
 News and tutorials at https://serenity-bdd.info                                     
 Documentation at https://serenity-bdd.github.io                                     
 Test Automation Training and Coaching: https://www.serenity-dojo.com                
 Commercial Support: https://www.serenity-dojo.com/serenity-bdd-enterprise-support   
 Join the Serenity Community on Gitter: https://gitter.im/serenity-bdd/serenity-core 
-------------------------------------------------------------------------------------

10:40:10.899 [main] DEBUG net.thucydides.core.steps.StepEventBus -- Test suite started for story net.thucydides.model.domain.Story@81196f00
10:40:10.904 [main] INFO  -- Test Suite Started: Product Filtering
10:40:11.034 [main] DEBUG io.cucumber.core.plugin.SerenityReporter -- Running feature from file:///D:/L4/L4S1/ITQA/IT-Quality-Assurance-Assignment/IT-Quality-Assurance-Assignment-UI-Testing/src/test/resources/features/search.feature
10:40:11.039 [main] DEBUG net.thucydides.core.steps.StepEventBus -- Test suite started for story net.thucydides.model.domain.Story@3f4cb500
10:40:11.040 [main] INFO  -- Test Suite Started: Search Functionality on UI-Testing
10:40:11.043 [main] DEBUG io.cucumber.core.plugin.SerenityReporter -- Running feature from file:///D:/L4/L4S1/ITQA/IT-Quality-Assurance-Assignment/IT-Quality-Assurance-Assignment-UI-Testing/src/test/resources/features/filter.feature
10:40:11.045 [main] DEBUG net.thucydides.core.steps.StepEventBus -- Test suite started for story net.thucydides.model.domain.Story@81196f00
10:40:11.045 [main] INFO  -- Test Suite Started: Product Filtering

Scenario: Filter by Price Range                               &amp#27;[90m# src/test/resources/features/filter.feature:3&amp#27;[0m
10:40:11.155 [main] DEBUG io.cucumber.core.plugin.SerenityReporter -- Running feature from file:///D:/L4/L4S1/ITQA/IT-Quality-Assurance-Assignment/IT-Quality-Assurance-Assignment-UI-Testing/src/test/resources/features/filter.feature
10:40:11.170 [main] INFO  -- 
  _____   ___   ___   _____     ___   _____     _     ___   _____   ___   ___  
 |_   _| | __| / __| |_   _|   / __| |_   _|   /_\   | _ \ |_   _| | __| |   \ 
   | |   | _|  \__ \   | |     \__ \   | |    / _ \  |   /   | |   | _|  | |) |
   |_|   |___| |___/   |_|     |___/   |_|   /_/ \_\ |_|_\   |_|   |___| |___/ 

Filter by Price Range(product-filtering;filter-by-price-range)
--------------------------------------------------------------------------------
10:40:11.721 [main] INFO net.serenitybdd.core.webdriver.driverproviders.ChromeDriverProvider -- Starting Chrome driver instance with capabilities:
10:40:11.723 [main] INFO net.serenitybdd.core.webdriver.driverproviders.ChromeDriverProvider -- Capabilities {acceptInsecureCerts: false, browserName: chrome, goog:chromeOptions: {args: [remote-allow-origins=*], extensions: []}}
  &amp#27;[32mGiven &amp#27;[0m&amp#27;[32mUser is on the product page&amp#27;[0m                           &amp#27;[90m# steps.FilterSteps.userIsOnTheProductPage()&amp#27;[0m
10:40:20.943 [main] DEBUG net.serenitybdd.core.photography.Darkroom -- Opening darkroom
10:40:20.945 [Darkroom Processing Line] DEBUG net.serenitybdd.core.photography.DarkroomProcessingLine -- Darkroom processing line starting up
10:40:21.187 [main] DEBUG net.serenitybdd.core.photography.Darkroom -- Send negative for processing for D:\L4\L4S1\ITQA\IT-Quality-Assurance-Assignment\IT-Quality-Assurance-Assignment-UI-Testing\target\site\serenity\e610ac8756035992676ca627bbeb6b5897ea1e300f04966934aa7dd012943382.png
10:40:21.188 [Darkroom Processing Line] DEBUG net.serenitybdd.core.photography.DarkroomProcessingLine -- Processing screenshot image in /var/screenshots/screenshot-11069260168685505398
10:40:21.188 [Darkroom Processing Line] DEBUG net.serenitybdd.core.photography.DarkroomProcessingLine -- Saving screenshot to D:\L4\L4S1\ITQA\IT-Quality-Assurance-Assignment\IT-Quality-Assurance-Assignment-UI-Testing\target\site\serenity\e610ac8756035992676ca627bbeb6b5897ea1e300f04966934aa7dd012943382.png
10:40:24.931 [main] DEBUG net.serenitybdd.core.photography.Darkroom -- Send negative for processing for D:\L4\L4S1\ITQA\IT-Quality-Assurance-Assignment\IT-Quality-Assurance-Assignment-UI-Testing\target\site\serenity\11687aef2b83c016681efd496a8d2f768111826ee2849bdfdbfd4452571d9ebe.png
10:40:24.931 [Darkroom Processing Line] DEBUG net.serenitybdd.core.photography.DarkroomProcessingLine -- Processing screenshot image in /var/screenshots/screenshot-3664034646965277161
10:40:24.931 [Darkroom Processing Line] DEBUG net.serenitybdd.core.photography.DarkroomProcessingLine -- Saving screenshot to D:\L4\L4S1\ITQA\IT-Quality-Assurance-Assignment\IT-Quality-Assurance-Assignment-UI-Testing\target\site\serenity\11687aef2b83c016681efd496a8d2f768111826ee2849bdfdbfd4452571d9ebe.png
  &amp#27;[31mWhen &amp#27;[0m&amp#27;[31mUser filters with price range &amp#27;[0m&amp#27;[31m&amp#27;[1m"2000"&amp#27;[0m&amp#27;[31m to &amp#27;[0m&amp#27;[31m&amp#27;[1m"10000"&amp#27;[0m        &amp#27;[90m# steps.FilterSteps.userFiltersWithPriceRange(java.lang.String,java.lang.String)&amp#27;[0m
      &amp#27;[31morg.openqa.selenium.StaleElementReferenceException: stale element reference: stale element not found
  (Session info: chrome=131.0.6778.205)
For documentation on this error, please visit: https://www.selenium.dev/documentation/webdriver/troubleshooting/errors#stale-element-reference-exception
Build info: version: '4.26.0', revision: '8ccf0219d7'
System info: os.name: 'Windows 10', os.arch: 'amd64', os.version: '10.0', java.version: '21.0.5'
Driver info: org.openqa.selenium.chrome.ChromeDriver
Command: [056c1b034c7f6db4fb8a09a403cb7553, sendKeysToElement {id=f.B88769E34C4AA4D151236DE42638AC94.d.2F9793F93B43C28749F9BF98CEFDA114.e.48, value=[Ljava.lang.CharSequence;@2c815fdc}]
Capabilities {acceptInsecureCerts: false, browserName: chrome, browserVersion: 131.0.6778.205, chrome: {chromedriverVersion: 131.0.6778.204 (52183f9e99a..., userDataDir: C:\Users\hp\AppData\Local\T...}, fedcm:accounts: true, goog:chromeOptions: {debuggerAddress: localhost:59869}, networkConnectionEnabled: false, pageLoadStrategy: normal, platformName: windows, proxy: Proxy(), se:cdp: ws://localhost:59869/devtoo..., se:cdpVersion: 131.0.6778.205, setWindowRect: true, strictFileInteractability: false, timeouts: {implicit: 0, pageLoad: 300000, script: 30000}, unhandledPromptBehavior: dismiss and notify, webauthn:extension:credBlob: true, webauthn:extension:largeBlob: true, webauthn:extension:minPinLength: true, webauthn:extension:prf: true, webauthn:virtualAuthenticators: true}
Element: [[ChromeDriver: chrome on windows (056c1b034c7f6db4fb8a09a403cb7553)] -> xpath: //input[@id='amount-max']]
Session ID: 056c1b034c7f6db4fb8a09a403cb7553
	at java.base/jdk.internal.reflect.DirectConstructorHandleAccessor.newInstance(DirectConstructorHandleAccessor.java:62)
	at java.base/java.lang.reflect.Constructor.newInstanceWithCaller(Constructor.java:502)
	at java.base/java.lang.reflect.Constructor.newInstance(Constructor.java:486)
	at org.openqa.selenium.remote.ErrorCodec.decode(ErrorCodec.java:167)
	at org.openqa.selenium.remote.codec.w3c.W3CHttpResponseCodec.decode(W3CHttpResponseCodec.java:138)
	at org.openqa.selenium.remote.codec.w3c.W3CHttpResponseCodec.decode(W3CHttpResponseCodec.java:50)
	at org.openqa.selenium.remote.HttpCommandExecutor.execute(HttpCommandExecutor.java:190)
	at org.openqa.selenium.remote.service.DriverCommandExecutor.invokeExecute(DriverCommandExecutor.java:216)
	at org.openqa.selenium.remote.service.DriverCommandExecutor.execute(DriverCommandExecutor.java:174)
	at org.openqa.selenium.remote.RemoteWebDriver.execute(RemoteWebDriver.java:545)
	at org.openqa.selenium.remote.RemoteWebElement.execute(RemoteWebElement.java:223)
	at org.openqa.selenium.remote.RemoteWebElement.sendKeys(RemoteWebElement.java:110)
	at net.serenitybdd.core.pages.WebElementFacadeImpl.lambda$type$2(WebElementFacadeImpl.java:746)
	at net.serenitybdd.core.pages.WithRetries.perform(WithRetries.java:22)
	at net.serenitybdd.core.pages.WebElementFacadeImpl.type(WebElementFacadeImpl.java:744)
	at pages.FilterPage.enterMaxPrice(FilterPage.java:44)
	at pages.FilterPage$ByteBuddy$reTOd0KI.enterMaxPrice$accessor$cqNuMrcC(Unknown Source)
	at java.base/jdk.internal.reflect.DirectMethodHandleAccessor.invoke(DirectMethodHandleAccessor.java:103)
	at java.base/java.lang.reflect.Method.invoke(Method.java:580)
	at net.thucydides.core.steps.BaseMethodRunner.invokeMethod(BaseMethodRunner.java:18)
	at net.thucydides.core.steps.NormalMethodRunner.invokeMethodAndNotifyFailures(NormalMethodRunner.java:18)
	at net.thucydides.core.steps.StepInterceptor.runNormalMethod(StepInterceptor.java:425)
	at net.thucydides.core.steps.StepInterceptor.testStepResult(StepInterceptor.java:200)
	at net.thucydides.core.steps.StepInterceptor.intercept(StepInterceptor.java:93)
	at net.thucydides.core.steps.ProxyConfiguration$InterceptorDispatcher.intercept(ProxyConfiguration.java:51)
	at pages.FilterPage$ByteBuddy$reTOd0KI.enterMaxPrice(Unknown Source)
	at steps.FilterSteps.userFiltersWithPriceRange(FilterSteps.java:27)
	at ✽.User filters with price range "2000" to "10000"(file:///D:/L4/L4S1/ITQA/IT-Quality-Assurance-Assignment/IT-Quality-Assurance-Assignment-UI-Testing/src/test/resources/features/filter.feature:5)
&amp#27;[0m
  &amp#27;[36mThen &amp#27;[0m&amp#27;[36mProducts should be filtered to within that price range&amp#27;[0m &amp#27;[90m# steps.FilterSteps.productsShouldBeFilteredToWithinThatPriceRange()&amp#27;[0m
10:40:25.390 [main] ERROR  -- 
  _____   ___   ___   _____     ___   ___   ___    ___    ___ 
 |_   _| | __| / __| |_   _|   | __| | _ \ | _ \  / _ \  | _ \
   | |   | _|  \__ \   | |     | _|  |   / |   / | (_) | |   /
   |_|   |___| |___/   |_|     |___| |_|_\ |_|_\  \___/  |_|_\

Filter by Price Range
---------------------------------------------------------------
10:40:25.398 [main] DEBUG  -- RELATED ISSUES: 
10:40:25.401 [main] ERROR  --     Test failed at step: Enter max price: 10000
10:40:25.402 [main] ERROR  --     stale element reference: stale element not found
]]></system-out>
    <system-err><![CDATA[SLF4J(I): Connected with provider of type [ch.qos.logback.classic.spi.LogbackServiceProvider]
WARNING: A Java agent has been loaded dynamically (C:\Users\hp\.m2\repository\net\bytebuddy\byte-buddy-agent\1.15.2\byte-buddy-agent-1.15.2.jar)
WARNING: If a serviceability tool is in use, please run with -XX:+EnableDynamicAgentLoading to hide this warning
WARNING: If a serviceability tool is not in use, please run with -Djdk.instrument.traceUsage for more information
WARNING: Dynamic loading of agents will be disallowed by default in a future release
Jan 02, 2025 10:40:13 AM org.openqa.selenium.devtools.CdpVersionFinder findNearestMatch
WARNING: Unable to find an exact match for CDP version 131, returning the closest version; found: 130; Please update to a Selenium version that supports CDP version 131
]]></system-err>
  </testcase>
  <testcase name="Filter by Category" classname="Product Filtering" time="20.168">
    <error message="Cannot invoke &quot;java.util.List.iterator()&quot; because &quot;this.productCards&quot; is null" type="java.lang.NullPointerException"><![CDATA[java.lang.NullPointerException: Cannot invoke "java.util.List.iterator()" because "this.productCards" is null
	at pages.FilterPage.isProductInCategory(FilterPage.java:82)
	at pages.FilterPage$ByteBuddy$reTOd0KI.isProductInCategory$accessor$cqNuMrcC(Unknown Source)
	at java.base/java.lang.reflect.Method.invoke(Method.java:580)
	at net.thucydides.core.steps.BaseMethodRunner.invokeMethod(BaseMethodRunner.java:18)
	at net.thucydides.core.steps.NormalMethodRunner.invokeMethodAndNotifyFailures(NormalMethodRunner.java:18)
	at net.thucydides.core.steps.StepInterceptor.runNormalMethod(StepInterceptor.java:425)
	at net.thucydides.core.steps.StepInterceptor.testStepResult(StepInterceptor.java:200)
	at net.thucydides.core.steps.StepInterceptor.intercept(StepInterceptor.java:93)
	at net.thucydides.core.steps.ProxyConfiguration$InterceptorDispatcher.intercept(ProxyConfiguration.java:51)
	at pages.FilterPage$ByteBuddy$reTOd0KI.isProductInCategory(Unknown Source)
	at steps.FilterSteps.productsShouldBeFilteredByCategory(FilterSteps.java:42)
	at ✽.Products should be filtered by category "Computers"(file:///D:/L4/L4S1/ITQA/IT-Quality-Assurance-Assignment/IT-Quality-Assurance-Assignment-UI-Testing/src/test/resources/features/filter.feature:11)
]]></error>
    <system-out><![CDATA[
Scenario: Filter by Category                               &amp#27;[90m# src/test/resources/features/filter.feature:8&amp#27;[0m
10:40:25.865 [main] DEBUG io.cucumber.core.plugin.SerenityReporter -- Running feature from file:///D:/L4/L4S1/ITQA/IT-Quality-Assurance-Assignment/IT-Quality-Assurance-Assignment-UI-Testing/src/test/resources/features/filter.feature
10:40:25.867 [main] INFO  -- 
  _____   ___   ___   _____     ___   _____     _     ___   _____   ___   ___  
 |_   _| | __| / __| |_   _|   / __| |_   _|   /_\   | _ \ |_   _| | __| |   \ 
   | |   | _|  \__ \   | |     \__ \   | |    / _ \  |   /   | |   | _|  | |) |
   |_|   |___| |___/   |_|     |___/   |_|   /_/ \_\ |_|_\   |_|   |___| |___/ 

Filter by Category(product-filtering;filter-by-category)
--------------------------------------------------------------------------------
10:40:25.938 [main] INFO net.serenitybdd.core.webdriver.driverproviders.ChromeDriverProvider -- Starting Chrome driver instance with capabilities:
10:40:25.939 [main] INFO net.serenitybdd.core.webdriver.driverproviders.ChromeDriverProvider -- Capabilities {acceptInsecureCerts: false, browserName: chrome, goog:chromeOptions: {args: [remote-allow-origins=*], extensions: []}}
  &amp#27;[32mGiven &amp#27;[0m&amp#27;[32mUser is on the product page&amp#27;[0m                        &amp#27;[90m# steps.FilterSteps.userIsOnTheProductPage()&amp#27;[0m
10:40:41.758 [main] DEBUG net.serenitybdd.core.photography.Darkroom -- Send negative for processing for D:\L4\L4S1\ITQA\IT-Quality-Assurance-Assignment\IT-Quality-Assurance-Assignment-UI-Testing\target\site\serenity\e610ac8756035992676ca627bbeb6b5897ea1e300f04966934aa7dd012943382.png
  &amp#27;[32mWhen &amp#27;[0m&amp#27;[32mUser filters by category &amp#27;[0m&amp#27;[32m&amp#27;[1m"Computers"&amp#27;[0m                &amp#27;[90m# steps.FilterSteps.userFiltersByCategory(java.lang.String)&amp#27;[0m
10:40:45.645 [main] DEBUG net.serenitybdd.core.photography.Darkroom -- Send negative for processing for D:\L4\L4S1\ITQA\IT-Quality-Assurance-Assignment\IT-Quality-Assurance-Assignment-UI-Testing\target\site\serenity\d3676070783fd47f8a22c3d7a65761bab26325e5ded974d359eff83462b3f320.png
10:40:45.645 [Darkroom Processing Line] DEBUG net.serenitybdd.core.photography.DarkroomProcessingLine -- Processing screenshot image in /var/screenshots/screenshot-17181338955413472157
10:40:45.645 [Darkroom Processing Line] DEBUG net.serenitybdd.core.photography.DarkroomProcessingLine -- Saving screenshot to D:\L4\L4S1\ITQA\IT-Quality-Assurance-Assignment\IT-Quality-Assurance-Assignment-UI-Testing\target\site\serenity\d3676070783fd47f8a22c3d7a65761bab26325e5ded974d359eff83462b3f320.png
  &amp#27;[31mThen &amp#27;[0m&amp#27;[31mProducts should be filtered by category &amp#27;[0m&amp#27;[31m&amp#27;[1m"Computers"&amp#27;[0m &amp#27;[90m# steps.FilterSteps.productsShouldBeFilteredByCategory(java.lang.String)&amp#27;[0m
      &amp#27;[31mjava.lang.NullPointerException: Cannot invoke "java.util.List.iterator()" because "this.productCards" is null
	at pages.FilterPage.isProductInCategory(FilterPage.java:82)
	at pages.FilterPage$ByteBuddy$reTOd0KI.isProductInCategory$accessor$cqNuMrcC(Unknown Source)
	at java.base/jdk.internal.reflect.DirectMethodHandleAccessor.invoke(DirectMethodHandleAccessor.java:103)
	at java.base/java.lang.reflect.Method.invoke(Method.java:580)
	at net.thucydides.core.steps.BaseMethodRunner.invokeMethod(BaseMethodRunner.java:18)
	at net.thucydides.core.steps.NormalMethodRunner.invokeMethodAndNotifyFailures(NormalMethodRunner.java:18)
	at net.thucydides.core.steps.StepInterceptor.runNormalMethod(StepInterceptor.java:425)
	at net.thucydides.core.steps.StepInterceptor.testStepResult(StepInterceptor.java:200)
	at net.thucydides.core.steps.StepInterceptor.intercept(StepInterceptor.java:93)
	at net.thucydides.core.steps.ProxyConfiguration$InterceptorDispatcher.intercept(ProxyConfiguration.java:51)
	at pages.FilterPage$ByteBuddy$reTOd0KI.isProductInCategory(Unknown Source)
	at steps.FilterSteps.productsShouldBeFilteredByCategory(FilterSteps.java:42)
	at ✽.Products should be filtered by category "Computers"(file:///D:/L4/L4S1/ITQA/IT-Quality-Assurance-Assignment/IT-Quality-Assurance-Assignment-UI-Testing/src/test/resources/features/filter.feature:11)
&amp#27;[0m
10:40:45.799 [main] ERROR  -- 
  _____   ___   ___   _____     ___   ___   ___    ___    ___ 
 |_   _| | __| / __| |_   _|   | __| | _ \ | _ \  / _ \  | _ \
   | |   | _|  \__ \   | |     | _|  |   / |   / | (_) | |   /
   |_|   |___| |___/   |_|     |___| |_|_\ |_|_\  \___/  |_|_\

Filter by Category
---------------------------------------------------------------
10:40:45.799 [main] DEBUG  -- RELATED ISSUES: 
10:40:45.799 [main] ERROR  --     Test failed at step: Is product in category: Computers
10:40:45.800 [main] ERROR  --     Cannot invoke "java.util.List.iterator()" because "this.productCards" is null
]]></system-out>
    <system-err><![CDATA[Jan 02, 2025 10:40:26 AM org.openqa.selenium.devtools.CdpVersionFinder findNearestMatch
WARNING: Unable to find an exact match for CDP version 131, returning the closest version; found: 130; Please update to a Selenium version that supports CDP version 131
]]></system-err>
  </testcase>
  <testcase name="Filter by Availability" classname="Product Filtering" time="18.306">
    <error message="Cannot invoke &quot;java.util.List.iterator()&quot; because &quot;this.productCards&quot; is null" type="java.lang.NullPointerException"><![CDATA[java.lang.NullPointerException: Cannot invoke "java.util.List.iterator()" because "this.productCards" is null
	at pages.FilterPage.isOutOfStockProductListed(FilterPage.java:93)
	at pages.FilterPage$ByteBuddy$reTOd0KI.isOutOfStockProductListed$accessor$cqNuMrcC(Unknown Source)
	at java.base/java.lang.reflect.Method.invoke(Method.java:580)
	at net.thucydides.core.steps.BaseMethodRunner.invokeMethod(BaseMethodRunner.java:18)
	at net.thucydides.core.steps.NormalMethodRunner.invokeMethodAndNotifyFailures(NormalMethodRunner.java:18)
	at net.thucydides.core.steps.StepInterceptor.runNormalMethod(StepInterceptor.java:425)
	at net.thucydides.core.steps.StepInterceptor.testStepResult(StepInterceptor.java:200)
	at net.thucydides.core.steps.StepInterceptor.intercept(StepInterceptor.java:93)
	at net.thucydides.core.steps.ProxyConfiguration$InterceptorDispatcher.intercept(ProxyConfiguration.java:51)
	at pages.FilterPage$ByteBuddy$reTOd0KI.isOutOfStockProductListed(Unknown Source)
	at steps.FilterSteps.outOfStockProductShouldNotBeListed(FilterSteps.java:52)
	at ✽.Out of stock product should not be listed(file:///D:/L4/L4S1/ITQA/IT-Quality-Assurance-Assignment/IT-Quality-Assurance-Assignment-UI-Testing/src/test/resources/features/filter.feature:16)
]]></error>
    <system-out><![CDATA[
Scenario: Filter by Availability                 &amp#27;[90m# src/test/resources/features/filter.feature:13&amp#27;[0m
10:40:46.023 [main] DEBUG io.cucumber.core.plugin.SerenityReporter -- Running feature from file:///D:/L4/L4S1/ITQA/IT-Quality-Assurance-Assignment/IT-Quality-Assurance-Assignment-UI-Testing/src/test/resources/features/filter.feature
10:40:46.024 [main] INFO  -- 
  _____   ___   ___   _____     ___   _____     _     ___   _____   ___   ___  
 |_   _| | __| / __| |_   _|   / __| |_   _|   /_\   | _ \ |_   _| | __| |   \ 
   | |   | _|  \__ \   | |     \__ \   | |    / _ \  |   /   | |   | _|  | |) |
   |_|   |___| |___/   |_|     |___/   |_|   /_/ \_\ |_|_\   |_|   |___| |___/ 

Filter by Availability(product-filtering;filter-by-availability)
--------------------------------------------------------------------------------
10:40:46.077 [main] INFO net.serenitybdd.core.webdriver.driverproviders.ChromeDriverProvider -- Starting Chrome driver instance with capabilities:
10:40:46.078 [main] INFO net.serenitybdd.core.webdriver.driverproviders.ChromeDriverProvider -- Capabilities {acceptInsecureCerts: false, browserName: chrome, goog:chromeOptions: {args: [remote-allow-origins=*], extensions: []}}
  &amp#27;[32mGiven &amp#27;[0m&amp#27;[32mUser is on the product page&amp#27;[0m              &amp#27;[90m# steps.FilterSteps.userIsOnTheProductPage()&amp#27;[0m
10:40:54.243 [main] DEBUG net.serenitybdd.core.photography.Darkroom -- Send negative for processing for D:\L4\L4S1\ITQA\IT-Quality-Assurance-Assignment\IT-Quality-Assurance-Assignment-UI-Testing\target\site\serenity\c74974ea49e2d655621c4f8e0f1509702dee1b343ed20cdb3472cbc9d8eacacf.png
10:40:54.243 [Darkroom Processing Line] DEBUG net.serenitybdd.core.photography.DarkroomProcessingLine -- Processing screenshot image in /var/screenshots/screenshot-1435029012728433906
10:40:54.243 [Darkroom Processing Line] DEBUG net.serenitybdd.core.photography.DarkroomProcessingLine -- Saving screenshot to D:\L4\L4S1\ITQA\IT-Quality-Assurance-Assignment\IT-Quality-Assurance-Assignment-UI-Testing\target\site\serenity\c74974ea49e2d655621c4f8e0f1509702dee1b343ed20cdb3472cbc9d8eacacf.png
  &amp#27;[32mWhen &amp#27;[0m&amp#27;[32mUser filters by &amp#27;[0m&amp#27;[32m&amp#27;[1m"Exclude Stock Out"&amp#27;[0m       &amp#27;[90m# steps.FilterSteps.userFiltersByAvailability(java.lang.String)&amp#27;[0m
10:41:03.912 [main] DEBUG net.serenitybdd.core.photography.Darkroom -- Send negative for processing for D:\L4\L4S1\ITQA\IT-Quality-Assurance-Assignment\IT-Quality-Assurance-Assignment-UI-Testing\target\site\serenity\d4b40f694a3428393eed5dff9424687b2303b677bf753ec1ec2b36109ef73841.png
10:41:03.912 [Darkroom Processing Line] DEBUG net.serenitybdd.core.photography.DarkroomProcessingLine -- Processing screenshot image in /var/screenshots/screenshot-18126622554225881160
10:41:03.912 [Darkroom Processing Line] DEBUG net.serenitybdd.core.photography.DarkroomProcessingLine -- Saving screenshot to D:\L4\L4S1\ITQA\IT-Quality-Assurance-Assignment\IT-Quality-Assurance-Assignment-UI-Testing\target\site\serenity\d4b40f694a3428393eed5dff9424687b2303b677bf753ec1ec2b36109ef73841.png
  &amp#27;[31mThen &amp#27;[0m&amp#27;[31mOut of stock product should not be listed&amp#27;[0m &amp#27;[90m# steps.FilterSteps.outOfStockProductShouldNotBeListed()&amp#27;[0m
      &amp#27;[31mjava.lang.NullPointerException: Cannot invoke "java.util.List.iterator()" because "this.productCards" is null
	at pages.FilterPage.isOutOfStockProductListed(FilterPage.java:93)
	at pages.FilterPage$ByteBuddy$reTOd0KI.isOutOfStockProductListed$accessor$cqNuMrcC(Unknown Source)
	at java.base/jdk.internal.reflect.DirectMethodHandleAccessor.invoke(DirectMethodHandleAccessor.java:103)
	at java.base/java.lang.reflect.Method.invoke(Method.java:580)
	at net.thucydides.core.steps.BaseMethodRunner.invokeMethod(BaseMethodRunner.java:18)
	at net.thucydides.core.steps.NormalMethodRunner.invokeMethodAndNotifyFailures(NormalMethodRunner.java:18)
	at net.thucydides.core.steps.StepInterceptor.runNormalMethod(StepInterceptor.java:425)
	at net.thucydides.core.steps.StepInterceptor.testStepResult(StepInterceptor.java:200)
	at net.thucydides.core.steps.StepInterceptor.intercept(StepInterceptor.java:93)
	at net.thucydides.core.steps.ProxyConfiguration$InterceptorDispatcher.intercept(ProxyConfiguration.java:51)
	at pages.FilterPage$ByteBuddy$reTOd0KI.isOutOfStockProductListed(Unknown Source)
	at steps.FilterSteps.outOfStockProductShouldNotBeListed(FilterSteps.java:52)
	at ✽.Out of stock product should not be listed(file:///D:/L4/L4S1/ITQA/IT-Quality-Assurance-Assignment/IT-Quality-Assurance-Assignment-UI-Testing/src/test/resources/features/filter.feature:16)
&amp#27;[0m
10:41:04.062 [main] ERROR  -- 
  _____   ___   ___   _____     ___   ___   ___    ___    ___ 
 |_   _| | __| / __| |_   _|   | __| | _ \ | _ \  / _ \  | _ \
   | |   | _|  \__ \   | |     | _|  |   / |   / | (_) | |   /
   |_|   |___| |___/   |_|     |___| |_|_\ |_|_\  \___/  |_|_\

Filter by Availability
---------------------------------------------------------------
10:41:04.062 [main] DEBUG  -- RELATED ISSUES: 
10:41:04.062 [main] ERROR  --     Test failed at step: Is out of stock product listed
10:41:04.063 [main] ERROR  --     Cannot invoke "java.util.List.iterator()" because "this.productCards" is null
]]></system-out>
    <system-err><![CDATA[Jan 02, 2025 10:40:46 AM org.openqa.selenium.devtools.CdpVersionFinder findNearestMatch
WARNING: Unable to find an exact match for CDP version 131, returning the closest version; found: 130; Please update to a Selenium version that supports CDP version 131
]]></system-err>
  </testcase>
  <testcase name="Filter by Offers" classname="Product Filtering" time="18.251">
    <error message="Cannot invoke &quot;java.util.List.iterator()&quot; because &quot;this.productCards&quot; is null" type="java.lang.NullPointerException"><![CDATA[java.lang.NullPointerException: Cannot invoke "java.util.List.iterator()" because "this.productCards" is null
	at pages.FilterPage.isProductInOfferCategory(FilterPage.java:103)
	at pages.FilterPage$ByteBuddy$reTOd0KI.isProductInOfferCategory$accessor$cqNuMrcC(Unknown Source)
	at java.base/java.lang.reflect.Method.invoke(Method.java:580)
	at net.thucydides.core.steps.BaseMethodRunner.invokeMethod(BaseMethodRunner.java:18)
	at net.thucydides.core.steps.NormalMethodRunner.invokeMethodAndNotifyFailures(NormalMethodRunner.java:18)
	at net.thucydides.core.steps.StepInterceptor.runNormalMethod(StepInterceptor.java:425)
	at net.thucydides.core.steps.StepInterceptor.testStepResult(StepInterceptor.java:200)
	at net.thucydides.core.steps.StepInterceptor.intercept(StepInterceptor.java:93)
	at net.thucydides.core.steps.ProxyConfiguration$InterceptorDispatcher.intercept(ProxyConfiguration.java:51)
	at pages.FilterPage$ByteBuddy$reTOd0KI.isProductInOfferCategory(Unknown Source)
	at steps.FilterSteps.productsThatAreNotInTheOfferCategoryShouldNotBeListed(FilterSteps.java:62)
	at ✽.Products that are not in the offer category should not be listed(file:///D:/L4/L4S1/ITQA/IT-Quality-Assurance-Assignment/IT-Quality-Assurance-Assignment-UI-Testing/src/test/resources/features/filter.feature:21)
]]></error>
    <system-out><![CDATA[
Scenario: Filter by Offers                                              &amp#27;[90m# src/test/resources/features/filter.feature:18&amp#27;[0m
10:41:04.333 [main] DEBUG io.cucumber.core.plugin.SerenityReporter -- Running feature from file:///D:/L4/L4S1/ITQA/IT-Quality-Assurance-Assignment/IT-Quality-Assurance-Assignment-UI-Testing/src/test/resources/features/filter.feature
10:41:04.333 [main] INFO  -- 
  _____   ___   ___   _____     ___   _____     _     ___   _____   ___   ___  
 |_   _| | __| / __| |_   _|   / __| |_   _|   /_\   | _ \ |_   _| | __| |   \ 
   | |   | _|  \__ \   | |     \__ \   | |    / _ \  |   /   | |   | _|  | |) |
   |_|   |___| |___/   |_|     |___/   |_|   /_/ \_\ |_|_\   |_|   |___| |___/ 

Filter by Offers(product-filtering;filter-by-offers)
--------------------------------------------------------------------------------
10:41:04.378 [main] INFO net.serenitybdd.core.webdriver.driverproviders.ChromeDriverProvider -- Starting Chrome driver instance with capabilities:
10:41:04.384 [main] INFO net.serenitybdd.core.webdriver.driverproviders.ChromeDriverProvider -- Capabilities {acceptInsecureCerts: false, browserName: chrome, goog:chromeOptions: {args: [remote-allow-origins=*], extensions: []}}
  &amp#27;[32mGiven &amp#27;[0m&amp#27;[32mUser is on the product page&amp#27;[0m                                     &amp#27;[90m# steps.FilterSteps.userIsOnTheProductPage()&amp#27;[0m
10:41:16.495 [main] DEBUG net.serenitybdd.core.photography.Darkroom -- Send negative for processing for D:\L4\L4S1\ITQA\IT-Quality-Assurance-Assignment\IT-Quality-Assurance-Assignment-UI-Testing\target\site\serenity\23c164b66c051b21027998dbeb5577956947c46b7191290cc569b82c171cbec6.png
10:41:16.495 [Darkroom Processing Line] DEBUG net.serenitybdd.core.photography.DarkroomProcessingLine -- Processing screenshot image in /var/screenshots/screenshot-5763461300074809646
10:41:16.495 [Darkroom Processing Line] DEBUG net.serenitybdd.core.photography.DarkroomProcessingLine -- Saving screenshot to D:\L4\L4S1\ITQA\IT-Quality-Assurance-Assignment\IT-Quality-Assurance-Assignment-UI-Testing\target\site\serenity\23c164b66c051b21027998dbeb5577956947c46b7191290cc569b82c171cbec6.png
  &amp#27;[32mWhen &amp#27;[0m&amp#27;[32mUser filters by offer &amp#27;[0m&amp#27;[32m&amp#27;[1m"20% or More"&amp#27;[0m                              &amp#27;[90m# steps.FilterSteps.userFiltersByOffer(java.lang.String)&amp#27;[0m
10:41:22.243 [main] DEBUG net.serenitybdd.core.photography.Darkroom -- Send negative for processing for D:\L4\L4S1\ITQA\IT-Quality-Assurance-Assignment\IT-Quality-Assurance-Assignment-UI-Testing\target\site\serenity\4d2e1e9663fdb6618350901e7e0caa9e33c08fa7e1276b16a581e918b6380749.png
10:41:22.244 [Darkroom Processing Line] DEBUG net.serenitybdd.core.photography.DarkroomProcessingLine -- Processing screenshot image in /var/screenshots/screenshot-7629181120763495346
10:41:22.244 [Darkroom Processing Line] DEBUG net.serenitybdd.core.photography.DarkroomProcessingLine -- Saving screenshot to D:\L4\L4S1\ITQA\IT-Quality-Assurance-Assignment\IT-Quality-Assurance-Assignment-UI-Testing\target\site\serenity\4d2e1e9663fdb6618350901e7e0caa9e33c08fa7e1276b16a581e918b6380749.png
  &amp#27;[31mThen &amp#27;[0m&amp#27;[31mProducts that are not in the offer category should not be listed&amp#27;[0m &amp#27;[90m# steps.FilterSteps.productsThatAreNotInTheOfferCategoryShouldNotBeListed()&amp#27;[0m
      &amp#27;[31mjava.lang.NullPointerException: Cannot invoke "java.util.List.iterator()" because "this.productCards" is null
	at pages.FilterPage.isProductInOfferCategory(FilterPage.java:103)
	at pages.FilterPage$ByteBuddy$reTOd0KI.isProductInOfferCategory$accessor$cqNuMrcC(Unknown Source)
	at java.base/jdk.internal.reflect.DirectMethodHandleAccessor.invoke(DirectMethodHandleAccessor.java:103)
	at java.base/java.lang.reflect.Method.invoke(Method.java:580)
	at net.thucydides.core.steps.BaseMethodRunner.invokeMethod(BaseMethodRunner.java:18)
	at net.thucydides.core.steps.NormalMethodRunner.invokeMethodAndNotifyFailures(NormalMethodRunner.java:18)
	at net.thucydides.core.steps.StepInterceptor.runNormalMethod(StepInterceptor.java:425)
	at net.thucydides.core.steps.StepInterceptor.testStepResult(StepInterceptor.java:200)
	at net.thucydides.core.steps.StepInterceptor.intercept(StepInterceptor.java:93)
	at net.thucydides.core.steps.ProxyConfiguration$InterceptorDispatcher.intercept(ProxyConfiguration.java:51)
	at pages.FilterPage$ByteBuddy$reTOd0KI.isProductInOfferCategory(Unknown Source)
	at steps.FilterSteps.productsThatAreNotInTheOfferCategoryShouldNotBeListed(FilterSteps.java:62)
	at ✽.Products that are not in the offer category should not be listed(file:///D:/L4/L4S1/ITQA/IT-Quality-Assurance-Assignment/IT-Quality-Assurance-Assignment-UI-Testing/src/test/resources/features/filter.feature:21)
&amp#27;[0m
10:41:22.335 [main] ERROR  -- 
  _____   ___   ___   _____     ___   ___   ___    ___    ___ 
 |_   _| | __| / __| |_   _|   | __| | _ \ | _ \  / _ \  | _ \
   | |   | _|  \__ \   | |     | _|  |   / |   / | (_) | |   /
   |_|   |___| |___/   |_|     |___| |_|_\ |_|_\  \___/  |_|_\

Filter by Offers
---------------------------------------------------------------
10:41:22.335 [main] DEBUG  -- RELATED ISSUES: 
10:41:22.336 [main] ERROR  --     Test failed at step: Is product in offer category: 20% or More
10:41:22.337 [main] ERROR  --     Cannot invoke "java.util.List.iterator()" because "this.productCards" is null
]]></system-out>
    <system-err><![CDATA[Jan 02, 2025 10:41:05 AM org.openqa.selenium.devtools.CdpVersionFinder findNearestMatch
WARNING: Unable to find an exact match for CDP version 131, returning the closest version; found: 130; Please update to a Selenium version that supports CDP version 131
]]></system-err>
  </testcase>
  <testcase name="Combine Multiple Filters" classname="Product Filtering" time="16.964">
    <error message="stale element reference: stale element not found&#10;  (Session info: chrome=131.0.6778.205)&#10;For documentation on this error, please visit: https://www.selenium.dev/documentation/webdriver/troubleshooting/errors#stale-element-reference-exception&#10;Build info: version: &apos;4.26.0&apos;, revision: &apos;8ccf0219d7&apos;&#10;System info: os.name: &apos;Windows 10&apos;, os.arch: &apos;amd64&apos;, os.version: &apos;10.0&apos;, java.version: &apos;21.0.5&apos;&#10;Driver info: org.openqa.selenium.chrome.ChromeDriver&#10;Command: [1e1e41758adafb187918b84f9fd82869, sendKeysToElement {id=f.34334001F8D5AB89CF3605EA5D9C049E.d.E309631A2B73E22CE3AD1B7556D282BF.e.296, value=[Ljava.lang.CharSequence;@e171f93}]&#10;Capabilities {acceptInsecureCerts: false, browserName: chrome, browserVersion: 131.0.6778.205, chrome: {chromedriverVersion: 131.0.6778.204 (52183f9e99a..., userDataDir: C:\Users\hp\AppData\Local\T...}, fedcm:accounts: true, goog:chromeOptions: {debuggerAddress: localhost:60162}, networkConnectionEnabled: false, pageLoadStrategy: normal, platformName: windows, proxy: Proxy(), se:cdp: ws://localhost:60162/devtoo..., se:cdpVersion: 131.0.6778.205, setWindowRect: true, strictFileInteractability: false, timeouts: {implicit: 0, pageLoad: 300000, script: 30000}, unhandledPromptBehavior: dismiss and notify, webauthn:extension:credBlob: true, webauthn:extension:largeBlob: true, webauthn:extension:minPinLength: true, webauthn:extension:prf: true, webauthn:virtualAuthenticators: true}&#10;Element: [[ChromeDriver: chrome on windows (1e1e41758adafb187918b84f9fd82869)] -&gt; xpath: //input[@id=&apos;amount-max&apos;]]&#10;Session ID: 1e1e41758adafb187918b84f9fd82869" type="org.openqa.selenium.StaleElementReferenceException"><![CDATA[org.openqa.selenium.StaleElementReferenceException: 
stale element reference: stale element not found
  (Session info: chrome=131.0.6778.205)
For documentation on this error, please visit: https://www.selenium.dev/documentation/webdriver/troubleshooting/errors#stale-element-reference-exception
Build info: version: '4.26.0', revision: '8ccf0219d7'
System info: os.name: 'Windows 10', os.arch: 'amd64', os.version: '10.0', java.version: '21.0.5'
Driver info: org.openqa.selenium.chrome.ChromeDriver
Command: [1e1e41758adafb187918b84f9fd82869, sendKeysToElement {id=f.34334001F8D5AB89CF3605EA5D9C049E.d.E309631A2B73E22CE3AD1B7556D282BF.e.296, value=[Ljava.lang.CharSequence;@e171f93}]
Capabilities {acceptInsecureCerts: false, browserName: chrome, browserVersion: 131.0.6778.205, chrome: {chromedriverVersion: 131.0.6778.204 (52183f9e99a..., userDataDir: C:\Users\hp\AppData\Local\T...}, fedcm:accounts: true, goog:chromeOptions: {debuggerAddress: localhost:60162}, networkConnectionEnabled: false, pageLoadStrategy: normal, platformName: windows, proxy: Proxy(), se:cdp: ws://localhost:60162/devtoo..., se:cdpVersion: 131.0.6778.205, setWindowRect: true, strictFileInteractability: false, timeouts: {implicit: 0, pageLoad: 300000, script: 30000}, unhandledPromptBehavior: dismiss and notify, webauthn:extension:credBlob: true, webauthn:extension:largeBlob: true, webauthn:extension:minPinLength: true, webauthn:extension:prf: true, webauthn:virtualAuthenticators: true}
Element: [[ChromeDriver: chrome on windows (1e1e41758adafb187918b84f9fd82869)] -> xpath: //input[@id='amount-max']]
Session ID: 1e1e41758adafb187918b84f9fd82869
	at java.base/java.lang.reflect.Constructor.newInstanceWithCaller(Constructor.java:502)
	at java.base/java.lang.reflect.Constructor.newInstance(Constructor.java:486)
	at org.openqa.selenium.remote.ErrorCodec.decode(ErrorCodec.java:167)
	at org.openqa.selenium.remote.codec.w3c.W3CHttpResponseCodec.decode(W3CHttpResponseCodec.java:138)
	at org.openqa.selenium.remote.codec.w3c.W3CHttpResponseCodec.decode(W3CHttpResponseCodec.java:50)
	at org.openqa.selenium.remote.HttpCommandExecutor.execute(HttpCommandExecutor.java:190)
	at org.openqa.selenium.remote.service.DriverCommandExecutor.invokeExecute(DriverCommandExecutor.java:216)
	at org.openqa.selenium.remote.service.DriverCommandExecutor.execute(DriverCommandExecutor.java:174)
	at org.openqa.selenium.remote.RemoteWebDriver.execute(RemoteWebDriver.java:545)
	at org.openqa.selenium.remote.RemoteWebElement.execute(RemoteWebElement.java:223)
	at org.openqa.selenium.remote.RemoteWebElement.sendKeys(RemoteWebElement.java:110)
	at net.serenitybdd.core.pages.WebElementFacadeImpl.lambda$type$2(WebElementFacadeImpl.java:746)
	at net.serenitybdd.core.pages.WithRetries.perform(WithRetries.java:22)
	at net.serenitybdd.core.pages.WebElementFacadeImpl.type(WebElementFacadeImpl.java:744)
	at pages.FilterPage.enterMaxPrice(FilterPage.java:44)
	at pages.FilterPage$ByteBuddy$reTOd0KI.enterMaxPrice$accessor$cqNuMrcC(Unknown Source)
	at java.base/java.lang.reflect.Method.invoke(Method.java:580)
	at net.thucydides.core.steps.BaseMethodRunner.invokeMethod(BaseMethodRunner.java:18)
	at net.thucydides.core.steps.NormalMethodRunner.invokeMethodAndNotifyFailures(NormalMethodRunner.java:18)
	at net.thucydides.core.steps.StepInterceptor.runNormalMethod(StepInterceptor.java:425)
	at net.thucydides.core.steps.StepInterceptor.testStepResult(StepInterceptor.java:200)
	at net.thucydides.core.steps.StepInterceptor.intercept(StepInterceptor.java:93)
	at net.thucydides.core.steps.ProxyConfiguration$InterceptorDispatcher.intercept(ProxyConfiguration.java:51)
	at pages.FilterPage$ByteBuddy$reTOd0KI.enterMaxPrice(Unknown Source)
	at steps.FilterSteps.userAppliesMultipleFilters(FilterSteps.java:69)
	at ✽.User applies category "Computers", price range "2000" to "5000", and offer "10% or More"(file:///D:/L4/L4S1/ITQA/IT-Quality-Assurance-Assignment/IT-Quality-Assurance-Assignment-UI-Testing/src/test/resources/features/filter.feature:25)
]]></error>
    <system-out><![CDATA[
Scenario: Combine Multiple Filters                                                              &amp#27;[90m# src/test/resources/features/filter.feature:23&amp#27;[0m
10:41:22.581 [main] DEBUG io.cucumber.core.plugin.SerenityReporter -- Running feature from file:///D:/L4/L4S1/ITQA/IT-Quality-Assurance-Assignment/IT-Quality-Assurance-Assignment-UI-Testing/src/test/resources/features/filter.feature
10:41:22.581 [main] INFO  -- 
  _____   ___   ___   _____     ___   _____     _     ___   _____   ___   ___  
 |_   _| | __| / __| |_   _|   / __| |_   _|   /_\   | _ \ |_   _| | __| |   \ 
   | |   | _|  \__ \   | |     \__ \   | |    / _ \  |   /   | |   | _|  | |) |
   |_|   |___| |___/   |_|     |___/   |_|   /_/ \_\ |_|_\   |_|   |___| |___/ 

Combine Multiple Filters(product-filtering;combine-multiple-filters)
--------------------------------------------------------------------------------
10:41:22.630 [main] INFO net.serenitybdd.core.webdriver.driverproviders.ChromeDriverProvider -- Starting Chrome driver instance with capabilities:
10:41:22.631 [main] INFO net.serenitybdd.core.webdriver.driverproviders.ChromeDriverProvider -- Capabilities {acceptInsecureCerts: false, browserName: chrome, goog:chromeOptions: {args: [remote-allow-origins=*], extensions: []}}
  &amp#27;[32mGiven &amp#27;[0m&amp#27;[32mUser is on the product page&amp#27;[0m                                                             &amp#27;[90m# steps.FilterSteps.userIsOnTheProductPage()&amp#27;[0m
10:41:31.288 [main] DEBUG net.serenitybdd.core.photography.Darkroom -- Send negative for processing for D:\L4\L4S1\ITQA\IT-Quality-Assurance-Assignment\IT-Quality-Assurance-Assignment-UI-Testing\target\site\serenity\505f6c4e37aef53cf140de068df9abfcc639514c5510a98147eb91c5e47e1a38.png
10:41:31.289 [Darkroom Processing Line] DEBUG net.serenitybdd.core.photography.DarkroomProcessingLine -- Processing screenshot image in /var/screenshots/screenshot-11273301870997739052
10:41:31.289 [Darkroom Processing Line] DEBUG net.serenitybdd.core.photography.DarkroomProcessingLine -- Saving screenshot to D:\L4\L4S1\ITQA\IT-Quality-Assurance-Assignment\IT-Quality-Assurance-Assignment-UI-Testing\target\site\serenity\505f6c4e37aef53cf140de068df9abfcc639514c5510a98147eb91c5e47e1a38.png
10:41:37.495 [main] DEBUG net.serenitybdd.core.photography.Darkroom -- Send negative for processing for D:\L4\L4S1\ITQA\IT-Quality-Assurance-Assignment\IT-Quality-Assurance-Assignment-UI-Testing\target\site\serenity\f4922b21b38637ead55ee6de1509919f967129f1fc377922669e6b197d7c866c.png
10:41:37.495 [Darkroom Processing Line] DEBUG net.serenitybdd.core.photography.DarkroomProcessingLine -- Processing screenshot image in /var/screenshots/screenshot-13244059923300253473
10:41:37.495 [Darkroom Processing Line] DEBUG net.serenitybdd.core.photography.DarkroomProcessingLine -- Saving screenshot to D:\L4\L4S1\ITQA\IT-Quality-Assurance-Assignment\IT-Quality-Assurance-Assignment-UI-Testing\target\site\serenity\f4922b21b38637ead55ee6de1509919f967129f1fc377922669e6b197d7c866c.png
  &amp#27;[31mWhen &amp#27;[0m&amp#27;[31mUser applies category &amp#27;[0m&amp#27;[31m&amp#27;[1m"Computers"&amp#27;[0m&amp#27;[31m, price range &amp#27;[0m&amp#27;[31m&amp#27;[1m"2000"&amp#27;[0m&amp#27;[31m to &amp#27;[0m&amp#27;[31m&amp#27;[1m"5000"&amp#27;[0m&amp#27;[31m, and offer &amp#27;[0m&amp#27;[31m&amp#27;[1m"10% or More"&amp#27;[0m &amp#27;[90m# steps.FilterSteps.userAppliesMultipleFilters(java.lang.String,java.lang.String,java.lang.String,java.lang.String)&amp#27;[0m
      &amp#27;[31morg.openqa.selenium.StaleElementReferenceException: stale element reference: stale element not found
  (Session info: chrome=131.0.6778.205)
For documentation on this error, please visit: https://www.selenium.dev/documentation/webdriver/troubleshooting/errors#stale-element-reference-exception
Build info: version: '4.26.0', revision: '8ccf0219d7'
System info: os.name: 'Windows 10', os.arch: 'amd64', os.version: '10.0', java.version: '21.0.5'
Driver info: org.openqa.selenium.chrome.ChromeDriver
Command: [1e1e41758adafb187918b84f9fd82869, sendKeysToElement {id=f.34334001F8D5AB89CF3605EA5D9C049E.d.E309631A2B73E22CE3AD1B7556D282BF.e.296, value=[Ljava.lang.CharSequence;@e171f93}]
Capabilities {acceptInsecureCerts: false, browserName: chrome, browserVersion: 131.0.6778.205, chrome: {chromedriverVersion: 131.0.6778.204 (52183f9e99a..., userDataDir: C:\Users\hp\AppData\Local\T...}, fedcm:accounts: true, goog:chromeOptions: {debuggerAddress: localhost:60162}, networkConnectionEnabled: false, pageLoadStrategy: normal, platformName: windows, proxy: Proxy(), se:cdp: ws://localhost:60162/devtoo..., se:cdpVersion: 131.0.6778.205, setWindowRect: true, strictFileInteractability: false, timeouts: {implicit: 0, pageLoad: 300000, script: 30000}, unhandledPromptBehavior: dismiss and notify, webauthn:extension:credBlob: true, webauthn:extension:largeBlob: true, webauthn:extension:minPinLength: true, webauthn:extension:prf: true, webauthn:virtualAuthenticators: true}
Element: [[ChromeDriver: chrome on windows (1e1e41758adafb187918b84f9fd82869)] -> xpath: //input[@id='amount-max']]
Session ID: 1e1e41758adafb187918b84f9fd82869
	at java.base/jdk.internal.reflect.DirectConstructorHandleAccessor.newInstance(DirectConstructorHandleAccessor.java:62)
	at java.base/java.lang.reflect.Constructor.newInstanceWithCaller(Constructor.java:502)
	at java.base/java.lang.reflect.Constructor.newInstance(Constructor.java:486)
	at org.openqa.selenium.remote.ErrorCodec.decode(ErrorCodec.java:167)
	at org.openqa.selenium.remote.codec.w3c.W3CHttpResponseCodec.decode(W3CHttpResponseCodec.java:138)
	at org.openqa.selenium.remote.codec.w3c.W3CHttpResponseCodec.decode(W3CHttpResponseCodec.java:50)
	at org.openqa.selenium.remote.HttpCommandExecutor.execute(HttpCommandExecutor.java:190)
	at org.openqa.selenium.remote.service.DriverCommandExecutor.invokeExecute(DriverCommandExecutor.java:216)
	at org.openqa.selenium.remote.service.DriverCommandExecutor.execute(DriverCommandExecutor.java:174)
	at org.openqa.selenium.remote.RemoteWebDriver.execute(RemoteWebDriver.java:545)
	at org.openqa.selenium.remote.RemoteWebElement.execute(RemoteWebElement.java:223)
	at org.openqa.selenium.remote.RemoteWebElement.sendKeys(RemoteWebElement.java:110)
	at net.serenitybdd.core.pages.WebElementFacadeImpl.lambda$type$2(WebElementFacadeImpl.java:746)
	at net.serenitybdd.core.pages.WithRetries.perform(WithRetries.java:22)
	at net.serenitybdd.core.pages.WebElementFacadeImpl.type(WebElementFacadeImpl.java:744)
	at pages.FilterPage.enterMaxPrice(FilterPage.java:44)
	at pages.FilterPage$ByteBuddy$reTOd0KI.enterMaxPrice$accessor$cqNuMrcC(Unknown Source)
	at java.base/jdk.internal.reflect.DirectMethodHandleAccessor.invoke(DirectMethodHandleAccessor.java:103)
	at java.base/java.lang.reflect.Method.invoke(Method.java:580)
	at net.thucydides.core.steps.BaseMethodRunner.invokeMethod(BaseMethodRunner.java:18)
	at net.thucydides.core.steps.NormalMethodRunner.invokeMethodAndNotifyFailures(NormalMethodRunner.java:18)
	at net.thucydides.core.steps.StepInterceptor.runNormalMethod(StepInterceptor.java:425)
	at net.thucydides.core.steps.StepInterceptor.testStepResult(StepInterceptor.java:200)
	at net.thucydides.core.steps.StepInterceptor.intercept(StepInterceptor.java:93)
	at net.thucydides.core.steps.ProxyConfiguration$InterceptorDispatcher.intercept(ProxyConfiguration.java:51)
	at pages.FilterPage$ByteBuddy$reTOd0KI.enterMaxPrice(Unknown Source)
	at steps.FilterSteps.userAppliesMultipleFilters(FilterSteps.java:69)
	at ✽.User applies category "Computers", price range "2000" to "5000", and offer "10% or More"(file:///D:/L4/L4S1/ITQA/IT-Quality-Assurance-Assignment/IT-Quality-Assurance-Assignment-UI-Testing/src/test/resources/features/filter.feature:25)
&amp#27;[0m
  &amp#27;[36mThen &amp#27;[0m&amp#27;[36mProducts should be filtered by all specified criteria&amp#27;[0m                                    &amp#27;[90m# steps.FilterSteps.productsShouldBeFilteredByAllCriteria()&amp#27;[0m
10:41:37.630 [main] ERROR  -- 
  _____   ___   ___   _____     ___   ___   ___    ___    ___ 
 |_   _| | __| / __| |_   _|   | __| | _ \ | _ \  / _ \  | _ \
   | |   | _|  \__ \   | |     | _|  |   / |   / | (_) | |   /
   |_|   |___| |___/   |_|     |___| |_|_\ |_|_\  \___/  |_|_\

Combine Multiple Filters
---------------------------------------------------------------
10:41:37.631 [main] DEBUG  -- RELATED ISSUES: 
10:41:37.631 [main] ERROR  --     Test failed at step: Enter max price: 5000
10:41:37.631 [main] ERROR  --     stale element reference: stale element not found
]]></system-out>
    <system-err><![CDATA[Jan 02, 2025 10:41:23 AM org.openqa.selenium.devtools.CdpVersionFinder findNearestMatch
WARNING: Unable to find an exact match for CDP version 131, returning the closest version; found: 130; Please update to a Selenium version that supports CDP version 131
]]></system-err>
  </testcase>
  <testcase name="Filter by Sorting option" classname="Product Filtering" time="33.486">
    <error message="Expected condition failed: waiting for presence of element located by: By.xpath: //select[@class=&apos;form-select&apos;] (tried for 20 second(s) with 500 milliseconds interval)" type="org.openqa.selenium.TimeoutException"><![CDATA[org.openqa.selenium.TimeoutException: Expected condition failed: waiting for presence of element located by: By.xpath: //select[@class='form-select'] (tried for 20 second(s) with 500 milliseconds interval)
	at org.openqa.selenium.support.ui.WebDriverWait.timeoutException(WebDriverWait.java:84)
	at org.openqa.selenium.support.ui.FluentWait.until(FluentWait.java:228)
	at pages.FilterPage.waitForElement(FilterPage.java:35)
	at pages.FilterPage$ByteBuddy$reTOd0KI.waitForElement$accessor$cqNuMrcC(Unknown Source)
	at java.base/java.lang.reflect.Method.invoke(Method.java:580)
	at net.thucydides.core.steps.BaseMethodRunner.invokeMethod(BaseMethodRunner.java:18)
	at net.thucydides.core.steps.NormalMethodRunner.invokeMethodAndNotifyFailures(NormalMethodRunner.java:18)
	at net.thucydides.core.steps.StepInterceptor.runNormalMethod(StepInterceptor.java:425)
	at net.thucydides.core.steps.StepInterceptor.testStepResult(StepInterceptor.java:200)
	at net.thucydides.core.steps.StepInterceptor.intercept(StepInterceptor.java:93)
	at net.thucydides.core.steps.ProxyConfiguration$InterceptorDispatcher.intercept(ProxyConfiguration.java:51)
	at pages.FilterPage$ByteBuddy$reTOd0KI.waitForElement(Unknown Source)
	at pages.FilterPage.selectSortOption(FilterPage.java:61)
	at pages.FilterPage$ByteBuddy$reTOd0KI.selectSortOption$accessor$cqNuMrcC(Unknown Source)
	at java.base/java.lang.reflect.Method.invoke(Method.java:580)
	at net.thucydides.core.steps.BaseMethodRunner.invokeMethod(BaseMethodRunner.java:18)
	at net.thucydides.core.steps.NormalMethodRunner.invokeMethodAndNotifyFailures(NormalMethodRunner.java:18)
	at net.thucydides.core.steps.StepInterceptor.runNormalMethod(StepInterceptor.java:425)
	at net.thucydides.core.steps.StepInterceptor.testStepResult(StepInterceptor.java:200)
	at net.thucydides.core.steps.StepInterceptor.intercept(StepInterceptor.java:93)
	at net.thucydides.core.steps.ProxyConfiguration$InterceptorDispatcher.intercept(ProxyConfiguration.java:51)
	at pages.FilterPage$ByteBuddy$reTOd0KI.selectSortOption(Unknown Source)
	at steps.FilterSteps.userSortsBy(FilterSteps.java:81)
	at ✽.User sorts by "Price - Low to High"(file:///D:/L4/L4S1/ITQA/IT-Quality-Assurance-Assignment/IT-Quality-Assurance-Assignment-UI-Testing/src/test/resources/features/filter.feature:30)
Caused by: org.openqa.selenium.NoSuchElementException: no such element: Unable to locate element: {"method":"xpath","selector":"//select[@class='form-select']"}
  (Session info: chrome=131.0.6778.205)
For documentation on this error, please visit: https://www.selenium.dev/documentation/webdriver/troubleshooting/errors#no-such-element-exception
Build info: version: '4.26.0', revision: '8ccf0219d7'
System info: os.name: 'Windows 10', os.arch: 'amd64', os.version: '10.0', java.version: '21.0.5'
Driver info: org.openqa.selenium.chrome.ChromeDriver
Command: [21d2c568857812d55860ba5642643029, findElement {value=//select[@class='form-select'], using=xpath}]
Capabilities {acceptInsecureCerts: false, browserName: chrome, browserVersion: 131.0.6778.205, chrome: {chromedriverVersion: 131.0.6778.204 (52183f9e99a..., userDataDir: C:\Users\hp\AppData\Local\T...}, fedcm:accounts: true, goog:chromeOptions: {debuggerAddress: localhost:60238}, networkConnectionEnabled: false, pageLoadStrategy: normal, platformName: windows, proxy: Proxy(), se:cdp: ws://localhost:60238/devtoo..., se:cdpVersion: 131.0.6778.205, setWindowRect: true, strictFileInteractability: false, timeouts: {implicit: 0, pageLoad: 300000, script: 30000}, unhandledPromptBehavior: dismiss and notify, webauthn:extension:credBlob: true, webauthn:extension:largeBlob: true, webauthn:extension:minPinLength: true, webauthn:extension:prf: true, webauthn:virtualAuthenticators: true}
Session ID: 21d2c568857812d55860ba5642643029
	at java.base/java.lang.reflect.Constructor.newInstanceWithCaller(Constructor.java:502)
	at java.base/java.lang.reflect.Constructor.newInstance(Constructor.java:486)
	at org.openqa.selenium.remote.ErrorCodec.decode(ErrorCodec.java:167)
	at org.openqa.selenium.remote.codec.w3c.W3CHttpResponseCodec.decode(W3CHttpResponseCodec.java:138)
	at org.openqa.selenium.remote.codec.w3c.W3CHttpResponseCodec.decode(W3CHttpResponseCodec.java:50)
	at org.openqa.selenium.remote.HttpCommandExecutor.execute(HttpCommandExecutor.java:190)
	at org.openqa.selenium.remote.service.DriverCommandExecutor.invokeExecute(DriverCommandExecutor.java:216)
	at org.openqa.selenium.remote.service.DriverCommandExecutor.execute(DriverCommandExecutor.java:174)
	at org.openqa.selenium.remote.RemoteWebDriver.execute(RemoteWebDriver.java:545)
	at org.openqa.selenium.remote.ElementLocation$ElementFinder$2.findElement(ElementLocation.java:165)
	at org.openqa.selenium.remote.ElementLocation.findElement(ElementLocation.java:59)
	at org.openqa.selenium.remote.RemoteWebDriver.findElement(RemoteWebDriver.java:368)
	at org.openqa.selenium.remote.RemoteWebDriver.findElement(RemoteWebDriver.java:362)
	at net.thucydides.core.webdriver.WebDriverFacade.findElement(WebDriverFacade.java:271)
	at org.openqa.selenium.support.ui.ExpectedConditions$6.apply(ExpectedConditions.java:171)
	at org.openqa.selenium.support.ui.ExpectedConditions$6.apply(ExpectedConditions.java:168)
	at org.openqa.selenium.support.ui.FluentWait.until(FluentWait.java:203)
	at pages.FilterPage.waitForElement(FilterPage.java:35)
	at pages.FilterPage$ByteBuddy$reTOd0KI.waitForElement$accessor$cqNuMrcC(Unknown Source)
	at java.base/java.lang.reflect.Method.invoke(Method.java:580)
	at net.thucydides.core.steps.BaseMethodRunner.invokeMethod(BaseMethodRunner.java:18)
	at net.thucydides.core.steps.NormalMethodRunner.invokeMethodAndNotifyFailures(NormalMethodRunner.java:18)
	at net.thucydides.core.steps.StepInterceptor.runNormalMethod(StepInterceptor.java:425)
	at net.thucydides.core.steps.StepInterceptor.testStepResult(StepInterceptor.java:200)
	at net.thucydides.core.steps.StepInterceptor.intercept(StepInterceptor.java:93)
	at net.thucydides.core.steps.ProxyConfiguration$InterceptorDispatcher.intercept(ProxyConfiguration.java:51)
	at pages.FilterPage$ByteBuddy$reTOd0KI.waitForElement(Unknown Source)
	at pages.FilterPage.selectSortOption(FilterPage.java:61)
	at pages.FilterPage$ByteBuddy$reTOd0KI.selectSortOption$accessor$cqNuMrcC(Unknown Source)
	at java.base/java.lang.reflect.Method.invoke(Method.java:580)
	at net.thucydides.core.steps.BaseMethodRunner.invokeMethod(BaseMethodRunner.java:18)
	at net.thucydides.core.steps.NormalMethodRunner.invokeMethodAndNotifyFailures(NormalMethodRunner.java:18)
	at net.thucydides.core.steps.StepInterceptor.runNormalMethod(StepInterceptor.java:425)
	at net.thucydides.core.steps.StepInterceptor.testStepResult(StepInterceptor.java:200)
	at net.thucydides.core.steps.StepInterceptor.intercept(StepInterceptor.java:93)
	at net.thucydides.core.steps.ProxyConfiguration$InterceptorDispatcher.intercept(ProxyConfiguration.java:51)
	at pages.FilterPage$ByteBuddy$reTOd0KI.selectSortOption(Unknown Source)
	at steps.FilterSteps.userSortsBy(FilterSteps.java:81)
	at java.base/java.lang.reflect.Method.invoke(Method.java:580)
	at io.cucumber.java.Invoker.doInvoke(Invoker.java:66)
	at io.cucumber.java.Invoker.invoke(Invoker.java:24)
	at io.cucumber.java.AbstractGlueDefinition.invokeMethod(AbstractGlueDefinition.java:47)
	at io.cucumber.java.JavaStepDefinition.execute(JavaStepDefinition.java:29)
	at io.cucumber.core.runner.CoreStepDefinition.execute(CoreStepDefinition.java:66)
	at io.cucumber.core.runner.PickleStepDefinitionMatch.runStep(PickleStepDefinitionMatch.java:62)
	at io.cucumber.core.runner.ExecutionMode$1.execute(ExecutionMode.java:10)
	at io.cucumber.core.runner.TestStep.executeStep(TestStep.java:81)
	at io.cucumber.core.runner.TestStep.run(TestStep.java:53)
	at io.cucumber.core.runner.PickleStepTestStep.run(PickleStepTestStep.java:51)
	at io.cucumber.core.runner.TestCase.run(TestCase.java:84)
	at io.cucumber.core.runner.Runner.runPickle(Runner.java:75)
	at io.cucumber.junit.PickleRunners$NoStepDescriptions.lambda$run$0(PickleRunners.java:151)
	at io.cucumber.core.runtime.CucumberExecutionContext.lambda$runTestCase$5(CucumberExecutionContext.java:136)
	at io.cucumber.core.runtime.RethrowingThrowableCollector.executeAndThrow(RethrowingThrowableCollector.java:23)
	at io.cucumber.core.runtime.CucumberExecutionContext.runTestCase(CucumberExecutionContext.java:136)
	at io.cucumber.junit.PickleRunners$NoStepDescriptions.run(PickleRunners.java:148)
	at io.cucumber.junit.FeatureRunner.runChild(FeatureRunner.java:144)
	at io.cucumber.junit.FeatureRunner.runChild(FeatureRunner.java:28)
	at io.cucumber.junit.FeatureRunner.run(FeatureRunner.java:137)
	at io.cucumber.junit.CucumberSerenityBaseRunner.runChild(CucumberSerenityBaseRunner.java:330)
	at io.cucumber.junit.CucumberSerenityBaseRunner.runChild(CucumberSerenityBaseRunner.java:51)
	at io.cucumber.junit.CucumberSerenityBaseRunner$RunCucumber.evaluate(CucumberSerenityBaseRunner.java:361)
]]></error>
    <system-out><![CDATA[
Scenario: Filter by Sorting option                               &amp#27;[90m# src/test/resources/features/filter.feature:28&amp#27;[0m
10:41:39.547 [main] DEBUG io.cucumber.core.plugin.SerenityReporter -- Running feature from file:///D:/L4/L4S1/ITQA/IT-Quality-Assurance-Assignment/IT-Quality-Assurance-Assignment-UI-Testing/src/test/resources/features/filter.feature
10:41:39.547 [main] INFO  -- 
  _____   ___   ___   _____     ___   _____     _     ___   _____   ___   ___  
 |_   _| | __| / __| |_   _|   / __| |_   _|   /_\   | _ \ |_   _| | __| |   \ 
   | |   | _|  \__ \   | |     \__ \   | |    / _ \  |   /   | |   | _|  | |) |
   |_|   |___| |___/   |_|     |___/   |_|   /_/ \_\ |_|_\   |_|   |___| |___/ 

Filter by Sorting option(product-filtering;filter-by-sorting-option)
--------------------------------------------------------------------------------
10:41:39.596 [main] INFO net.serenitybdd.core.webdriver.driverproviders.ChromeDriverProvider -- Starting Chrome driver instance with capabilities:
10:41:39.596 [main] INFO net.serenitybdd.core.webdriver.driverproviders.ChromeDriverProvider -- Capabilities {acceptInsecureCerts: false, browserName: chrome, goog:chromeOptions: {args: [remote-allow-origins=*], extensions: []}}
  &amp#27;[32mGiven &amp#27;[0m&amp#27;[32mUser is on the product page&amp#27;[0m                              &amp#27;[90m# steps.FilterSteps.userIsOnTheProductPage()&amp#27;[0m
10:41:52.493 [main] DEBUG net.serenitybdd.core.photography.Darkroom -- Send negative for processing for D:\L4\L4S1\ITQA\IT-Quality-Assurance-Assignment\IT-Quality-Assurance-Assignment-UI-Testing\target\site\serenity\c128c7ea616ef4763a06b118c759d518d0c89e504e9e2f212457cffc5571abc3.png
10:41:52.494 [Darkroom Processing Line] DEBUG net.serenitybdd.core.photography.DarkroomProcessingLine -- Processing screenshot image in /var/screenshots/screenshot-7580641657942296774
10:41:52.494 [Darkroom Processing Line] DEBUG net.serenitybdd.core.photography.DarkroomProcessingLine -- Saving screenshot to D:\L4\L4S1\ITQA\IT-Quality-Assurance-Assignment\IT-Quality-Assurance-Assignment-UI-Testing\target\site\serenity\c128c7ea616ef4763a06b118c759d518d0c89e504e9e2f212457cffc5571abc3.png
10:42:12.659 [main] DEBUG net.serenitybdd.core.photography.Darkroom -- Send negative for processing for D:\L4\L4S1\ITQA\IT-Quality-Assurance-Assignment\IT-Quality-Assurance-Assignment-UI-Testing\target\site\serenity\962b12f421988061311d2195eca758acccdc88123f2925cc373e5a845acc57ce.png
10:42:12.659 [Darkroom Processing Line] DEBUG net.serenitybdd.core.photography.DarkroomProcessingLine -- Processing screenshot image in /var/screenshots/screenshot-4170652240957017407
10:42:12.659 [Darkroom Processing Line] DEBUG net.serenitybdd.core.photography.DarkroomProcessingLine -- Saving screenshot to D:\L4\L4S1\ITQA\IT-Quality-Assurance-Assignment\IT-Quality-Assurance-Assignment-UI-Testing\target\site\serenity\962b12f421988061311d2195eca758acccdc88123f2925cc373e5a845acc57ce.png
  &amp#27;[31mWhen &amp#27;[0m&amp#27;[31mUser sorts by &amp#27;[0m&amp#27;[31m&amp#27;[1m"Price - Low to High"&amp#27;[0m                       &amp#27;[90m# steps.FilterSteps.userSortsBy(java.lang.String)&amp#27;[0m
      &amp#27;[31morg.openqa.selenium.TimeoutException: Expected condition failed: waiting for presence of element located by: By.xpath: //select[@class='form-select'] (tried for 20 second(s) with 500 milliseconds interval)
	at org.openqa.selenium.support.ui.WebDriverWait.timeoutException(WebDriverWait.java:84)
	at org.openqa.selenium.support.ui.FluentWait.until(FluentWait.java:228)
	at pages.FilterPage.waitForElement(FilterPage.java:35)
	at pages.FilterPage$ByteBuddy$reTOd0KI.waitForElement$accessor$cqNuMrcC(Unknown Source)
	at java.base/jdk.internal.reflect.DirectMethodHandleAccessor.invoke(DirectMethodHandleAccessor.java:103)
	at java.base/java.lang.reflect.Method.invoke(Method.java:580)
	at net.thucydides.core.steps.BaseMethodRunner.invokeMethod(BaseMethodRunner.java:18)
	at net.thucydides.core.steps.NormalMethodRunner.invokeMethodAndNotifyFailures(NormalMethodRunner.java:18)
	at net.thucydides.core.steps.StepInterceptor.runNormalMethod(StepInterceptor.java:425)
	at net.thucydides.core.steps.StepInterceptor.testStepResult(StepInterceptor.java:200)
	at net.thucydides.core.steps.StepInterceptor.intercept(StepInterceptor.java:93)
	at net.thucydides.core.steps.ProxyConfiguration$InterceptorDispatcher.intercept(ProxyConfiguration.java:51)
	at pages.FilterPage$ByteBuddy$reTOd0KI.waitForElement(Unknown Source)
	at pages.FilterPage.selectSortOption(FilterPage.java:61)
	at pages.FilterPage$ByteBuddy$reTOd0KI.selectSortOption$accessor$cqNuMrcC(Unknown Source)
	at java.base/jdk.internal.reflect.DirectMethodHandleAccessor.invoke(DirectMethodHandleAccessor.java:103)
	at java.base/java.lang.reflect.Method.invoke(Method.java:580)
	at net.thucydides.core.steps.BaseMethodRunner.invokeMethod(BaseMethodRunner.java:18)
	at net.thucydides.core.steps.NormalMethodRunner.invokeMethodAndNotifyFailures(NormalMethodRunner.java:18)
	at net.thucydides.core.steps.StepInterceptor.runNormalMethod(StepInterceptor.java:425)
	at net.thucydides.core.steps.StepInterceptor.testStepResult(StepInterceptor.java:200)
	at net.thucydides.core.steps.StepInterceptor.intercept(StepInterceptor.java:93)
	at net.thucydides.core.steps.ProxyConfiguration$InterceptorDispatcher.intercept(ProxyConfiguration.java:51)
	at pages.FilterPage$ByteBuddy$reTOd0KI.selectSortOption(Unknown Source)
	at steps.FilterSteps.userSortsBy(FilterSteps.java:81)
	at ✽.User sorts by "Price - Low to High"(file:///D:/L4/L4S1/ITQA/IT-Quality-Assurance-Assignment/IT-Quality-Assurance-Assignment-UI-Testing/src/test/resources/features/filter.feature:30)
Caused by: org.openqa.selenium.NoSuchElementException: no such element: Unable to locate element: {"method":"xpath","selector":"//select[@class='form-select']"}
  (Session info: chrome=131.0.6778.205)
For documentation on this error, please visit: https://www.selenium.dev/documentation/webdriver/troubleshooting/errors#no-such-element-exception
Build info: version: '4.26.0', revision: '8ccf0219d7'
System info: os.name: 'Windows 10', os.arch: 'amd64', os.version: '10.0', java.version: '21.0.5'
Driver info: org.openqa.selenium.chrome.ChromeDriver
Command: [21d2c568857812d55860ba5642643029, findElement {value=//select[@class='form-select'], using=xpath}]
Capabilities {acceptInsecureCerts: false, browserName: chrome, browserVersion: 131.0.6778.205, chrome: {chromedriverVersion: 131.0.6778.204 (52183f9e99a..., userDataDir: C:\Users\hp\AppData\Local\T...}, fedcm:accounts: true, goog:chromeOptions: {debuggerAddress: localhost:60238}, networkConnectionEnabled: false, pageLoadStrategy: normal, platformName: windows, proxy: Proxy(), se:cdp: ws://localhost:60238/devtoo..., se:cdpVersion: 131.0.6778.205, setWindowRect: true, strictFileInteractability: false, timeouts: {implicit: 0, pageLoad: 300000, script: 30000}, unhandledPromptBehavior: dismiss and notify, webauthn:extension:credBlob: true, webauthn:extension:largeBlob: true, webauthn:extension:minPinLength: true, webauthn:extension:prf: true, webauthn:virtualAuthenticators: true}
Session ID: 21d2c568857812d55860ba5642643029
	at java.base/jdk.internal.reflect.DirectConstructorHandleAccessor.newInstance(DirectConstructorHandleAccessor.java:62)
	at java.base/java.lang.reflect.Constructor.newInstanceWithCaller(Constructor.java:502)
	at java.base/java.lang.reflect.Constructor.newInstance(Constructor.java:486)
	at org.openqa.selenium.remote.ErrorCodec.decode(ErrorCodec.java:167)
	at org.openqa.selenium.remote.codec.w3c.W3CHttpResponseCodec.decode(W3CHttpResponseCodec.java:138)
	at org.openqa.selenium.remote.codec.w3c.W3CHttpResponseCodec.decode(W3CHttpResponseCodec.java:50)
	at org.openqa.selenium.remote.HttpCommandExecutor.execute(HttpCommandExecutor.java:190)
	at org.openqa.selenium.remote.service.DriverCommandExecutor.invokeExecute(DriverCommandExecutor.java:216)
	at org.openqa.selenium.remote.service.DriverCommandExecutor.execute(DriverCommandExecutor.java:174)
	at org.openqa.selenium.remote.RemoteWebDriver.execute(RemoteWebDriver.java:545)
	at org.openqa.selenium.remote.ElementLocation$ElementFinder$2.findElement(ElementLocation.java:165)
	at org.openqa.selenium.remote.ElementLocation.findElement(ElementLocation.java:59)
	at org.openqa.selenium.remote.RemoteWebDriver.findElement(RemoteWebDriver.java:368)
	at org.openqa.selenium.remote.RemoteWebDriver.findElement(RemoteWebDriver.java:362)
	at net.thucydides.core.webdriver.WebDriverFacade.findElement(WebDriverFacade.java:271)
	at org.openqa.selenium.support.ui.ExpectedConditions$6.apply(ExpectedConditions.java:171)
	at org.openqa.selenium.support.ui.ExpectedConditions$6.apply(ExpectedConditions.java:168)
	at org.openqa.selenium.support.ui.FluentWait.until(FluentWait.java:203)
	at pages.FilterPage.waitForElement(FilterPage.java:35)
	at pages.FilterPage$ByteBuddy$reTOd0KI.waitForElement$accessor$cqNuMrcC(Unknown Source)
	at java.base/jdk.internal.reflect.DirectMethodHandleAccessor.invoke(DirectMethodHandleAccessor.java:103)
	at java.base/java.lang.reflect.Method.invoke(Method.java:580)
	at net.thucydides.core.steps.BaseMethodRunner.invokeMethod(BaseMethodRunner.java:18)
	at net.thucydides.core.steps.NormalMethodRunner.invokeMethodAndNotifyFailures(NormalMethodRunner.java:18)
	at net.thucydides.core.steps.StepInterceptor.runNormalMethod(StepInterceptor.java:425)
	at net.thucydides.core.steps.StepInterceptor.testStepResult(StepInterceptor.java:200)
	at net.thucydides.core.steps.StepInterceptor.intercept(StepInterceptor.java:93)
	at net.thucydides.core.steps.ProxyConfiguration$InterceptorDispatcher.intercept(ProxyConfiguration.java:51)
	at pages.FilterPage$ByteBuddy$reTOd0KI.waitForElement(Unknown Source)
	at pages.FilterPage.selectSortOption(FilterPage.java:61)
	at pages.FilterPage$ByteBuddy$reTOd0KI.selectSortOption$accessor$cqNuMrcC(Unknown Source)
	at java.base/jdk.internal.reflect.DirectMethodHandleAccessor.invoke(DirectMethodHandleAccessor.java:103)
	at java.base/java.lang.reflect.Method.invoke(Method.java:580)
	at net.thucydides.core.steps.BaseMethodRunner.invokeMethod(BaseMethodRunner.java:18)
	at net.thucydides.core.steps.NormalMethodRunner.invokeMethodAndNotifyFailures(NormalMethodRunner.java:18)
	at net.thucydides.core.steps.StepInterceptor.runNormalMethod(StepInterceptor.java:425)
	at net.thucydides.core.steps.StepInterceptor.testStepResult(StepInterceptor.java:200)
	at net.thucydides.core.steps.StepInterceptor.intercept(StepInterceptor.java:93)
	at net.thucydides.core.steps.ProxyConfiguration$InterceptorDispatcher.intercept(ProxyConfiguration.java:51)
	at pages.FilterPage$ByteBuddy$reTOd0KI.selectSortOption(Unknown Source)
	at steps.FilterSteps.userSortsBy(FilterSteps.java:81)
	at java.base/jdk.internal.reflect.DirectMethodHandleAccessor.invoke(DirectMethodHandleAccessor.java:103)
	at java.base/java.lang.reflect.Method.invoke(Method.java:580)
	at io.cucumber.java.Invoker.doInvoke(Invoker.java:66)
	at io.cucumber.java.Invoker.invoke(Invoker.java:24)
	at io.cucumber.java.AbstractGlueDefinition.invokeMethod(AbstractGlueDefinition.java:47)
	at io.cucumber.java.JavaStepDefinition.execute(JavaStepDefinition.java:29)
	at io.cucumber.core.runner.CoreStepDefinition.execute(CoreStepDefinition.java:66)
	at io.cucumber.core.runner.PickleStepDefinitionMatch.runStep(PickleStepDefinitionMatch.java:62)
	at io.cucumber.core.runner.ExecutionMode$1.execute(ExecutionMode.java:10)
	at io.cucumber.core.runner.TestStep.executeStep(TestStep.java:81)
	at io.cucumber.core.runner.TestStep.run(TestStep.java:53)
	at io.cucumber.core.runner.PickleStepTestStep.run(PickleStepTestStep.java:51)
	at io.cucumber.core.runner.TestCase.run(TestCase.java:84)
	at io.cucumber.core.runner.Runner.runPickle(Runner.java:75)
	at io.cucumber.junit.PickleRunners$NoStepDescriptions.lambda$run$0(PickleRunners.java:151)
	at io.cucumber.core.runtime.CucumberExecutionContext.lambda$runTestCase$5(CucumberExecutionContext.java:136)
	at io.cucumber.core.runtime.RethrowingThrowableCollector.executeAndThrow(RethrowingThrowableCollector.java:23)
	at io.cucumber.core.runtime.CucumberExecutionContext.runTestCase(CucumberExecutionContext.java:136)
	at io.cucumber.junit.PickleRunners$NoStepDescriptions.run(PickleRunners.java:148)
	at io.cucumber.junit.FeatureRunner.runChild(FeatureRunner.java:144)
	at io.cucumber.junit.FeatureRunner.runChild(FeatureRunner.java:28)
	at org.junit.runners.ParentRunner$4.run(ParentRunner.java:331)
	at org.junit.runners.ParentRunner$1.schedule(ParentRunner.java:79)
	at org.junit.runners.ParentRunner.runChildren(ParentRunner.java:329)
	at org.junit.runners.ParentRunner.access$100(ParentRunner.java:66)
	at org.junit.runners.ParentRunner$2.evaluate(ParentRunner.java:293)
	at org.junit.runners.ParentRunner$3.evaluate(ParentRunner.java:306)
	at org.junit.runners.ParentRunner.run(ParentRunner.java:413)
	at io.cucumber.junit.FeatureRunner.run(FeatureRunner.java:137)
	at io.cucumber.junit.CucumberSerenityBaseRunner.runChild(CucumberSerenityBaseRunner.java:330)
	at io.cucumber.junit.CucumberSerenityBaseRunner.runChild(CucumberSerenityBaseRunner.java:51)
	at org.junit.runners.ParentRunner$4.run(ParentRunner.java:331)
	at org.junit.runners.ParentRunner$1.schedule(ParentRunner.java:79)
	at org.junit.runners.ParentRunner.runChildren(ParentRunner.java:329)
	at org.junit.runners.ParentRunner.access$100(ParentRunner.java:66)
	at org.junit.runners.ParentRunner$2.evaluate(ParentRunner.java:293)
	at io.cucumber.junit.CucumberSerenityBaseRunner$RunCucumber.evaluate(CucumberSerenityBaseRunner.java:361)
	at org.junit.runners.ParentRunner$3.evaluate(ParentRunner.java:306)
	at org.junit.runners.ParentRunner.run(ParentRunner.java:413)
	at org.junit.runner.JUnitCore.run(JUnitCore.java:137)
	at org.junit.runner.JUnitCore.run(JUnitCore.java:115)
	at org.junit.vintage.engine.execution.RunnerExecutor.execute(RunnerExecutor.java:42)
	at org.junit.vintage.engine.VintageTestEngine.executeAllChildren(VintageTestEngine.java:80)
	at org.junit.vintage.engine.VintageTestEngine.execute(VintageTestEngine.java:72)
	at org.junit.platform.launcher.core.EngineExecutionOrchestrator.execute(EngineExecutionOrchestrator.java:198)
	at org.junit.platform.launcher.core.EngineExecutionOrchestrator.execute(EngineExecutionOrchestrator.java:169)
	at org.junit.platform.launcher.core.EngineExecutionOrchestrator.execute(EngineExecutionOrchestrator.java:93)
	at org.junit.platform.launcher.core.EngineExecutionOrchestrator.lambda$execute$0(EngineExecutionOrchestrator.java:58)
	at org.junit.platform.launcher.core.EngineExecutionOrchestrator.withInterceptedStreams(EngineExecutionOrchestrator.java:141)
	at org.junit.platform.launcher.core.EngineExecutionOrchestrator.execute(EngineExecutionOrchestrator.java:57)
	at org.junit.platform.launcher.core.DefaultLauncher.execute(DefaultLauncher.java:103)
	at org.junit.platform.launcher.core.DefaultLauncher.execute(DefaultLauncher.java:85)
	at org.junit.platform.launcher.core.DelegatingLauncher.execute(DelegatingLauncher.java:47)
	at org.apache.maven.surefire.junitplatform.LazyLauncher.execute(LazyLauncher.java:56)
	at org.apache.maven.surefire.junitplatform.JUnitPlatformProvider.execute(JUnitPlatformProvider.java:184)
	at org.apache.maven.surefire.junitplatform.JUnitPlatformProvider.invokeAllTests(JUnitPlatformProvider.java:148)
	at org.apache.maven.surefire.junitplatform.JUnitPlatformProvider.invoke(JUnitPlatformProvider.java:122)
	at org.apache.maven.surefire.booter.ForkedBooter.runSuitesInProcess(ForkedBooter.java:385)
	at org.apache.maven.surefire.booter.ForkedBooter.execute(ForkedBooter.java:162)
	at org.apache.maven.surefire.booter.ForkedBooter.run(ForkedBooter.java:507)
	at org.apache.maven.surefire.booter.ForkedBooter.main(ForkedBooter.java:495)
&amp#27;[0m
  &amp#27;[36mThen &amp#27;[0m&amp#27;[36mproducts should be sorted in &amp#27;[0m&amp#27;[36m&amp#27;[1m"Price - Low to High"&amp#27;[0m&amp#27;[36m order.&amp#27;[0m &amp#27;[90m# steps.FilterSteps.productsShouldBeSortedIn(java.lang.String)&amp#27;[0m
10:42:12.777 [main] ERROR  -- 
  _____   ___   ___   _____     ___   ___   ___    ___    ___ 
 |_   _| | __| / __| |_   _|   | __| | _ \ | _ \  / _ \  | _ \
[...]
   |_|   |___| |___/   |_|     |_|   |___| |_|\_| |___/  |___| |_|\_|  \___|

Clear all filters
-----------------------------------------------------------------------------
]]></system-out>
    <system-err><![CDATA[Jan 02, 2025 10:42:13 AM org.openqa.selenium.devtools.CdpVersionFinder findNearestMatch
WARNING: Unable to find an exact match for CDP version 131, returning the closest version; found: 130; Please update to a Selenium version that supports CDP version 131
]]></system-err>
  </testcase>
  <testcase name="Searching for a single product" classname="Search Functionality on UI-Testing" time="27.592">
    <system-out><![CDATA[10:42:47.751 [main] DEBUG io.cucumber.core.plugin.SerenityReporter -- Running feature from file:///D:/L4/L4S1/ITQA/IT-Quality-Assurance-Assignment/IT-Quality-Assurance-Assignment-UI-Testing/src/test/resources/features/search.feature
10:42:47.752 [main] DEBUG net.thucydides.core.steps.StepEventBus -- Test suite started for story net.thucydides.model.domain.Story@3f4cb500
10:42:47.754 [main] INFO  -- Test Suite Started: Search Functionality on UI-Testing

Scenario: Searching for a single product               &amp#27;[90m# src/test/resources/features/search.feature:3&amp#27;[0m
10:42:47.763 [main] DEBUG io.cucumber.core.plugin.SerenityReporter -- Running feature from file:///D:/L4/L4S1/ITQA/IT-Quality-Assurance-Assignment/IT-Quality-Assurance-Assignment-UI-Testing/src/test/resources/features/search.feature
10:42:47.764 [main] INFO  -- 
  _____   ___   ___   _____     ___   _____     _     ___   _____   ___   ___  
 |_   _| | __| / __| |_   _|   / __| |_   _|   /_\   | _ \ |_   _| | __| |   \ 
   | |   | _|  \__ \   | |     \__ \   | |    / _ \  |   /   | |   | _|  | |) |
   |_|   |___| |___/   |_|     |___/   |_|   /_/ \_\ |_|_\   |_|   |___| |___/ 

Searching for a single product(search-functionality-on-ui-testing;searching-for-a-single-product)
--------------------------------------------------------------------------------
10:42:47.975 [main] INFO net.serenitybdd.core.webdriver.driverproviders.ChromeDriverProvider -- Starting Chrome driver instance with capabilities:
10:42:47.975 [main] INFO net.serenitybdd.core.webdriver.driverproviders.ChromeDriverProvider -- Capabilities {acceptInsecureCerts: false, browserName: chrome, goog:chromeOptions: {args: [remote-allow-origins=*], extensions: []}}
  &amp#27;[32mGiven &amp#27;[0m&amp#27;[32mI open the homepage&amp#27;[0m                            &amp#27;[90m# steps.SearchSteps.openHomePage()&amp#27;[0m
10:43:10.022 [main] DEBUG net.serenitybdd.core.photography.Darkroom -- Opening darkroom
10:43:10.023 [Darkroom Processing Line] DEBUG net.serenitybdd.core.photography.DarkroomProcessingLine -- Darkroom processing line starting up
10:43:10.271 [main] DEBUG net.serenitybdd.core.photography.Darkroom -- Send negative for processing for D:\L4\L4S1\ITQA\IT-Quality-Assurance-Assignment\IT-Quality-Assurance-Assignment-UI-Testing\target\site\serenity\512704c126e1c606cc65d80a653b63bb9fd181bc4116fe7996de8376216b41a1.png
10:43:10.272 [Darkroom Processing Line] DEBUG net.serenitybdd.core.photography.DarkroomProcessingLine -- Processing screenshot image in /var/screenshots/screenshot-4044718601561970906
10:43:10.273 [Darkroom Processing Line] DEBUG net.serenitybdd.core.photography.DarkroomProcessingLine -- Saving screenshot to D:\L4\L4S1\ITQA\IT-Quality-Assurance-Assignment\IT-Quality-Assurance-Assignment-UI-Testing\target\site\serenity\512704c126e1c606cc65d80a653b63bb9fd181bc4116fe7996de8376216b41a1.png
  &amp#27;[32mWhen &amp#27;[0m&amp#27;[32mI search for &amp#27;[0m&amp#27;[32m&amp#27;[1m"laptop"&amp#27;[0m                           &amp#27;[90m# steps.SearchSteps.searchFor(java.lang.String)&amp#27;[0m
10:43:15.001 [main] DEBUG net.serenitybdd.core.photography.Darkroom -- Send negative for processing for D:\L4\L4S1\ITQA\IT-Quality-Assurance-Assignment\IT-Quality-Assurance-Assignment-UI-Testing\target\site\serenity\a7435afa2ebd2714a4cdf673e1f41710b3b599acfc0a1d9ca7e13e140a51de2b.png
10:43:15.001 [Darkroom Processing Line] DEBUG net.serenitybdd.core.photography.DarkroomProcessingLine -- Processing screenshot image in /var/screenshots/screenshot-8530690850376201331
10:43:15.001 [Darkroom Processing Line] DEBUG net.serenitybdd.core.photography.DarkroomProcessingLine -- Saving screenshot to D:\L4\L4S1\ITQA\IT-Quality-Assurance-Assignment\IT-Quality-Assurance-Assignment-UI-Testing\target\site\serenity\a7435afa2ebd2714a4cdf673e1f41710b3b599acfc0a1d9ca7e13e140a51de2b.png
  &amp#27;[32mThen &amp#27;[0m&amp#27;[32mI should see search results related to &amp#27;[0m&amp#27;[32m&amp#27;[1m"laptop"&amp#27;[0m &amp#27;[90m# steps.SearchSteps.seeResults(java.lang.String)&amp#27;[0m
10:43:15.201 [main] DEBUG net.serenitybdd.core.photography.Darkroom -- Send negative for processing for D:\L4\L4S1\ITQA\IT-Quality-Assurance-Assignment\IT-Quality-Assurance-Assignment-UI-Testing\target\site\serenity\a7435afa2ebd2714a4cdf673e1f41710b3b599acfc0a1d9ca7e13e140a51de2b.png
10:43:15.202 [main] INFO  -- 
  _____   ___   ___   _____     ___     _     ___   ___   ___   ___  
 |_   _| | __| / __| |_   _|   | _ \   /_\   / __| / __| | __| |   \ 
   | |   | _|  \__ \   | |     |  _/  / _ \  \__ \ \__ \ | _|  | |) |
   |_|   |___| |___/   |_|     |_|   /_/ \_\ |___/ |___/ |___| |___/ 

Searching for a single product
----------------------------------------------------------------------
]]></system-out>
    <system-err><![CDATA[Jan 02, 2025 10:42:48 AM org.openqa.selenium.devtools.CdpVersionFinder findNearestMatch
WARNING: Unable to find an exact match for CDP version 131, returning the closest version; found: 130; Please update to a Selenium version that supports CDP version 131
]]></system-err>
  </testcase>
  <testcase name="Searching for a product with multiple keywords" classname="Search Functionality on UI-Testing" time="19.91">
    <system-out><![CDATA[
Scenario: Searching for a product with multiple keywords      &amp#27;[90m# src/test/resources/features/search.feature:8&amp#27;[0m
10:43:15.356 [main] DEBUG io.cucumber.core.plugin.SerenityReporter -- Running feature from file:///D:/L4/L4S1/ITQA/IT-Quality-Assurance-Assignment/IT-Quality-Assurance-Assignment-UI-Testing/src/test/resources/features/search.feature
10:43:15.357 [main] INFO  -- 
  _____   ___   ___   _____     ___   _____     _     ___   _____   ___   ___  
 |_   _| | __| / __| |_   _|   / __| |_   _|   /_\   | _ \ |_   _| | __| |   \ 
   | |   | _|  \__ \   | |     \__ \   | |    / _ \  |   /   | |   | _|  | |) |
   |_|   |___| |___/   |_|     |___/   |_|   /_/ \_\ |_|_\   |_|   |___| |___/ 

Searching for a product with multiple keywords(search-functionality-on-ui-testing;searching-for-a-product-with-multiple-keywords)
--------------------------------------------------------------------------------
10:43:15.416 [main] INFO net.serenitybdd.core.webdriver.driverproviders.ChromeDriverProvider -- Starting Chrome driver instance with capabilities:
10:43:15.416 [main] INFO net.serenitybdd.core.webdriver.driverproviders.ChromeDriverProvider -- Capabilities {acceptInsecureCerts: false, browserName: chrome, goog:chromeOptions: {args: [remote-allow-origins=*], extensions: []}}
  &amp#27;[32mGiven &amp#27;[0m&amp#27;[32mI open the homepage&amp#27;[0m                                   &amp#27;[90m# steps.SearchSteps.openHomePage()&amp#27;[0m
10:43:27.530 [main] DEBUG net.serenitybdd.core.photography.Darkroom -- Send negative for processing for D:\L4\L4S1\ITQA\IT-Quality-Assurance-Assignment\IT-Quality-Assurance-Assignment-UI-Testing\target\site\serenity\512704c126e1c606cc65d80a653b63bb9fd181bc4116fe7996de8376216b41a1.png
  &amp#27;[32mWhen &amp#27;[0m&amp#27;[32mI search for &amp#27;[0m&amp#27;[32m&amp#27;[1m"gaming laptop"&amp#27;[0m                           &amp#27;[90m# steps.SearchSteps.searchFor(java.lang.String)&amp#27;[0m
10:43:34.885 [main] DEBUG net.serenitybdd.core.photography.Darkroom -- Send negative for processing for D:\L4\L4S1\ITQA\IT-Quality-Assurance-Assignment\IT-Quality-Assurance-Assignment-UI-Testing\target\site\serenity\a64c679ef88c996e18d507cf489b8a9c74669ddb27d25b4d73df1f862ee13e13.png
10:43:34.886 [Darkroom Processing Line] DEBUG net.serenitybdd.core.photography.DarkroomProcessingLine -- Processing screenshot image in /var/screenshots/screenshot-17274301465412123681
10:43:34.886 [Darkroom Processing Line] DEBUG net.serenitybdd.core.photography.DarkroomProcessingLine -- Saving screenshot to D:\L4\L4S1\ITQA\IT-Quality-Assurance-Assignment\IT-Quality-Assurance-Assignment-UI-Testing\target\site\serenity\a64c679ef88c996e18d507cf489b8a9c74669ddb27d25b4d73df1f862ee13e13.png
  &amp#27;[32mThen &amp#27;[0m&amp#27;[32mI should see search results related to &amp#27;[0m&amp#27;[32m&amp#27;[1m"gaming laptop"&amp#27;[0m &amp#27;[90m# steps.SearchSteps.seeResults(java.lang.String)&amp#27;[0m
10:43:35.083 [main] DEBUG net.serenitybdd.core.photography.Darkroom -- Send negative for processing for D:\L4\L4S1\ITQA\IT-Quality-Assurance-Assignment\IT-Quality-Assurance-Assignment-UI-Testing\target\site\serenity\a64c679ef88c996e18d507cf489b8a9c74669ddb27d25b4d73df1f862ee13e13.png
10:43:35.084 [main] INFO  -- 
  _____   ___   ___   _____     ___     _     ___   ___   ___   ___  
 |_   _| | __| / __| |_   _|   | _ \   /_\   / __| / __| | __| |   \ 
   | |   | _|  \__ \   | |     |  _/  / _ \  \__ \ \__ \ | _|  | |) |
   |_|   |___| |___/   |_|     |_|   /_/ \_\ |___/ |___/ |___| |___/ 

Searching for a product with multiple keywords
----------------------------------------------------------------------
]]></system-out>
    <system-err><![CDATA[Jan 02, 2025 10:43:16 AM org.openqa.selenium.devtools.CdpVersionFinder findNearestMatch
WARNING: Unable to find an exact match for CDP version 131, returning the closest version; found: 130; Please update to a Selenium version that supports CDP version 131
]]></system-err>
  </testcase>
  <testcase name="Searching for a product with special characters" classname="Search Functionality on UI-Testing" time="13.909">
    <system-out><![CDATA[
Scenario: Searching for a product with special characters             &amp#27;[90m# src/test/resources/features/search.feature:13&amp#27;[0m
10:43:35.265 [main] DEBUG io.cucumber.core.plugin.SerenityReporter -- Running feature from file:///D:/L4/L4S1/ITQA/IT-Quality-Assurance-Assignment/IT-Quality-Assurance-Assignment-UI-Testing/src/test/resources/features/search.feature
10:43:35.266 [main] INFO  -- 
  _____   ___   ___   _____     ___   _____     _     ___   _____   ___   ___  
 |_   _| | __| / __| |_   _|   / __| |_   _|   /_\   | _ \ |_   _| | __| |   \ 
   | |   | _|  \__ \   | |     \__ \   | |    / _ \  |   /   | |   | _|  | |) |
   |_|   |___| |___/   |_|     |___/   |_|   /_/ \_\ |_|_\   |_|   |___| |___/ 

Searching for a product with special characters(search-functionality-on-ui-testing;searching-for-a-product-with-special-characters)
--------------------------------------------------------------------------------
10:43:35.342 [main] INFO net.serenitybdd.core.webdriver.driverproviders.ChromeDriverProvider -- Starting Chrome driver instance with capabilities:
10:43:35.342 [main] INFO net.serenitybdd.core.webdriver.driverproviders.ChromeDriverProvider -- Capabilities {acceptInsecureCerts: false, browserName: chrome, goog:chromeOptions: {args: [remote-allow-origins=*], extensions: []}}
  &amp#27;[32mGiven &amp#27;[0m&amp#27;[32mI open the homepage&amp#27;[0m                                           &amp#27;[90m# steps.SearchSteps.openHomePage()&amp#27;[0m
10:43:46.750 [main] DEBUG net.serenitybdd.core.photography.Darkroom -- Send negative for processing for D:\L4\L4S1\ITQA\IT-Quality-Assurance-Assignment\IT-Quality-Assurance-Assignment-UI-Testing\target\site\serenity\5548d9336f27232cb166cbd433544ed181eb7e6095acf4a1c4bb783e99333199.png
10:43:46.750 [Darkroom Processing Line] DEBUG net.serenitybdd.core.photography.DarkroomProcessingLine -- Processing screenshot image in /var/screenshots/screenshot-7780206111038175601
10:43:46.750 [Darkroom Processing Line] DEBUG net.serenitybdd.core.photography.DarkroomProcessingLine -- Saving screenshot to D:\L4\L4S1\ITQA\IT-Quality-Assurance-Assignment\IT-Quality-Assurance-Assignment-UI-Testing\target\site\serenity\5548d9336f27232cb166cbd433544ed181eb7e6095acf4a1c4bb783e99333199.png
  &amp#27;[32mWhen &amp#27;[0m&amp#27;[32mI search for &amp#27;[0m&amp#27;[32m&amp#27;[1m"laptop - 2022 edition"&amp#27;[0m                           &amp#27;[90m# steps.SearchSteps.searchFor(java.lang.String)&amp#27;[0m
10:43:48.954 [main] DEBUG net.serenitybdd.core.photography.Darkroom -- Send negative for processing for D:\L4\L4S1\ITQA\IT-Quality-Assurance-Assignment\IT-Quality-Assurance-Assignment-UI-Testing\target\site\serenity\870e651830154c8ad7918b3a34fbbf82f3bc8e429d4d92b4163593d2b6ba2840.png
10:43:48.955 [Darkroom Processing Line] DEBUG net.serenitybdd.core.photography.DarkroomProcessingLine -- Processing screenshot image in /var/screenshots/screenshot-3719019570434909124
10:43:48.956 [Darkroom Processing Line] DEBUG net.serenitybdd.core.photography.DarkroomProcessingLine -- Saving screenshot to D:\L4\L4S1\ITQA\IT-Quality-Assurance-Assignment\IT-Quality-Assurance-Assignment-UI-Testing\target\site\serenity\870e651830154c8ad7918b3a34fbbf82f3bc8e429d4d92b4163593d2b6ba2840.png
  &amp#27;[32mThen &amp#27;[0m&amp#27;[32mI should see search results related to &amp#27;[0m&amp#27;[32m&amp#27;[1m"laptop - 2022 edition"&amp#27;[0m &amp#27;[90m# steps.SearchSteps.seeResults(java.lang.String)&amp#27;[0m
10:43:48.997 [main] INFO  -- 
  _____   ___   ___   _____     ___     _     ___   ___   ___   ___  
 |_   _| | __| / __| |_   _|   | _ \   /_\   / __| / __| | __| |   \ 
   | |   | _|  \__ \   | |     |  _/  / _ \  \__ \ \__ \ | _|  | |) |
   |_|   |___| |___/   |_|     |_|   /_/ \_\ |___/ |___/ |___| |___/ 

Searching for a product with special characters
----------------------------------------------------------------------
]]></system-out>
    <system-err><![CDATA[Jan 02, 2025 10:43:36 AM org.openqa.selenium.devtools.CdpVersionFinder findNearestMatch
WARNING: Unable to find an exact match for CDP version 131, returning the closest version; found: 130; Please update to a Selenium version that supports CDP version 131
]]></system-err>
  </testcase>
  <testcase name="Searching for a non-existent product" classname="Search Functionality on UI-Testing" time="43.441">
    <failure type="java.lang.AssertionError"><![CDATA[java.lang.AssertionError
	at steps.SearchSteps.verifyNoResults(SearchSteps.java:35)
	at ✽.I should see a message indicating no search results were found(file:///D:/L4/L4S1/ITQA/IT-Quality-Assurance-Assignment/IT-Quality-Assurance-Assignment-UI-Testing/src/test/resources/features/search.feature:21)
]]></failure>
    <system-out><![CDATA[
Scenario: Searching for a non-existent product                        &amp#27;[90m# src/test/resources/features/search.feature:18&amp#27;[0m
10:43:49.176 [main] DEBUG io.cucumber.core.plugin.SerenityReporter -- Running feature from file:///D:/L4/L4S1/ITQA/IT-Quality-Assurance-Assignment/IT-Quality-Assurance-Assignment-UI-Testing/src/test/resources/features/search.feature
10:43:49.177 [main] INFO  -- 
  _____   ___   ___   _____     ___   _____     _     ___   _____   ___   ___  
 |_   _| | __| / __| |_   _|   / __| |_   _|   /_\   | _ \ |_   _| | __| |   \ 
   | |   | _|  \__ \   | |     \__ \   | |    / _ \  |   /   | |   | _|  | |) |
   |_|   |___| |___/   |_|     |___/   |_|   /_/ \_\ |_|_\   |_|   |___| |___/ 

Searching for a non-existent product(search-functionality-on-ui-testing;searching-for-a-non-existent-product)
--------------------------------------------------------------------------------
10:43:49.227 [main] INFO net.serenitybdd.core.webdriver.driverproviders.ChromeDriverProvider -- Starting Chrome driver instance with capabilities:
10:43:49.228 [main] INFO net.serenitybdd.core.webdriver.driverproviders.ChromeDriverProvider -- Capabilities {acceptInsecureCerts: false, browserName: chrome, goog:chromeOptions: {args: [remote-allow-origins=*], extensions: []}}
  &amp#27;[32mGiven &amp#27;[0m&amp#27;[32mI open the homepage&amp#27;[0m                                           &amp#27;[90m# steps.SearchSteps.openHomePage()&amp#27;[0m
10:44:27.135 [main] DEBUG net.serenitybdd.core.photography.Darkroom -- Send negative for processing for D:\L4\L4S1\ITQA\IT-Quality-Assurance-Assignment\IT-Quality-Assurance-Assignment-UI-Testing\target\site\serenity\7b70bf6077a67c59868423158b5031be039298534372a90ab2578a1f823849b4.png
10:44:27.135 [Darkroom Processing Line] DEBUG net.serenitybdd.core.photography.DarkroomProcessingLine -- Processing screenshot image in /var/screenshots/screenshot-4061401969062073341
10:44:27.135 [Darkroom Processing Line] DEBUG net.serenitybdd.core.photography.DarkroomProcessingLine -- Saving screenshot to D:\L4\L4S1\ITQA\IT-Quality-Assurance-Assignment\IT-Quality-Assurance-Assignment-UI-Testing\target\site\serenity\7b70bf6077a67c59868423158b5031be039298534372a90ab2578a1f823849b4.png
  &amp#27;[32mWhen &amp#27;[0m&amp#27;[32mI search for &amp#27;[0m&amp#27;[32m&amp#27;[1m"xyz123nonexistentproduct"&amp#27;[0m                        &amp#27;[90m# steps.SearchSteps.searchFor(java.lang.String)&amp#27;[0m
10:44:30.172 [main] DEBUG net.serenitybdd.core.photography.Darkroom -- Send negative for processing for D:\L4\L4S1\ITQA\IT-Quality-Assurance-Assignment\IT-Quality-Assurance-Assignment-UI-Testing\target\site\serenity\ac7fce124792d1a9f343efc7e33ee6f4c0aa60b41d2e4a8e96b583071418154f.png
10:44:30.173 [Darkroom Processing Line] DEBUG net.serenitybdd.core.photography.DarkroomProcessingLine -- Processing screenshot image in /var/screenshots/screenshot-9086211408957540607
10:44:30.173 [Darkroom Processing Line] DEBUG net.serenitybdd.core.photography.DarkroomProcessingLine -- Saving screenshot to D:\L4\L4S1\ITQA\IT-Quality-Assurance-Assignment\IT-Quality-Assurance-Assignment-UI-Testing\target\site\serenity\ac7fce124792d1a9f343efc7e33ee6f4c0aa60b41d2e4a8e96b583071418154f.png
  &amp#27;[31mThen &amp#27;[0m&amp#27;[31mI should see a message indicating no search results were found&amp#27;[0m &amp#27;[90m# steps.SearchSteps.verifyNoResults()&amp#27;[0m
      &amp#27;[31mjava.lang.AssertionError
	at org.junit.Assert.fail(Assert.java:87)
	at org.junit.Assert.assertTrue(Assert.java:42)
	at org.junit.Assert.assertTrue(Assert.java:53)
	at steps.SearchSteps.verifyNoResults(SearchSteps.java:35)
	at ✽.I should see a message indicating no search results were found(file:///D:/L4/L4S1/ITQA/IT-Quality-Assurance-Assignment/IT-Quality-Assurance-Assignment-UI-Testing/src/test/resources/features/search.feature:21)
&amp#27;[0m
10:44:32.301 [main] DEBUG net.serenitybdd.core.photography.Darkroom -- Send negative for processing for D:\L4\L4S1\ITQA\IT-Quality-Assurance-Assignment\IT-Quality-Assurance-Assignment-UI-Testing\target\site\serenity\ac7fce124792d1a9f343efc7e33ee6f4c0aa60b41d2e4a8e96b583071418154f.png
10:44:32.387 [main] ERROR  -- 
  _____   ___   ___   _____     ___     _     ___   _      ___   ___  
 |_   _| | __| / __| |_   _|   | __|   /_\   |_ _| | |    | __| |   \ 
   | |   | _|  \__ \   | |     | _|   / _ \   | |  | |__  | _|  | |) |
   |_|   |___| |___/   |_|     |_|   /_/ \_\ |___| |____| |___| |___/ 

Searching for a non-existent product
-----------------------------------------------------------------------
10:44:32.387 [main] DEBUG  -- RELATED ISSUES: 
10:44:32.388 [main] ERROR  --     Test failed at step: Then I should see a message indicating no search results were found
10:44:32.388 [main] ERROR  --     
]]></system-out>
    <system-err><![CDATA[Jan 02, 2025 10:43:50 AM org.openqa.selenium.devtools.CdpVersionFinder findNearestMatch
WARNING: Unable to find an exact match for CDP version 131, returning the closest version; found: 130; Please update to a Selenium version that supports CDP version 131
]]></system-err>
  </testcase>
</testsuite>